<Event>
  <System>
    <Provider Name="Microsoft-Windows-Sysmon" Guid="{5770385f-c22a-43e0-bf4c-06f5698ffbd9}"/>
    <EventID>1</EventID>
    <Version>5</Version>
    <Level>4</Level>
    <Task>1</Task>
    <Opcode>0</Opcode>
    <Keywords>0x8000000000000000</Keywords>
    <TimeCreated SystemTime="2026-07-11T08:42:33.2828735Z"/>
    <EventRecordID>420070</EventRecordID>
    <Correlation/>
    <Execution ProcessID="3688" ThreadID="3924"/>
    <Channel>Microsoft-Windows-Sysmon/Operational</Channel>
    <Computer>WIN10-WKS-017.corp.local</Computer>
    <Security UserID="S-1-5-18"/>
  </System>
  <EventData>
    <Data Name="RuleName">-</Data>
    <Data Name="UtcTime">2026-07-11 08:42:33.214</Data>
    <Data Name="ProcessGuid">{4b5f1a2e-0045-668e-1200-000000004b00}</Data>
    <Data Name="ProcessId">1950</Data>
    <Data Name="Image">C:\Windows\System32\mshta.exe</Data>
    <Data Name="FileVersion">10.0.19041.1 (WinBuild.160101.0800)</Data>
    <Data Name="Description">HTML Application Host</Data>
    <Data Name="Product">Microsoft(R) Windows(R) Operating System</Data>
    <Data Name="Company">Microsoft Corporation</Data>
    <Data Name="OriginalFileName">MSHTA.EXE</Data>
    <Data Name="CommandLine">"C:\Windows\System32\mshta.exe"</Data>
    <Data Name="CurrentDirectory">C:\Users\SYSTEM\</Data>
    <Data Name="User">NT AUTHORITY\SYSTEM</Data>
    <Data Name="LogonGuid">{4b5f1a2e-3b41-668e-2f6e-0a0000000000}</Data>
    <Data Name="LogonId">0x6e2f6e</Data>
    <Data Name="TerminalSessionId">1</Data>
    <Data Name="IntegrityLevel">Medium</Data>
    <Data Name="Hashes">SHA256=5F24DDCDFC016B0A60077B943C952199EAD4AFB6</Data>
    <Data Name="ParentProcessGuid">{4b5f1a2e-3c9c-668e-0f00-000000004b00}</Data>
    <Data Name="ParentProcessId">1077</Data>
    <Data Name="ParentImage">C:\Windows\System32\svchost.exe</Data>
    <Data Name="ParentCommandLine">"C:\Windows\System32\svchost.exe" </Data>
    <Data Name="ParentUser">NT AUTHORITY\SYSTEM</Data>
  </EventData>
</Event>
<Event>
  <System>
    <Provider Name="Microsoft-Windows-Sysmon" Guid="{5770385f-c22a-43e0-bf4c-06f5698ffbd9}"/>
    <EventID>1</EventID>
    <Version>5</Version>
    <Level>4</Level>
    <Task>1</Task>
    <Opcode>0</Opcode>
    <Keywords>0x8000000000000000</Keywords>
    <TimeCreated SystemTime="2026-07-11T08:43:10.8466346Z"/>
    <EventRecordID>420071</EventRecordID>
    <Correlation/>
    <Execution ProcessID="3688" ThreadID="3924"/>
    <Channel>Microsoft-Windows-Sysmon/Operational</Channel>
    <Computer>WIN10-WKS-042.corp.local</Computer>
    <Security UserID="S-1-5-18"/>
  </System>
  <EventData>
    <Data Name="RuleName">-</Data>
    <Data Name="UtcTime">2026-07-11 08:43:10.603</Data>
    <Data Name="ProcessGuid">{4b5f1a2e-0046-668e-1200-000000004b00}</Data>
    <Data Name="ProcessId">3149</Data>
    <Data Name="Image">C:\Windows\System32\WindowsPowerShell\v1.0\powershell.exe</Data>
    <Data Name="FileVersion">10.0.19041.1 (WinBuild.160101.0800)</Data>
    <Data Name="Description">Windows PowerShell</Data>
    <Data Name="Product">Microsoft(R) Windows(R) Operating System</Data>
    <Data Name="Company">Microsoft Corporation</Data>
    <Data Name="OriginalFileName">PowerShell.EXE</Data>
    <Data Name="CommandLine">PowerShell.EXE /arg70</Data>
    <Data Name="CurrentDirectory">C:\Users\jsmith\</Data>
    <Data Name="User">CORP\jsmith</Data>
    <Data Name="LogonGuid">{4b5f1a2e-3b41-668e-2f6e-0a0000000000}</Data>
    <Data Name="LogonId">0x6e2f6e</Data>
    <Data Name="TerminalSessionId">1</Data>
    <Data Name="IntegrityLevel">Medium</Data>
    <Data Name="Hashes">SHA256=53B1C8113013DEC38F4609D384D33933F6686BD9</Data>
    <Data Name="ParentProcessGuid">{4b5f1a2e-3c9c-668e-0f00-000000004b00}</Data>
    <Data Name="ParentProcessId">4460</Data>
    <Data Name="ParentImage">C:\Windows\System32\rundll32.exe</Data>
    <Data Name="ParentCommandLine">"C:\Windows\System32\rundll32.exe" </Data>
    <Data Name="ParentUser">CORP\jsmith</Data>
  </EventData>
</Event>
<Event>
  <System>
    <Provider Name="Microsoft-Windows-Sysmon" Guid="{5770385f-c22a-43e0-bf4c-06f5698ffbd9}"/>
    <EventID>1</EventID>
    <Version>5</Version>
    <Level>4</Level>
    <Task>1</Task>
    <Opcode>0</Opcode>
    <Keywords>0x8000000000000000</Keywords>
    <TimeCreated SystemTime="2026-07-11T08:43:47.1493219Z"/>
    <EventRecordID>420072</EventRecordID>
    <Correlation/>
    <Execution ProcessID="3688" ThreadID="3924"/>
    <Channel>Microsoft-Windows-Sysmon/Operational</Channel>
    <Computer>WIN10-WKS-042.corp.local</Computer>
    <Security UserID="S-1-5-18"/>
  </System>
  <EventData>
    <Data Name="RuleName">-</Data>
    <Data Name="UtcTime">2026-07-11 08:43:47.013</Data>
    <Data Name="ProcessGuid">{4b5f1a2e-0047-668e-1200-000000004b00}</Data>
    <Data Name="ProcessId">8875</Data>
    <Data Name="Image">C:\Windows\System32\WindowsPowerShell\v1.0\powershell.exe</Data>
    <Data Name="FileVersion">10.0.19041.1 (WinBuild.160101.0800)</Data>
    <Data Name="Description">Windows PowerShell</Data>
    <Data Name="Product">Microsoft(R) Windows(R) Operating System</Data>
    <Data Name="Company">Microsoft Corporation</Data>
    <Data Name="OriginalFileName">PowerShell.EXE</Data>
    <Data Name="CommandLine">"C:\Windows\System32\WindowsPowerShell\v1.0\powershell.exe"</Data>
    <Data Name="CurrentDirectory">C:\Users\ltefera\</Data>
    <Data Name="User">CORP\ltefera</Data>
    <Data Name="LogonGuid">{4b5f1a2e-3b41-668e-2f6e-0a0000000000}</Data>
    <Data Name="LogonId">0x6e2f6e</Data>
    <Data Name="TerminalSessionId">1</Data>
    <Data Name="IntegrityLevel">System</Data>
    <Data Name="Hashes">SHA256=3F422387E98E13519BAD331045ABE82BA53CCE8C</Data>
    <Data Name="ParentProcessGuid">{4b5f1a2e-3c9c-668e-0f00-000000004b00}</Data>
    <Data Name="ParentProcessId">6416</Data>
    <Data Name="ParentImage">C:\Windows\System32\whoami.exe</Data>
    <Data Name="ParentCommandLine">"C:\Windows\System32\whoami.exe" </Data>
    <Data Name="ParentUser">CORP\ltefera</Data>
  </EventData>
</Event>
<Event>
  <System>
    <Provider Name="Microsoft-Windows-Sysmon" Guid="{5770385f-c22a-43e0-bf4c-06f5698ffbd9}"/>
    <EventID>1</EventID>
    <Version>5</Version>
    <Level>4</Level>
    <Task>1</Task>
    <Opcode>0</Opcode>
    <Keywords>0x8000000000000000</Keywords>
    <TimeCreated SystemTime="2026-07-11T08:44:24.2674211Z"/>
    <EventRecordID>420073</EventRecordID>
    <Correlation/>
    <Execution ProcessID="3688" ThreadID="3924"/>
    <Channel>Microsoft-Windows-Sysmon/Operational</Channel>
    <Computer>WIN10-WKS-042.corp.local</Computer>
    <Security UserID="S-1-5-18"/>
  </System>
  <EventData>
    <Data Name="RuleName">-</Data>
    <Data Name="UtcTime">2026-07-11 08:44:24.864</Data>
    <Data Name="ProcessGuid">{4b5f1a2e-0048-668e-1200-000000004b00}</Data>
    <Data Name="ProcessId">3171</Data>
    <Data Name="Image">C:\Windows\System32\mshta.exe</Data>
    <Data Name="FileVersion">10.0.19041.1 (WinBuild.160101.0800)</Data>
    <Data Name="Description">HTML Application Host</Data>
    <Data Name="Product">Microsoft(R) Windows(R) Operating System</Data>
    <Data Name="Company">Microsoft Corporation</Data>
    <Data Name="OriginalFileName">MSHTA.EXE</Data>
    <Data Name="CommandLine">MSHTA.EXE /arg72</Data>
    <Data Name="CurrentDirectory">C:\Users\SYSTEM\</Data>
    <Data Name="User">NT AUTHORITY\SYSTEM</Data>
    <Data Name="LogonGuid">{4b5f1a2e-3b41-668e-2f6e-0a0000000000}</Data>
    <Data Name="LogonId">0x6e2f6e</Data>
    <Data Name="TerminalSessionId">1</Data>
    <Data Name="IntegrityLevel">Medium</Data>
    <Data Name="Hashes">SHA256=3DFE5CB04FF3DE128A07A3D7FBC4105FF52FA7A8</Data>
    <Data Name="ParentProcessGuid">{4b5f1a2e-3c9c-668e-0f00-000000004b00}</Data>
    <Data Name="ParentProcessId">1960</Data>
    <Data Name="ParentImage">C:\Windows\System32\rundll32.exe</Data>
    <Data Name="ParentCommandLine">"C:\Windows\System32\rundll32.exe" </Data>
    <Data Name="ParentUser">NT AUTHORITY\SYSTEM</Data>
  </EventData>
</Event>
<Event>
  <System>
    <Provider Name="Microsoft-Windows-Sysmon" Guid="{5770385f-c22a-43e0-bf4c-06f5698ffbd9}"/>
    <EventID>1</EventID>
    <Version>5</Version>
    <Level>4</Level>
    <Task>1</Task>
    <Opcode>0</Opcode>
    <Keywords>0x8000000000000000</Keywords>
    <TimeCreated SystemTime="2026-07-11T08:45:01.9613930Z"/>
    <EventRecordID>420074</EventRecordID>
    <Correlation/>
    <Execution ProcessID="3688" ThreadID="3924"/>
    <Channel>Microsoft-Windows-Sysmon/Operational</Channel>
    <Computer>WIN10-WKS-017.corp.local</Computer>
    <Security UserID="S-1-5-18"/>
  </System>
  <EventData>
    <Data Name="RuleName">-</Data>
    <Data Name="UtcTime">2026-07-11 08:45:01.820</Data>
    <Data Name="ProcessGuid">{4b5f1a2e-0049-668e-1200-000000004b00}</Data>
    <Data Name="ProcessId">4850</Data>
    <Data Name="Image">C:\Windows\System32\whoami.exe</Data>
    <Data Name="FileVersion">10.0.19041.1 (WinBuild.160101.0800)</Data>
    <Data Name="Description">whoami - displays logged on user information</Data>
    <Data Name="Product">Microsoft(R) Windows(R) Operating System</Data>
    <Data Name="Company">Microsoft Corporation</Data>
    <Data Name="OriginalFileName">whoami.exe</Data>
    <Data Name="CommandLine">"C:\Windows\System32\whoami.exe"</Data>
    <Data Name="CurrentDirectory">C:\Users\rjones\</Data>
    <Data Name="User">CORP\rjones</Data>
    <Data Name="LogonGuid">{4b5f1a2e-3b41-668e-2f6e-0a0000000000}</Data>
    <Data Name="LogonId">0x6e2f6e</Data>
    <Data Name="TerminalSessionId">1</Data>
    <Data Name="IntegrityLevel">System</Data>
    <Data Name="Hashes">SHA256=E2FEA3F03CD10296EAB17EAFBE3370AB9B315F4D</Data>
    <Data Name="ParentProcessGuid">{4b5f1a2e-3c9c-668e-0f00-000000004b00}</Data>
    <Data Name="ParentProcessId">2291</Data>
    <Data Name="ParentImage">C:\Windows\System32\wscript.exe</Data>
    <Data Name="ParentCommandLine">"C:\Windows\System32\wscript.exe" </Data>
    <Data Name="ParentUser">CORP\rjones</Data>
  </EventData>
</Event>
<Event>
  <System>
    <Provider Name="Microsoft-Windows-Sysmon" Guid="{5770385f-c22a-43e0-bf4c-06f5698ffbd9}"/>
    <EventID>1</EventID>
    <Version>5</Version>
    <Level>4</Level>
    <Task>1</Task>
    <Opcode>0</Opcode>
    <Keywords>0x8000000000000000</Keywords>
    <TimeCreated SystemTime="2026-07-11T08:45:38.3197381Z"/>
    <EventRecordID>420075</EventRecordID>
    <Correlation/>
    <Execution ProcessID="3688" ThreadID="3924"/>
    <Channel>Microsoft-Windows-Sysmon/Operational</Channel>
    <Computer>WIN10-WKS-042.corp.local</Computer>
    <Security UserID="S-1-5-18"/>
  </System>
  <EventData>
    <Data Name="RuleName">-</Data>
    <Data Name="UtcTime">2026-07-11 08:45:38.844</Data>
    <Data Name="ProcessGuid">{4b5f1a2e-004a-668e-1200-000000004b00}</Data>
    <Data Name="ProcessId">2978</Data>
    <Data Name="Image">C:\Windows\System32\cmd.exe</Data>
    <Data Name="FileVersion">10.0.19041.1 (WinBuild.160101.0800)</Data>
    <Data Name="Description">Windows Command Processor</Data>
    <Data Name="Product">Microsoft(R) Windows(R) Operating System</Data>
    <Data Name="Company">Microsoft Corporation</Data>
    <Data Name="OriginalFileName">Cmd.Exe</Data>
    <Data Name="CommandLine">"C:\Windows\System32\cmd.exe"</Data>
    <Data Name="CurrentDirectory">C:\Users\ltefera\</Data>
    <Data Name="User">CORP\ltefera</Data>
    <Data Name="LogonGuid">{4b5f1a2e-3b41-668e-2f6e-0a0000000000}</Data>
    <Data Name="LogonId">0x6e2f6e</Data>
    <Data Name="TerminalSessionId">1</Data>
    <Data Name="IntegrityLevel">Medium</Data>
    <Data Name="Hashes">SHA256=A3D13EE4F01DF5543CACD78CA9E44D9A6669B45A</Data>
    <Data Name="ParentProcessGuid">{4b5f1a2e-3c9c-668e-0f00-000000004b00}</Data>
    <Data Name="ParentProcessId">7437</Data>
    <Data Name="ParentImage">C:\Program Files\Google\Chrome\Application\chrome.exe</Data>
    <Data Name="ParentCommandLine">"C:\Program Files\Google\Chrome\Application\chrome.exe" </Data>
    <Data Name="ParentUser">CORP\ltefera</Data>
  </EventData>
</Event>
<Event>
  <System>
    <Provider Name="Microsoft-Windows-Sysmon" Guid="{5770385f-c22a-43e0-bf4c-06f5698ffbd9}"/>
    <EventID>1</EventID>
    <Version>5</Version>
    <Level>4</Level>
    <Task>1</Task>
    <Opcode>0</Opcode>
    <Keywords>0x8000000000000000</Keywords>
    <TimeCreated SystemTime="2026-07-11T08:46:15.7086467Z"/>
    <EventRecordID>420076</EventRecordID>
    <Correlation/>
    <Execution ProcessID="3688" ThreadID="3924"/>
    <Channel>Microsoft-Windows-Sysmon/Operational</Channel>
    <Computer>WIN11-WKS-103.corp.local</Computer>
    <Security UserID="S-1-5-18"/>
  </System>
  <EventData>
    <Data Name="RuleName">-</Data>
    <Data Name="UtcTime">2026-07-11 08:46:15.867</Data>
    <Data Name="ProcessGuid">{4b5f1a2e-004b-668e-1200-000000004b00}</Data>
    <Data Name="ProcessId">7839</Data>
    <Data Name="Image">C:\Windows\System32\cmd.exe</Data>
    <Data Name="FileVersion">10.0.19041.1 (WinBuild.160101.0800)</Data>
    <Data Name="Description">Windows Command Processor</Data>
    <Data Name="Product">Microsoft(R) Windows(R) Operating System</Data>
    <Data Name="Company">Microsoft Corporation</Data>
    <Data Name="OriginalFileName">Cmd.Exe</Data>
    <Data Name="CommandLine">"C:\Windows\System32\cmd.exe"</Data>
    <Data Name="CurrentDirectory">C:\Users\ltefera\</Data>
    <Data Name="User">CORP\ltefera</Data>
    <Data Name="LogonGuid">{4b5f1a2e-3b41-668e-2f6e-0a0000000000}</Data>
    <Data Name="LogonId">0x6e2f6e</Data>
    <Data Name="TerminalSessionId">1</Data>
    <Data Name="IntegrityLevel">System</Data>
    <Data Name="Hashes">SHA256=030C4116859841961BE37C791CCDA1086E7B669E</Data>
    <Data Name="ParentProcessGuid">{4b5f1a2e-3c9c-668e-0f00-000000004b00}</Data>
    <Data Name="ParentProcessId">9747</Data>
    <Data Name="ParentImage">C:\Windows\System32\svchost.exe</Data>
    <Data Name="ParentCommandLine">"C:\Windows\System32\svchost.exe" </Data>
    <Data Name="ParentUser">CORP\ltefera</Data>
  </EventData>
</Event>
<Event>
  <System>
    <Provider Name="Microsoft-Windows-Sysmon" Guid="{5770385f-c22a-43e0-bf4c-06f5698ffbd9}"/>
    <EventID>1</EventID>
    <Version>5</Version>
    <Level>4</Level>
    <Task>1</Task>
    <Opcode>0</Opcode>
    <Keywords>0x8000000000000000</Keywords>
    <TimeCreated SystemTime="2026-07-11T08:46:52.4682726Z"/>
    <EventRecordID>420077</EventRecordID>
    <Correlation/>
    <Execution ProcessID="3688" ThreadID="3924"/>
    <Channel>Microsoft-Windows-Sysmon/Operational</Channel>
    <Computer>WIN11-WKS-103.corp.local</Computer>
    <Security UserID="S-1-5-18"/>
  </System>
  <EventData>
    <Data Name="RuleName">-</Data>
    <Data Name="UtcTime">2026-07-11 08:46:52.438</Data>
    <Data Name="ProcessGuid">{4b5f1a2e-004c-668e-1200-000000004b00}</Data>
    <Data Name="ProcessId">9418</Data>
    <Data Name="Image">C:\Windows\System32\WindowsPowerShell\v1.0\powershell.exe</Data>
    <Data Name="FileVersion">10.0.19041.1 (WinBuild.160101.0800)</Data>
    <Data Name="Description">Windows PowerShell</Data>
    <Data Name="Product">Microsoft(R) Windows(R) Operating System</Data>
    <Data Name="Company">Microsoft Corporation</Data>
    <Data Name="OriginalFileName">PowerShell.EXE</Data>
    <Data Name="CommandLine">"C:\Windows\System32\WindowsPowerShell\v1.0\powershell.exe"</Data>
    <Data Name="CurrentDirectory">C:\Users\rjones\</Data>
    <Data Name="User">CORP\rjones</Data>
    <Data Name="LogonGuid">{4b5f1a2e-3b41-668e-2f6e-0a0000000000}</Data>
    <Data Name="LogonId">0x6e2f6e</Data>
    <Data Name="TerminalSessionId">1</Data>
    <Data Name="IntegrityLevel">Medium</Data>
    <Data Name="Hashes">SHA256=84580AE414A19FB2A7525DC2B76AAB96F03BE771</Data>
    <Data Name="ParentProcessGuid">{4b5f1a2e-3c9c-668e-0f00-000000004b00}</Data>
    <Data Name="ParentProcessId">2955</Data>
    <Data Name="ParentImage">C:\Windows\System32\cmd.exe</Data>
    <Data Name="ParentCommandLine">"C:\Windows\System32\cmd.exe" </Data>
    <Data Name="ParentUser">CORP\rjones</Data>
  </EventData>
</Event>
<Event>
  <System>
    <Provider Name="Microsoft-Windows-Sysmon" Guid="{5770385f-c22a-43e0-bf4c-06f5698ffbd9}"/>
    <EventID>1</EventID>
    <Version>5</Version>
    <Level>4</Level>
    <Task>1</Task>
    <Opcode>0</Opcode>
    <Keywords>0x8000000000000000</Keywords>
    <TimeCreated SystemTime="2026-07-11T08:47:29.8671603Z"/>
    <EventRecordID>420078</EventRecordID>
    <Correlation/>
    <Execution ProcessID="3688" ThreadID="3924"/>
    <Channel>Microsoft-Windows-Sysmon/Operational</Channel>
    <Computer>WIN10-WKS-017.corp.local</Computer>
    <Security UserID="S-1-5-18"/>
  </System>
  <EventData>
    <Data Name="RuleName">-</Data>
    <Data Name="UtcTime">2026-07-11 08:47:29.025</Data>
    <Data Name="ProcessGuid">{4b5f1a2e-004d-668e-1200-000000004b00}</Data>
    <Data Name="ProcessId">5203</Data>
    <Data Name="Image">C:\Windows\System32\svchost.exe</Data>
    <Data Name="FileVersion">10.0.19041.1 (WinBuild.160101.0800)</Data>
    <Data Name="Description">Host Process for Windows Services</Data>
    <Data Name="Product">Microsoft(R) Windows(R) Operating System</Data>
    <Data Name="Company">Microsoft Corporation</Data>
    <Data Name="OriginalFileName">svchost.exe</Data>
    <Data Name="CommandLine">svchost.exe /arg77</Data>
    <Data Name="CurrentDirectory">C:\Users\admin\</Data>
    <Data Name="User">CORP\admin</Data>
    <Data Name="LogonGuid">{4b5f1a2e-3b41-668e-2f6e-0a0000000000}</Data>
    <Data Name="LogonId">0x6e2f6e</Data>
    <Data Name="TerminalSessionId">1</Data>
    <Data Name="IntegrityLevel">High</Data>
    <Data Name="Hashes">SHA256=BEF196A2350266D36D240EA122158278DCECDA0C</Data>
    <Data Name="ParentProcessGuid">{4b5f1a2e-3c9c-668e-0f00-000000004b00}</Data>
    <Data Name="ParentProcessId">9851</Data>
    <Data Name="ParentImage">C:\Windows\System32\rundll32.exe</Data>
    <Data Name="ParentCommandLine">"C:\Windows\System32\rundll32.exe" </Data>
    <Data Name="ParentUser">CORP\admin</Data>
  </EventData>
</Event>
<Event>
  <System>
    <Provider Name="Microsoft-Windows-Sysmon" Guid="{5770385f-c22a-43e0-bf4c-06f5698ffbd9}"/>
    <EventID>1</EventID>
    <Version>5</Version>
    <Level>4</Level>
    <Task>1</Task>
    <Opcode>0</Opcode>
    <Keywords>0x8000000000000000</Keywords>
    <TimeCreated SystemTime="2026-07-11T08:48:06.1780658Z"/>
    <EventRecordID>420079</EventRecordID>
    <Correlation/>
    <Execution ProcessID="3688" ThreadID="3924"/>
    <Channel>Microsoft-Windows-Sysmon/Operational</Channel>
    <Computer>WIN11-WKS-103.corp.local</Computer>
    <Security UserID="S-1-5-18"/>
  </System>
  <EventData>
    <Data Name="RuleName">-</Data>
    <Data Name="UtcTime">2026-07-11 08:48:06.514</Data>
    <Data Name="ProcessGuid">{4b5f1a2e-004e-668e-1200-000000004b00}</Data>
    <Data Name="ProcessId">1745</Data>
    <Data Name="Image">C:\Windows\System32\cmd.exe</Data>
    <Data Name="FileVersion">10.0.19041.1 (WinBuild.160101.0800)</Data>
    <Data Name="Description">Windows Command Processor</Data>
    <Data Name="Product">Microsoft(R) Windows(R) Operating System</Data>
    <Data Name="Company">Microsoft Corporation</Data>
    <Data Name="OriginalFileName">Cmd.Exe</Data>
    <Data Name="CommandLine">"C:\Windows\System32\cmd.exe"</Data>
    <Data Name="CurrentDirectory">C:\Users\jsmith\</Data>
    <Data Name="User">CORP\jsmith</Data>
    <Data Name="LogonGuid">{4b5f1a2e-3b41-668e-2f6e-0a0000000000}</Data>
    <Data Name="LogonId">0x6e2f6e</Data>
    <Data Name="TerminalSessionId">1</Data>
    <Data Name="IntegrityLevel">High</Data>
    <Data Name="Hashes">SHA256=9929ECC0F574C949B04310C296B6D455786351E2</Data>
    <Data Name="ParentProcessGuid">{4b5f1a2e-3c9c-668e-0f00-000000004b00}</Data>
    <Data Name="ParentProcessId">2189</Data>
    <Data Name="ParentImage">C:\Windows\System32\wscript.exe</Data>
    <Data Name="ParentCommandLine">"C:\Windows\System32\wscript.exe" </Data>
    <Data Name="ParentUser">CORP\jsmith</Data>
  </EventData>
</Event>
<Event>
  <System>
    <Provider Name="Microsoft-Windows-Sysmon" Guid="{5770385f-c22a-43e0-bf4c-06f5698ffbd9}"/>
    <EventID>1</EventID>
    <Version>5</Version>
    <Level>4</Level>
    <Task>1</Task>
    <Opcode>0</Opcode>
    <Keywords>0x8000000000000000</Keywords>
    <TimeCreated SystemTime="2026-07-11T08:48:43.3934808Z"/>
    <EventRecordID>420080</EventRecordID>
    <Correlation/>
    <Execution ProcessID="3688" ThreadID="3924"/>
    <Channel>Microsoft-Windows-Sysmon/Operational</Channel>
    <Computer>WIN10-WKS-042.corp.local</Computer>
    <Security UserID="S-1-5-18"/>
  </System>
  <EventData>
    <Data Name="RuleName">-</Data>
    <Data Name="UtcTime">2026-07-11 08:48:43.687</Data>
    <Data Name="ProcessGuid">{4b5f1a2e-004f-668e-1200-000000004b00}</Data>
    <Data Name="ProcessId">8982</Data>
    <Data Name="Image">C:\Program Files\Google\Chrome\Application\chrome.exe</Data>
    <Data Name="FileVersion">10.0.19041.1 (WinBuild.160101.0800)</Data>
    <Data Name="Description">Google Chrome</Data>
    <Data Name="Product">Microsoft(R) Windows(R) Operating System</Data>
    <Data Name="Company">Microsoft Corporation</Data>
    <Data Name="OriginalFileName">chrome.exe</Data>
    <Data Name="CommandLine">"C:\Program Files\Google\Chrome\Application\chrome.exe"</Data>
    <Data Name="CurrentDirectory">C:\Users\agupta\</Data>
    <Data Name="User">CORP\agupta</Data>
    <Data Name="LogonGuid">{4b5f1a2e-3b41-668e-2f6e-0a0000000000}</Data>
    <Data Name="LogonId">0x6e2f6e</Data>
    <Data Name="TerminalSessionId">1</Data>
    <Data Name="IntegrityLevel">High</Data>
    <Data Name="Hashes">SHA256=3926AFEA94BAD50A77D8B4AFEEB9F35284682200</Data>
    <Data Name="ParentProcessGuid">{4b5f1a2e-3c9c-668e-0f00-000000004b00}</Data>
    <Data Name="ParentProcessId">6420</Data>
    <Data Name="ParentImage">C:\Windows\System32\cmd.exe</Data>
    <Data Name="ParentCommandLine">"C:\Windows\System32\cmd.exe" </Data>
    <Data Name="ParentUser">CORP\agupta</Data>
  </EventData>
</Event>
<Event>
  <System>
    <Provider Name="Microsoft-Windows-Sysmon" Guid="{5770385f-c22a-43e0-bf4c-06f5698ffbd9}"/>
    <EventID>1</EventID>
    <Version>5</Version>
    <Level>4</Level>
    <Task>1</Task>
    <Opcode>0</Opcode>
    <Keywords>0x8000000000000000</Keywords>
    <TimeCreated SystemTime="2026-07-11T08:49:20.7920589Z"/>
    <EventRecordID>420081</EventRecordID>
    <Correlation/>
    <Execution ProcessID="3688" ThreadID="3924"/>
    <Channel>Microsoft-Windows-Sysmon/Operational</Channel>
    <Computer>WIN10-WKS-042.corp.local</Computer>
    <Security UserID="S-1-5-18"/>
  </System>
  <EventData>
    <Data Name="RuleName">-</Data>
    <Data Name="UtcTime">2026-07-11 08:49:20.552</Data>
    <Data Name="ProcessGuid">{4b5f1a2e-0050-668e-1200-000000004b00}</Data>
    <Data Name="ProcessId">5269</Data>
    <Data Name="Image">C:\Windows\System32\certutil.exe</Data>
    <Data Name="FileVersion">10.0.19041.1 (WinBuild.160101.0800)</Data>
    <Data Name="Description">CertUtil Utility</Data>
    <Data Name="Product">Microsoft(R) Windows(R) Operating System</Data>
    <Data Name="Company">Microsoft Corporation</Data>
    <Data Name="OriginalFileName">CertUtil.exe</Data>
    <Data Name="CommandLine">CertUtil.exe /arg80</Data>
    <Data Name="CurrentDirectory">C:\Users\mkim\</Data>
    <Data Name="User">CORP\mkim</Data>
    <Data Name="LogonGuid">{4b5f1a2e-3b41-668e-2f6e-0a0000000000}</Data>
    <Data Name="LogonId">0x6e2f6e</Data>
    <Data Name="TerminalSessionId">1</Data>
    <Data Name="IntegrityLevel">Medium</Data>
    <Data Name="Hashes">SHA256=4BC794E2CB0754E554FB17F728B716BCFE11A388</Data>
    <Data Name="ParentProcessGuid">{4b5f1a2e-3c9c-668e-0f00-000000004b00}</Data>
    <Data Name="ParentProcessId">9904</Data>
    <Data Name="ParentImage">C:\Windows\System32\certutil.exe</Data>
    <Data Name="ParentCommandLine">"C:\Windows\System32\certutil.exe" </Data>
    <Data Name="ParentUser">CORP\mkim</Data>
  </EventData>
</Event>
<Event>
  <System>
    <Provider Name="Microsoft-Windows-Sysmon" Guid="{5770385f-c22a-43e0-bf4c-06f5698ffbd9}"/>
    <EventID>1</EventID>
    <Version>5</Version>
    <Level>4</Level>
    <Task>1</Task>
    <Opcode>0</Opcode>
    <Keywords>0x8000000000000000</Keywords>
    <TimeCreated SystemTime="2026-07-11T08:49:57.1305896Z"/>
    <EventRecordID>420082</EventRecordID>
    <Correlation/>
    <Execution ProcessID="3688" ThreadID="3924"/>
    <Channel>Microsoft-Windows-Sysmon/Operational</Channel>
    <Computer>WIN10-WKS-017.corp.local</Computer>
    <Security UserID="S-1-5-18"/>
  </System>
  <EventData>
    <Data Name="RuleName">-</Data>
    <Data Name="UtcTime">2026-07-11 08:49:57.919</Data>
    <Data Name="ProcessGuid">{4b5f1a2e-0051-668e-1200-000000004b00}</Data>
    <Data Name="ProcessId">7201</Data>
    <Data Name="Image">C:\Windows\System32\certutil.exe</Data>
    <Data Name="FileVersion">10.0.19041.1 (WinBuild.160101.0800)</Data>
    <Data Name="Description">CertUtil Utility</Data>
    <Data Name="Product">Microsoft(R) Windows(R) Operating System</Data>
    <Data Name="Company">Microsoft Corporation</Data>
    <Data Name="OriginalFileName">CertUtil.exe</Data>
    <Data Name="CommandLine">CertUtil.exe /arg81</Data>
    <Data Name="CurrentDirectory">C:\Users\ltefera\</Data>
    <Data Name="User">CORP\ltefera</Data>
    <Data Name="LogonGuid">{4b5f1a2e-3b41-668e-2f6e-0a0000000000}</Data>
    <Data Name="LogonId">0x6e2f6e</Data>
    <Data Name="TerminalSessionId">1</Data>
    <Data Name="IntegrityLevel">Medium</Data>
    <Data Name="Hashes">SHA256=8C7CBBFF04E57286455B37DA3FFF65D071454141</Data>
    <Data Name="ParentProcessGuid">{4b5f1a2e-3c9c-668e-0f00-000000004b00}</Data>
    <Data Name="ParentProcessId">6985</Data>
    <Data Name="ParentImage">C:\Windows\System32\wscript.exe</Data>
    <Data Name="ParentCommandLine">"C:\Windows\System32\wscript.exe" </Data>
    <Data Name="ParentUser">CORP\ltefera</Data>
  </EventData>
</Event>
<Event>
  <System>
    <Provider Name="Microsoft-Windows-Sysmon" Guid="{5770385f-c22a-43e0-bf4c-06f5698ffbd9}"/>
    <EventID>1</EventID>
    <Version>5</Version>
    <Level>4</Level>
    <Task>1</Task>
    <Opcode>0</Opcode>
    <Keywords>0x8000000000000000</Keywords>
    <TimeCreated SystemTime="2026-07-11T08:50:34.7536381Z"/>
    <EventRecordID>420083</EventRecordID>
    <Correlation/>
    <Execution ProcessID="3688" ThreadID="3924"/>
    <Channel>Microsoft-Windows-Sysmon/Operational</Channel>
    <Computer>WIN11-WKS-103.corp.local</Computer>
    <Security UserID="S-1-5-18"/>
  </System>
  <EventData>
    <Data Name="RuleName">-</Data>
    <Data Name="UtcTime">2026-07-11 08:50:34.221</Data>
    <Data Name="ProcessGuid">{4b5f1a2e-0052-668e-1200-000000004b00}</Data>
    <Data Name="ProcessId">1305</Data>
    <Data Name="Image">C:\Windows\System32\WindowsPowerShell\v1.0\powershell.exe</Data>
    <Data Name="FileVersion">10.0.19041.1 (WinBuild.160101.0800)</Data>
    <Data Name="Description">Windows PowerShell</Data>
    <Data Name="Product">Microsoft(R) Windows(R) Operating System</Data>
    <Data Name="Company">Microsoft Corporation</Data>
    <Data Name="OriginalFileName">PowerShell.EXE</Data>
    <Data Name="CommandLine">PowerShell.EXE /arg82</Data>
    <Data Name="CurrentDirectory">C:\Users\rjones\</Data>
    <Data Name="User">CORP\rjones</Data>
    <Data Name="LogonGuid">{4b5f1a2e-3b41-668e-2f6e-0a0000000000}</Data>
    <Data Name="LogonId">0x6e2f6e</Data>
    <Data Name="TerminalSessionId">1</Data>
    <Data Name="IntegrityLevel">System</Data>
    <Data Name="Hashes">SHA256=FF57D4585AE27CC4306D435F132F40DDB1D7FCB3</Data>
    <Data Name="ParentProcessGuid">{4b5f1a2e-3c9c-668e-0f00-000000004b00}</Data>
    <Data Name="ParentProcessId">5644</Data>
    <Data Name="ParentImage">C:\Program Files\Google\Chrome\Application\chrome.exe</Data>
    <Data Name="ParentCommandLine">"C:\Program Files\Google\Chrome\Application\chrome.exe" </Data>
    <Data Name="ParentUser">CORP\rjones</Data>
  </EventData>
</Event>
<Event>
  <System>
    <Provider Name="Microsoft-Windows-Sysmon" Guid="{5770385f-c22a-43e0-bf4c-06f5698ffbd9}"/>
    <EventID>1</EventID>
    <Version>5</Version>
    <Level>4</Level>
    <Task>1</Task>
    <Opcode>0</Opcode>
    <Keywords>0x8000000000000000</Keywords>
    <TimeCreated SystemTime="2026-07-11T08:51:11.6855954Z"/>
    <EventRecordID>420084</EventRecordID>
    <Correlation/>
    <Execution ProcessID="3688" ThreadID="3924"/>
    <Channel>Microsoft-Windows-Sysmon/Operational</Channel>
    <Computer>WIN10-WKS-042.corp.local</Computer>
    <Security UserID="S-1-5-18"/>
  </System>
  <EventData>
    <Data Name="RuleName">-</Data>
    <Data Name="UtcTime">2026-07-11 08:51:11.556</Data>
    <Data Name="ProcessGuid">{4b5f1a2e-0053-668e-1200-000000004b00}</Data>
    <Data Name="ProcessId">2373</Data>
    <Data Name="Image">C:\Windows\System32\rundll32.exe</Data>
    <Data Name="FileVersion">10.0.19041.1 (WinBuild.160101.0800)</Data>
    <Data Name="Description">Windows host process (Rundll32)</Data>
    <Data Name="Product">Microsoft(R) Windows(R) Operating System</Data>
    <Data Name="Company">Microsoft Corporation</Data>
    <Data Name="OriginalFileName">RUNDLL32.EXE</Data>
    <Data Name="CommandLine">RUNDLL32.EXE /arg83</Data>
    <Data Name="CurrentDirectory">C:\Users\agupta\</Data>
    <Data Name="User">CORP\agupta</Data>
    <Data Name="LogonGuid">{4b5f1a2e-3b41-668e-2f6e-0a0000000000}</Data>
    <Data Name="LogonId">0x6e2f6e</Data>
    <Data Name="TerminalSessionId">1</Data>
    <Data Name="IntegrityLevel">System</Data>
    <Data Name="Hashes">SHA256=860030C6ADB34D88DB8C6DF5BF89BC437E536CA1</Data>
    <Data Name="ParentProcessGuid">{4b5f1a2e-3c9c-668e-0f00-000000004b00}</Data>
    <Data Name="ParentProcessId">5641</Data>
    <Data Name="ParentImage">C:\Windows\System32\WindowsPowerShell\v1.0\powershell.exe</Data>
    <Data Name="ParentCommandLine">"C:\Windows\System32\WindowsPowerShell\v1.0\powershell.exe" </Data>
    <Data Name="ParentUser">CORP\agupta</Data>
  </EventData>
</Event>
<Event>
  <System>
    <Provider Name="Microsoft-Windows-Sysmon" Guid="{5770385f-c22a-43e0-bf4c-06f5698ffbd9}"/>
    <EventID>1</EventID>
    <Version>5</Version>
    <Level>4</Level>
    <Task>1</Task>
    <Opcode>0</Opcode>
    <Keywords>0x8000000000000000</Keywords>
    <TimeCreated SystemTime="2026-07-11T08:51:48.1478755Z"/>
    <EventRecordID>420085</EventRecordID>
    <Correlation/>
    <Execution ProcessID="3688" ThreadID="3924"/>
    <Channel>Microsoft-Windows-Sysmon/Operational</Channel>
    <Computer>WIN10-WKS-042.corp.local</Computer>
    <Security UserID="S-1-5-18"/>
  </System>
  <EventData>
    <Data Name="RuleName">-</Data>
    <Data Name="UtcTime">2026-07-11 08:51:48.445</Data>
    <Data Name="ProcessGuid">{4b5f1a2e-0054-668e-1200-000000004b00}</Data>
    <Data Name="ProcessId">3381</Data>
    <Data Name="Image">C:\Windows\System32\WindowsPowerShell\v1.0\powershell.exe</Data>
    <Data Name="FileVersion">10.0.19041.1 (WinBuild.160101.0800)</Data>
    <Data Name="Description">Windows PowerShell</Data>
    <Data Name="Product">Microsoft(R) Windows(R) Operating System</Data>
    <Data Name="Company">Microsoft Corporation</Data>
    <Data Name="OriginalFileName">PowerShell.EXE</Data>
    <Data Name="CommandLine">PowerShell.EXE /arg84</Data>
    <Data Name="CurrentDirectory">C:\Users\SYSTEM\</Data>
    <Data Name="User">NT AUTHORITY\SYSTEM</Data>
    <Data Name="LogonGuid">{4b5f1a2e-3b41-668e-2f6e-0a0000000000}</Data>
    <Data Name="LogonId">0x6e2f6e</Data>
    <Data Name="TerminalSessionId">1</Data>
    <Data Name="IntegrityLevel">High</Data>
    <Data Name="Hashes">SHA256=287B21CC915FE06961751B70528CBCC60229BB87</Data>
    <Data Name="ParentProcessGuid">{4b5f1a2e-3c9c-668e-0f00-000000004b00}</Data>
    <Data Name="ParentProcessId">8727</Data>
    <Data Name="ParentImage">C:\Windows\System32\rundll32.exe</Data>
    <Data Name="ParentCommandLine">"C:\Windows\System32\rundll32.exe" </Data>
    <Data Name="ParentUser">NT AUTHORITY\SYSTEM</Data>
  </EventData>
</Event>
<Event>
  <System>
    <Provider Name="Microsoft-Windows-Sysmon" Guid="{5770385f-c22a-43e0-bf4c-06f5698ffbd9}"/>
    <EventID>1</EventID>
    <Version>5</Version>
    <Level>4</Level>
    <Task>1</Task>
    <Opcode>0</Opcode>
    <Keywords>0x8000000000000000</Keywords>
    <TimeCreated SystemTime="2026-07-11T08:52:25.1786185Z"/>
    <EventRecordID>420086</EventRecordID>
    <Correlation/>
    <Execution ProcessID="3688" ThreadID="3924"/>
    <Channel>Microsoft-Windows-Sysmon/Operational</Channel>
    <Computer>WIN11-WKS-103.corp.local</Computer>
    <Security UserID="S-1-5-18"/>
  </System>
  <EventData>
    <Data Name="RuleName">-</Data>
    <Data Name="UtcTime">2026-07-11 08:52:25.518</Data>
    <Data Name="ProcessGuid">{4b5f1a2e-0055-668e-1200-000000004b00}</Data>
    <Data Name="ProcessId">1076</Data>
    <Data Name="Image">C:\Windows\System32\certutil.exe</Data>
    <Data Name="FileVersion">10.0.19041.1 (WinBuild.160101.0800)</Data>
    <Data Name="Description">CertUtil Utility</Data>
    <Data Name="Product">Microsoft(R) Windows(R) Operating System</Data>
    <Data Name="Company">Microsoft Corporation</Data>
    <Data Name="OriginalFileName">CertUtil.exe</Data>
    <Data Name="CommandLine">"C:\Windows\System32\certutil.exe"</Data>
    <Data Name="CurrentDirectory">C:\Users\mkim\</Data>
    <Data Name="User">CORP\mkim</Data>
    <Data Name="LogonGuid">{4b5f1a2e-3b41-668e-2f6e-0a0000000000}</Data>
    <Data Name="LogonId">0x6e2f6e</Data>
    <Data Name="TerminalSessionId">1</Data>
    <Data Name="IntegrityLevel">System</Data>
    <Data Name="Hashes">SHA256=29A388ECF7AEE0F382C77ADB08792CA25FAB6856</Data>
    <Data Name="ParentProcessGuid">{4b5f1a2e-3c9c-668e-0f00-000000004b00}</Data>
    <Data Name="ParentProcessId">5277</Data>
    <Data Name="ParentImage">C:\Windows\System32\notepad.exe</Data>
    <Data Name="ParentCommandLine">"C:\Windows\System32\notepad.exe" </Data>
    <Data Name="ParentUser">CORP\mkim</Data>
  </EventData>
</Event>
<Event>
  <System>
    <Provider Name="Microsoft-Windows-Sysmon" Guid="{5770385f-c22a-43e0-bf4c-06f5698ffbd9}"/>
    <EventID>1</EventID>
    <Version>5</Version>
    <Level>4</Level>
    <Task>1</Task>
    <Opcode>0</Opcode>
    <Keywords>0x8000000000000000</Keywords>
    <TimeCreated SystemTime="2026-07-11T08:53:02.5973148Z"/>
    <EventRecordID>420087</EventRecordID>
    <Correlation/>
    <Execution ProcessID="3688" ThreadID="3924"/>
    <Channel>Microsoft-Windows-Sysmon/Operational</Channel>
    <Computer>WIN10-WKS-017.corp.local</Computer>
    <Security UserID="S-1-5-18"/>
  </System>
  <EventData>
    <Data Name="RuleName">-</Data>
    <Data Name="UtcTime">2026-07-11 08:53:02.255</Data>
    <Data Name="ProcessGuid">{4b5f1a2e-0056-668e-1200-000000004b00}</Data>
    <Data Name="ProcessId">4387</Data>
    <Data Name="Image">C:\Windows\System32\mshta.exe</Data>
    <Data Name="FileVersion">10.0.19041.1 (WinBuild.160101.0800)</Data>
    <Data Name="Description">HTML Application Host</Data>
    <Data Name="Product">Microsoft(R) Windows(R) Operating System</Data>
    <Data Name="Company">Microsoft Corporation</Data>
    <Data Name="OriginalFileName">MSHTA.EXE</Data>
    <Data Name="CommandLine">"C:\Windows\System32\mshta.exe"</Data>
    <Data Name="CurrentDirectory">C:\Users\rjones\</Data>
    <Data Name="User">CORP\rjones</Data>
    <Data Name="LogonGuid">{4b5f1a2e-3b41-668e-2f6e-0a0000000000}</Data>
    <Data Name="LogonId">0x6e2f6e</Data>
    <Data Name="TerminalSessionId">1</Data>
    <Data Name="IntegrityLevel">Medium</Data>
    <Data Name="Hashes">SHA256=4332F01FBAF8F58C741DF1BC5E3EA006C3AB8587</Data>
    <Data Name="ParentProcessGuid">{4b5f1a2e-3c9c-668e-0f00-000000004b00}</Data>
    <Data Name="ParentProcessId">4755</Data>
    <Data Name="ParentImage">C:\Windows\System32\notepad.exe</Data>
    <Data Name="ParentCommandLine">"C:\Windows\System32\notepad.exe" </Data>
    <Data Name="ParentUser">CORP\rjones</Data>
  </EventData>
</Event>
<Event>
  <System>
    <Provider Name="Microsoft-Windows-Sysmon" Guid="{5770385f-c22a-43e0-bf4c-06f5698ffbd9}"/>
    <EventID>3</EventID>
    <Version>5</Version>
    <Level>4</Level>
    <Task>3</Task>
    <Opcode>0</Opcode>
    <Keywords>0x8000000000000000</Keywords>
    <TimeCreated SystemTime="2026-07-11T08:07:40.4716653Z"/>
    <EventRecordID>420156</EventRecordID>
    <Correlation/>
    <Execution ProcessID="3688" ThreadID="3924"/>
    <Channel>Microsoft-Windows-Sysmon/Operational</Channel>
    <Computer>WIN11-WKS-103.corp.local</Computer>
    <Security UserID="S-1-5-18"/>
  </System>
  <EventData>
    <Data Name="UtcTime">2026-07-11 08:07:40.196</Data>
    <Data Name="ProcessGuid">{4b5f1a2e-0005-668e-1300-000000004b00}</Data>
    <Data Name="ProcessId">2474</Data>
    <Data Name="Image">C:\Windows\System32\svchost.exe</Data>
    <Data Name="User">NT AUTHORITY\SYSTEM</Data>
    <Data Name="Protocol">tcp</Data>
    <Data Name="SourceIp">10.0.155.113</Data>
    <Data Name="DestinationIp">93.184.216.34</Data>
    <Data Name="DestinationPort">443</Data>
  </EventData>
</Event>
<Event>
  <System>
    <Provider Name="Microsoft-Windows-Sysmon" Guid="{5770385f-c22a-43e0-bf4c-06f5698ffbd9}"/>
    <EventID>3</EventID>
    <Version>5</Version>
    <Level>4</Level>
    <Task>3</Task>
    <Opcode>0</Opcode>
    <Keywords>0x8000000000000000</Keywords>
    <TimeCreated SystemTime="2026-07-11T08:09:11.3930196Z"/>
    <EventRecordID>420157</EventRecordID>
    <Correlation/>
    <Execution ProcessID="3688" ThreadID="3924"/>
    <Channel>Microsoft-Windows-Sysmon/Operational</Channel>
    <Computer>WIN10-WKS-017.corp.local</Computer>
    <Security UserID="S-1-5-18"/>
  </System>
  <EventData>
    <Data Name="UtcTime">2026-07-11 08:09:11.037</Data>
    <Data Name="ProcessGuid">{4b5f1a2e-0006-668e-1300-000000004b00}</Data>
    <Data Name="ProcessId">5599</Data>
    <Data Name="Image">C:\Windows\System32\svchost.exe</Data>
    <Data Name="User">NT AUTHORITY\SYSTEM</Data>
    <Data Name="Protocol">tcp</Data>
    <Data Name="SourceIp">10.0.252.107</Data>
    <Data Name="DestinationIp">93.184.216.34</Data>
    <Data Name="DestinationPort">443</Data>
  </EventData>
</Event>
<Event>
  <System>
    <Provider Name="Microsoft-Windows-Sysmon" Guid="{5770385f-c22a-43e0-bf4c-06f5698ffbd9}"/>
    <EventID>1</EventID>
    <Version>5</Version>
    <Level>4</Level>
    <Task>1</Task>
    <Opcode>0</Opcode>
    <Keywords>0x8000000000000000</Keywords>
    <TimeCreated SystemTime="2026-07-11T08:53:39.6246319Z"/>
    <EventRecordID>420088</EventRecordID>
    <Correlation/>
    <Execution ProcessID="3688" ThreadID="3924"/>
    <Channel>Microsoft-Windows-Sysmon/Operational</Channel>
    <Computer>WIN10-WKS-017.corp.local</Computer>
    <Security UserID="S-1-5-18"/>
  </System>
  <EventData>
    <Data Name="RuleName">-</Data>
    <Data Name="UtcTime">2026-07-11 08:53:39.429</Data>
    <Data Name="ProcessGuid">{4b5f1a2e-0057-668e-1200-000000004b00}</Data>
    <Data Name="ProcessId">4013</Data>
    <Data Name="Image">C:\Program Files\Google\Chrome\Application\chrome.exe</Data>
    <Data Name="FileVersion">10.0.19041.1 (WinBuild.160101.0800)</Data>
    <Data Name="Description">Google Chrome</Data>
    <Data Name="Product">Microsoft(R) Windows(R) Operating System</Data>
    <Data Name="Company">Microsoft Corporation</Data>
    <Data Name="OriginalFileName">chrome.exe</Data>
    <Data Name="CommandLine">"C:\Program Files\Google\Chrome\Application\chrome.exe"</Data>
    <Data Name="CurrentDirectory">C:\Users\ltefera\</Data>
    <Data Name="User">CORP\ltefera</Data>
    <Data Name="LogonGuid">{4b5f1a2e-3b41-668e-2f6e-0a0000000000}</Data>
    <Data Name="LogonId">0x6e2f6e</Data>
    <Data Name="TerminalSessionId">1</Data>
    <Data Name="IntegrityLevel">Low</Data>
    <Data Name="Hashes">SHA256=BC8E547387DC644F05DF4AF981C35168F3EA8BB8</Data>
    <Data Name="ParentProcessGuid">{4b5f1a2e-3c9c-668e-0f00-000000004b00}</Data>
    <Data Name="ParentProcessId">9171</Data>
    <Data Name="ParentImage">C:\Windows\System32\mshta.exe</Data>
    <Data Name="ParentCommandLine">"C:\Windows\System32\mshta.exe" </Data>
    <Data Name="ParentUser">CORP\ltefera</Data>
  </EventData>
</Event>
<Event>
  <System>
    <Provider Name="Microsoft-Windows-Sysmon" Guid="{5770385f-c22a-43e0-bf4c-06f5698ffbd9}"/>
    <EventID>3</EventID>
    <Version>5</Version>
    <Level>4</Level>
    <Task>3</Task>
    <Opcode>0</Opcode>
    <Keywords>0x8000000000000000</Keywords>
    <TimeCreated SystemTime="2026-07-11T08:04:38.6314548Z"/>
    <EventRecordID>420154</EventRecordID>
    <Correlation/>
    <Execution ProcessID="3688" ThreadID="3924"/>
    <Channel>Microsoft-Windows-Sysmon/Operational</Channel>
    <Computer>WIN11-WKS-103.corp.local</Computer>
    <Security UserID="S-1-5-18"/>
  </System>
  <EventData>
    <Data Name="UtcTime">2026-07-11 08:04:38.396</Data>
    <Data Name="ProcessGuid">{4b5f1a2e-0003-668e-1300-000000004b00}</Data>
    <Data Name="ProcessId">3903</Data>
    <Data Name="Image">C:\Windows\System32\svchost.exe</Data>
    <Data Name="User">NT AUTHORITY\SYSTEM</Data>
    <Data Name="Protocol">tcp</Data>
    <Data Name="SourceIp">10.0.4.63</Data>
    <Data Name="DestinationIp">93.184.216.34</Data>
    <Data Name="DestinationPort">443</Data>
  </EventData>
</Event>
<Event>
  <System>
    <Provider Name="Microsoft-Windows-Sysmon" Guid="{5770385f-c22a-43e0-bf4c-06f5698ffbd9}"/>
    <EventID>1</EventID>
    <Version>5</Version>
    <Level>4</Level>
    <Task>1</Task>
    <Opcode>0</Opcode>
    <Keywords>0x8000000000000000</Keywords>
    <TimeCreated SystemTime="2026-07-11T08:54:16.4774942Z"/>
    <EventRecordID>420089</EventRecordID>
    <Correlation/>
    <Execution ProcessID="3688" ThreadID="3924"/>
    <Channel>Microsoft-Windows-Sysmon/Operational</Channel>
    <Computer>WIN10-WKS-017.corp.local</Computer>
    <Security UserID="S-1-5-18"/>
  </System>
  <EventData>
    <Data Name="RuleName">-</Data>
    <Data Name="UtcTime">2026-07-11 08:54:16.799</Data>
    <Data Name="ProcessGuid">{4b5f1a2e-0058-668e-1200-000000004b00}</Data>
    <Data Name="ProcessId">4259</Data>
    <Data Name="Image">C:\Windows\System32\svchost.exe</Data>
    <Data Name="FileVersion">10.0.19041.1 (WinBuild.160101.0800)</Data>
    <Data Name="Description">Host Process for Windows Services</Data>
    <Data Name="Product">Microsoft(R) Windows(R) Operating System</Data>
    <Data Name="Company">Microsoft Corporation</Data>
    <Data Name="OriginalFileName">svchost.exe</Data>
    <Data Name="CommandLine">"C:\Windows\System32\svchost.exe"</Data>
    <Data Name="CurrentDirectory">C:\Users\mkim\</Data>
    <Data Name="User">CORP\mkim</Data>
    <Data Name="LogonGuid">{4b5f1a2e-3b41-668e-2f6e-0a0000000000}</Data>
    <Data Name="LogonId">0x6e2f6e</Data>
    <Data Name="TerminalSessionId">1</Data>
    <Data Name="IntegrityLevel">High</Data>
    <Data Name="Hashes">SHA256=BAFE2C9E45ADC225A7AA98C8EBED550478265C33</Data>
    <Data Name="ParentProcessGuid">{4b5f1a2e-3c9c-668e-0f00-000000004b00}</Data>
    <Data Name="ParentProcessId">9821</Data>
    <Data Name="ParentImage">C:\Windows\System32\whoami.exe</Data>
    <Data Name="ParentCommandLine">"C:\Windows\System32\whoami.exe" </Data>
    <Data Name="ParentUser">CORP\mkim</Data>
  </EventData>
</Event>
<Event>
  <System>
    <Provider Name="Microsoft-Windows-Sysmon" Guid="{5770385f-c22a-43e0-bf4c-06f5698ffbd9}"/>
    <EventID>1</EventID>
    <Version>5</Version>
    <Level>4</Level>
    <Task>1</Task>
    <Opcode>0</Opcode>
    <Keywords>0x8000000000000000</Keywords>
    <TimeCreated SystemTime="2026-07-11T08:54:53.1743629Z"/>
    <EventRecordID>420090</EventRecordID>
    <Correlation/>
    <Execution ProcessID="3688" ThreadID="3924"/>
    <Channel>Microsoft-Windows-Sysmon/Operational</Channel>
    <Computer>WIN10-WKS-042.corp.local</Computer>
    <Security UserID="S-1-5-18"/>
  </System>
  <EventData>
    <Data Name="RuleName">-</Data>
    <Data Name="UtcTime">2026-07-11 08:54:53.085</Data>
    <Data Name="ProcessGuid">{4b5f1a2e-0059-668e-1200-000000004b00}</Data>
    <Data Name="ProcessId">7504</Data>
    <Data Name="Image">C:\Windows\System32\cmd.exe</Data>
    <Data Name="FileVersion">10.0.19041.1 (WinBuild.160101.0800)</Data>
    <Data Name="Description">Windows Command Processor</Data>
    <Data Name="Product">Microsoft(R) Windows(R) Operating System</Data>
    <Data Name="Company">Microsoft Corporation</Data>
    <Data Name="OriginalFileName">Cmd.Exe</Data>
    <Data Name="CommandLine">Cmd.Exe /arg89</Data>
    <Data Name="CurrentDirectory">C:\Users\ltefera\</Data>
    <Data Name="User">CORP\ltefera</Data>
    <Data Name="LogonGuid">{4b5f1a2e-3b41-668e-2f6e-0a0000000000}</Data>
    <Data Name="LogonId">0x6e2f6e</Data>
    <Data Name="TerminalSessionId">1</Data>
    <Data Name="IntegrityLevel">High</Data>
    <Data Name="Hashes">SHA256=842C9779E44501BAFE8E45ED9BF72E9BD849004B</Data>
    <Data Name="ParentProcessGuid">{4b5f1a2e-3c9c-668e-0f00-000000004b00}</Data>
    <Data Name="ParentProcessId">9584</Data>
    <Data Name="ParentImage">C:\Windows\System32\mshta.exe</Data>
    <Data Name="ParentCommandLine">"C:\Windows\System32\mshta.exe" </Data>
    <Data Name="ParentUser">CORP\ltefera</Data>
  </EventData>
</Event>
<Event>
  <System>
    <Provider Name="Microsoft-Windows-Sysmon" Guid="{5770385f-c22a-43e0-bf4c-06f5698ffbd9}"/>
    <EventID>1</EventID>
    <Version>5</Version>
    <Level>4</Level>
    <Task>1</Task>
    <Opcode>0</Opcode>
    <Keywords>0x8000000000000000</Keywords>
    <TimeCreated SystemTime="2026-07-11T08:55:30.7221506Z"/>
    <EventRecordID>420091</EventRecordID>
    <Correlation/>
    <Execution ProcessID="3688" ThreadID="3924"/>
    <Channel>Microsoft-Windows-Sysmon/Operational</Channel>
    <Computer>WIN11-WKS-103.corp.local</Computer>
    <Security UserID="S-1-5-18"/>
  </System>
  <EventData>
    <Data Name="RuleName">-</Data>
    <Data Name="UtcTime">2026-07-11 08:55:30.784</Data>
    <Data Name="ProcessGuid">{4b5f1a2e-005a-668e-1200-000000004b00}</Data>
    <Data Name="ProcessId">9059</Data>
    <Data Name="Image">C:\Program Files\Google\Chrome\Application\chrome.exe</Data>
    <Data Name="FileVersion">10.0.19041.1 (WinBuild.160101.0800)</Data>
    <Data Name="Description">Google Chrome</Data>
    <Data Name="Product">Microsoft(R) Windows(R) Operating System</Data>
    <Data Name="Company">Microsoft Corporation</Data>
    <Data Name="OriginalFileName">chrome.exe</Data>
    <Data Name="CommandLine">"C:\Program Files\Google\Chrome\Application\chrome.exe"</Data>
    <Data Name="CurrentDirectory">C:\Users\ltefera\</Data>
    <Data Name="User">CORP\ltefera</Data>
    <Data Name="LogonGuid">{4b5f1a2e-3b41-668e-2f6e-0a0000000000}</Data>
    <Data Name="LogonId">0x6e2f6e</Data>
    <Data Name="TerminalSessionId">1</Data>
    <Data Name="IntegrityLevel">High</Data>
    <Data Name="Hashes">SHA256=970B6DDC75CC782D7898D625493EE8F6A0410539</Data>
    <Data Name="ParentProcessGuid">{4b5f1a2e-3c9c-668e-0f00-000000004b00}</Data>
    <Data Name="ParentProcessId">8816</Data>
    <Data Name="ParentImage">C:\Windows\System32\mshta.exe</Data>
    <Data Name="ParentCommandLine">"C:\Windows\System32\mshta.exe" </Data>
    <Data Name="ParentUser">CORP\ltefera</Data>
  </EventData>
</Event>
<Event>
  <System>
    <Provider Name="Microsoft-Windows-Sysmon" Guid="{5770385f-c22a-43e0-bf4c-06f5698ffbd9}"/>
    <EventID>1</EventID>
    <Version>5</Version>
    <Level>4</Level>
    <Task>1</Task>
    <Opcode>0</Opcode>
    <Keywords>0x8000000000000000</Keywords>
    <TimeCreated SystemTime="2026-07-11T08:56:07.8280890Z"/>
    <EventRecordID>420092</EventRecordID>
    <Correlation/>
    <Execution ProcessID="3688" ThreadID="3924"/>
    <Channel>Microsoft-Windows-Sysmon/Operational</Channel>
    <Computer>WIN11-WKS-103.corp.local</Computer>
    <Security UserID="S-1-5-18"/>
  </System>
  <EventData>
    <Data Name="RuleName">-</Data>
    <Data Name="UtcTime">2026-07-11 08:56:07.015</Data>
    <Data Name="ProcessGuid">{4b5f1a2e-005b-668e-1200-000000004b00}</Data>
    <Data Name="ProcessId">1134</Data>
    <Data Name="Image">C:\Program Files\Google\Chrome\Application\chrome.exe</Data>
    <Data Name="FileVersion">10.0.19041.1 (WinBuild.160101.0800)</Data>
    <Data Name="Description">Google Chrome</Data>
    <Data Name="Product">Microsoft(R) Windows(R) Operating System</Data>
    <Data Name="Company">Microsoft Corporation</Data>
    <Data Name="OriginalFileName">chrome.exe</Data>
    <Data Name="CommandLine">"C:\Program Files\Google\Chrome\Application\chrome.exe"</Data>
    <Data Name="CurrentDirectory">C:\Users\SYSTEM\</Data>
    <Data Name="User">NT AUTHORITY\SYSTEM</Data>
    <Data Name="LogonGuid">{4b5f1a2e-3b41-668e-2f6e-0a0000000000}</Data>
    <Data Name="LogonId">0x6e2f6e</Data>
    <Data Name="TerminalSessionId">1</Data>
    <Data Name="IntegrityLevel">System</Data>
    <Data Name="Hashes">SHA256=6AD9FBE1A2418C2F568C037CE716E36FC9A5138F</Data>
    <Data Name="ParentProcessGuid">{4b5f1a2e-3c9c-668e-0f00-000000004b00}</Data>
    <Data Name="ParentProcessId">4814</Data>
    <Data Name="ParentImage">C:\Windows\System32\WindowsPowerShell\v1.0\powershell.exe</Data>
    <Data Name="ParentCommandLine">"C:\Windows\System32\WindowsPowerShell\v1.0\powershell.exe" </Data>
    <Data Name="ParentUser">NT AUTHORITY\SYSTEM</Data>
  </EventData>
</Event>
