<Event>
  <System>
    <Provider Name="Microsoft-Windows-Sysmon" Guid="{5770385f-c22a-43e0-bf4c-06f5698ffbd9}"/>
    <EventID>1</EventID>
    <Version>5</Version>
    <Level>4</Level>
    <Task>1</Task>
    <Opcode>0</Opcode>
    <Keywords>0x8000000000000000</Keywords>
    <TimeCreated SystemTime="2026-07-11T08:56:44.5444432Z"/>
    <EventRecordID>420093</EventRecordID>
    <Correlation/>
    <Execution ProcessID="3688" ThreadID="3924"/>
    <Channel>Microsoft-Windows-Sysmon/Operational</Channel>
    <Computer>WIN11-WKS-103.corp.local</Computer>
    <Security UserID="S-1-5-18"/>
  </System>
  <EventData>
    <Data Name="RuleName">-</Data>
    <Data Name="UtcTime">2026-07-11 08:56:44.444</Data>
    <Data Name="ProcessGuid">{4b5f1a2e-005c-668e-1200-000000004b00}</Data>
    <Data Name="ProcessId">4568</Data>
    <Data Name="Image">C:\Program Files\Google\Chrome\Application\chrome.exe</Data>
    <Data Name="FileVersion">10.0.19041.1 (WinBuild.160101.0800)</Data>
    <Data Name="Description">Google Chrome</Data>
    <Data Name="Product">Microsoft(R) Windows(R) Operating System</Data>
    <Data Name="Company">Microsoft Corporation</Data>
    <Data Name="OriginalFileName">chrome.exe</Data>
    <Data Name="CommandLine">"C:\Program Files\Google\Chrome\Application\chrome.exe"</Data>
    <Data Name="CurrentDirectory">C:\Users\agupta\</Data>
    <Data Name="User">CORP\agupta</Data>
    <Data Name="LogonGuid">{4b5f1a2e-3b41-668e-2f6e-0a0000000000}</Data>
    <Data Name="LogonId">0x6e2f6e</Data>
    <Data Name="TerminalSessionId">1</Data>
    <Data Name="IntegrityLevel">High</Data>
    <Data Name="Hashes">SHA256=0583C701F4B275F2A11B434F7ABE60CB481FE9F6</Data>
    <Data Name="ParentProcessGuid">{4b5f1a2e-3c9c-668e-0f00-000000004b00}</Data>
    <Data Name="ParentProcessId">2850</Data>
    <Data Name="ParentImage">C:\Windows\System32\notepad.exe</Data>
    <Data Name="ParentCommandLine">"C:\Windows\System32\notepad.exe" </Data>
    <Data Name="ParentUser">CORP\agupta</Data>
  </EventData>
</Event>
<Event>
  <System>
    <Provider Name="Microsoft-Windows-Sysmon" Guid="{5770385f-c22a-43e0-bf4c-06f5698ffbd9}"/>
    <EventID>1</EventID>
    <Version>5</Version>
    <Level>4</Level>
    <Task>1</Task>
    <Opcode>0</Opcode>
    <Keywords>0x8000000000000000</Keywords>
    <TimeCreated SystemTime="2026-07-11T08:57:21.9303307Z"/>
    <EventRecordID>420094</EventRecordID>
    <Correlation/>
    <Execution ProcessID="3688" ThreadID="3924"/>
    <Channel>Microsoft-Windows-Sysmon/Operational</Channel>
    <Computer>WIN10-WKS-017.corp.local</Computer>
    <Security UserID="S-1-5-18"/>
  </System>
  <EventData>
    <Data Name="RuleName">-</Data>
    <Data Name="UtcTime">2026-07-11 08:57:21.613</Data>
    <Data Name="ProcessGuid">{4b5f1a2e-005d-668e-1200-000000004b00}</Data>
    <Data Name="ProcessId">8674</Data>
    <Data Name="Image">C:\Windows\System32\certutil.exe</Data>
    <Data Name="FileVersion">10.0.19041.1 (WinBuild.160101.0800)</Data>
    <Data Name="Description">CertUtil Utility</Data>
    <Data Name="Product">Microsoft(R) Windows(R) Operating System</Data>
    <Data Name="Company">Microsoft Corporation</Data>
    <Data Name="OriginalFileName">CertUtil.exe</Data>
    <Data Name="CommandLine">CertUtil.exe /arg93</Data>
    <Data Name="CurrentDirectory">C:\Users\ltefera\</Data>
    <Data Name="User">CORP\ltefera</Data>
    <Data Name="LogonGuid">{4b5f1a2e-3b41-668e-2f6e-0a0000000000}</Data>
    <Data Name="LogonId">0x6e2f6e</Data>
    <Data Name="TerminalSessionId">1</Data>
    <Data Name="IntegrityLevel">Low</Data>
    <Data Name="Hashes">SHA256=524E98BE0C50B7A2C6F49ADA332145163F631CF8</Data>
    <Data Name="ParentProcessGuid">{4b5f1a2e-3c9c-668e-0f00-000000004b00}</Data>
    <Data Name="ParentProcessId">5510</Data>
    <Data Name="ParentImage">C:\Windows\System32\WindowsPowerShell\v1.0\powershell.exe</Data>
    <Data Name="ParentCommandLine">"C:\Windows\System32\WindowsPowerShell\v1.0\powershell.exe" </Data>
    <Data Name="ParentUser">CORP\ltefera</Data>
  </EventData>
</Event>
<Event>
  <System>
    <Provider Name="Microsoft-Windows-Sysmon" Guid="{5770385f-c22a-43e0-bf4c-06f5698ffbd9}"/>
    <EventID>3</EventID>
    <Version>5</Version>
    <Level>4</Level>
    <Task>3</Task>
    <Opcode>0</Opcode>
    <Keywords>0x8000000000000000</Keywords>
    <TimeCreated SystemTime="2026-07-11T08:10:42.0119712Z"/>
    <EventRecordID>420158</EventRecordID>
    <Correlation/>
    <Execution ProcessID="3688" ThreadID="3924"/>
    <Channel>Microsoft-Windows-Sysmon/Operational</Channel>
    <Computer>WIN10-WKS-042.corp.local</Computer>
    <Security UserID="S-1-5-18"/>
  </System>
  <EventData>
    <Data Name="UtcTime">2026-07-11 08:10:42.113</Data>
    <Data Name="ProcessGuid">{4b5f1a2e-0007-668e-1300-000000004b00}</Data>
    <Data Name="ProcessId">5544</Data>
    <Data Name="Image">C:\Windows\System32\svchost.exe</Data>
    <Data Name="User">NT AUTHORITY\SYSTEM</Data>
    <Data Name="Protocol">tcp</Data>
    <Data Name="SourceIp">10.0.252.87</Data>
    <Data Name="DestinationIp">93.184.216.34</Data>
    <Data Name="DestinationPort">443</Data>
  </EventData>
</Event>
<Event>
  <System>
    <Provider Name="Microsoft-Windows-Sysmon" Guid="{5770385f-c22a-43e0-bf4c-06f5698ffbd9}"/>
    <EventID>1</EventID>
    <Version>5</Version>
    <Level>4</Level>
    <Task>1</Task>
    <Opcode>0</Opcode>
    <Keywords>0x8000000000000000</Keywords>
    <TimeCreated SystemTime="2026-07-11T08:57:58.1341452Z"/>
    <EventRecordID>420095</EventRecordID>
    <Correlation/>
    <Execution ProcessID="3688" ThreadID="3924"/>
    <Channel>Microsoft-Windows-Sysmon/Operational</Channel>
    <Computer>WIN10-WKS-042.corp.local</Computer>
    <Security UserID="S-1-5-18"/>
  </System>
  <EventData>
    <Data Name="RuleName">-</Data>
    <Data Name="UtcTime">2026-07-11 08:57:58.852</Data>
    <Data Name="ProcessGuid">{4b5f1a2e-005e-668e-1200-000000004b00}</Data>
    <Data Name="ProcessId">4419</Data>
    <Data Name="Image">C:\Windows\System32\whoami.exe</Data>
    <Data Name="FileVersion">10.0.19041.1 (WinBuild.160101.0800)</Data>
    <Data Name="Description">whoami - displays logged on user information</Data>
    <Data Name="Product">Microsoft(R) Windows(R) Operating System</Data>
    <Data Name="Company">Microsoft Corporation</Data>
    <Data Name="OriginalFileName">whoami.exe</Data>
    <Data Name="CommandLine">whoami.exe /arg94</Data>
    <Data Name="CurrentDirectory">C:\Users\rjones\</Data>
    <Data Name="User">CORP\rjones</Data>
    <Data Name="LogonGuid">{4b5f1a2e-3b41-668e-2f6e-0a0000000000}</Data>
    <Data Name="LogonId">0x6e2f6e</Data>
    <Data Name="TerminalSessionId">1</Data>
    <Data Name="IntegrityLevel">High</Data>
    <Data Name="Hashes">SHA256=E1BDB1812926337C6675D3BED355CA5EBAABDDA7</Data>
    <Data Name="ParentProcessGuid">{4b5f1a2e-3c9c-668e-0f00-000000004b00}</Data>
    <Data Name="ParentProcessId">9051</Data>
    <Data Name="ParentImage">C:\Windows\System32\svchost.exe</Data>
    <Data Name="ParentCommandLine">"C:\Windows\System32\svchost.exe" </Data>
    <Data Name="ParentUser">CORP\rjones</Data>
  </EventData>
</Event>
<Event>
  <System>
    <Provider Name="Microsoft-Windows-Sysmon" Guid="{5770385f-c22a-43e0-bf4c-06f5698ffbd9}"/>
    <EventID>1</EventID>
    <Version>5</Version>
    <Level>4</Level>
    <Task>1</Task>
    <Opcode>0</Opcode>
    <Keywords>0x8000000000000000</Keywords>
    <TimeCreated SystemTime="2026-07-11T08:58:35.6662074Z"/>
    <EventRecordID>420096</EventRecordID>
    <Correlation/>
    <Execution ProcessID="3688" ThreadID="3924"/>
    <Channel>Microsoft-Windows-Sysmon/Operational</Channel>
    <Computer>WIN11-WKS-103.corp.local</Computer>
    <Security UserID="S-1-5-18"/>
  </System>
  <EventData>
    <Data Name="RuleName">-</Data>
    <Data Name="UtcTime">2026-07-11 08:58:35.458</Data>
    <Data Name="ProcessGuid">{4b5f1a2e-005f-668e-1200-000000004b00}</Data>
    <Data Name="ProcessId">5162</Data>
    <Data Name="Image">C:\Windows\System32\certutil.exe</Data>
    <Data Name="FileVersion">10.0.19041.1 (WinBuild.160101.0800)</Data>
    <Data Name="Description">CertUtil Utility</Data>
    <Data Name="Product">Microsoft(R) Windows(R) Operating System</Data>
    <Data Name="Company">Microsoft Corporation</Data>
    <Data Name="OriginalFileName">CertUtil.exe</Data>
    <Data Name="CommandLine">CertUtil.exe /arg95</Data>
    <Data Name="CurrentDirectory">C:\Users\rjones\</Data>
    <Data Name="User">CORP\rjones</Data>
    <Data Name="LogonGuid">{4b5f1a2e-3b41-668e-2f6e-0a0000000000}</Data>
    <Data Name="LogonId">0x6e2f6e</Data>
    <Data Name="TerminalSessionId">1</Data>
    <Data Name="IntegrityLevel">System</Data>
    <Data Name="Hashes">SHA256=0190490976A08431EB448B77892C62AF5F391C21</Data>
    <Data Name="ParentProcessGuid">{4b5f1a2e-3c9c-668e-0f00-000000004b00}</Data>
    <Data Name="ParentProcessId">6898</Data>
    <Data Name="ParentImage">C:\Windows\System32\wscript.exe</Data>
    <Data Name="ParentCommandLine">"C:\Windows\System32\wscript.exe" </Data>
    <Data Name="ParentUser">CORP\rjones</Data>
  </EventData>
</Event>
<Event>
  <System>
    <Provider Name="Microsoft-Windows-Sysmon" Guid="{5770385f-c22a-43e0-bf4c-06f5698ffbd9}"/>
    <EventID>1</EventID>
    <Version>5</Version>
    <Level>4</Level>
    <Task>1</Task>
    <Opcode>0</Opcode>
    <Keywords>0x8000000000000000</Keywords>
    <TimeCreated SystemTime="2026-07-11T08:59:12.0191837Z"/>
    <EventRecordID>420097</EventRecordID>
    <Correlation/>
    <Execution ProcessID="3688" ThreadID="3924"/>
    <Channel>Microsoft-Windows-Sysmon/Operational</Channel>
    <Computer>WIN10-WKS-017.corp.local</Computer>
    <Security UserID="S-1-5-18"/>
  </System>
  <EventData>
    <Data Name="RuleName">-</Data>
    <Data Name="UtcTime">2026-07-11 08:59:12.869</Data>
    <Data Name="ProcessGuid">{4b5f1a2e-0060-668e-1200-000000004b00}</Data>
    <Data Name="ProcessId">2974</Data>
    <Data Name="Image">C:\Windows\System32\svchost.exe</Data>
    <Data Name="FileVersion">10.0.19041.1 (WinBuild.160101.0800)</Data>
    <Data Name="Description">Host Process for Windows Services</Data>
    <Data Name="Product">Microsoft(R) Windows(R) Operating System</Data>
    <Data Name="Company">Microsoft Corporation</Data>
    <Data Name="OriginalFileName">svchost.exe</Data>
    <Data Name="CommandLine">svchost.exe /arg96</Data>
    <Data Name="CurrentDirectory">C:\Users\admin\</Data>
    <Data Name="User">CORP\admin</Data>
    <Data Name="LogonGuid">{4b5f1a2e-3b41-668e-2f6e-0a0000000000}</Data>
    <Data Name="LogonId">0x6e2f6e</Data>
    <Data Name="TerminalSessionId">1</Data>
    <Data Name="IntegrityLevel">System</Data>
    <Data Name="Hashes">SHA256=C191A4A741CE27D9C44A2F1C82CD44F6FC67728D</Data>
    <Data Name="ParentProcessGuid">{4b5f1a2e-3c9c-668e-0f00-000000004b00}</Data>
    <Data Name="ParentProcessId">4714</Data>
    <Data Name="ParentImage">C:\Windows\System32\svchost.exe</Data>
    <Data Name="ParentCommandLine">"C:\Windows\System32\svchost.exe" </Data>
    <Data Name="ParentUser">CORP\admin</Data>
  </EventData>
</Event>
<Event>
  <System>
    <Provider Name="Microsoft-Windows-Sysmon" Guid="{5770385f-c22a-43e0-bf4c-06f5698ffbd9}"/>
    <EventID>1</EventID>
    <Version>5</Version>
    <Level>4</Level>
    <Task>1</Task>
    <Opcode>0</Opcode>
    <Keywords>0x8000000000000000</Keywords>
    <TimeCreated SystemTime="2026-07-11T08:59:49.5381096Z"/>
    <EventRecordID>420098</EventRecordID>
    <Correlation/>
    <Execution ProcessID="3688" ThreadID="3924"/>
    <Channel>Microsoft-Windows-Sysmon/Operational</Channel>
    <Computer>WIN11-WKS-103.corp.local</Computer>
    <Security UserID="S-1-5-18"/>
  </System>
  <EventData>
    <Data Name="RuleName">-</Data>
    <Data Name="UtcTime">2026-07-11 08:59:49.195</Data>
    <Data Name="ProcessGuid">{4b5f1a2e-0061-668e-1200-000000004b00}</Data>
    <Data Name="ProcessId">7776</Data>
    <Data Name="Image">C:\Windows\System32\svchost.exe</Data>
    <Data Name="FileVersion">10.0.19041.1 (WinBuild.160101.0800)</Data>
    <Data Name="Description">Host Process for Windows Services</Data>
    <Data Name="Product">Microsoft(R) Windows(R) Operating System</Data>
    <Data Name="Company">Microsoft Corporation</Data>
    <Data Name="OriginalFileName">svchost.exe</Data>
    <Data Name="CommandLine">"C:\Windows\System32\svchost.exe"</Data>
    <Data Name="CurrentDirectory">C:\Users\jsmith\</Data>
    <Data Name="User">CORP\jsmith</Data>
    <Data Name="LogonGuid">{4b5f1a2e-3b41-668e-2f6e-0a0000000000}</Data>
    <Data Name="LogonId">0x6e2f6e</Data>
    <Data Name="TerminalSessionId">1</Data>
    <Data Name="IntegrityLevel">High</Data>
    <Data Name="Hashes">SHA256=B095BE4E176B42317490A39EF0A6668F40C18519</Data>
    <Data Name="ParentProcessGuid">{4b5f1a2e-3c9c-668e-0f00-000000004b00}</Data>
    <Data Name="ParentProcessId">7939</Data>
    <Data Name="ParentImage">C:\Windows\System32\certutil.exe</Data>
    <Data Name="ParentCommandLine">"C:\Windows\System32\certutil.exe" </Data>
    <Data Name="ParentUser">CORP\jsmith</Data>
  </EventData>
</Event>
<Event>
  <System>
    <Provider Name="Microsoft-Windows-Sysmon" Guid="{5770385f-c22a-43e0-bf4c-06f5698ffbd9}"/>
    <EventID>1</EventID>
    <Version>5</Version>
    <Level>4</Level>
    <Task>1</Task>
    <Opcode>0</Opcode>
    <Keywords>0x8000000000000000</Keywords>
    <TimeCreated SystemTime="2026-07-11T09:00:26.6043474Z"/>
    <EventRecordID>420099</EventRecordID>
    <Correlation/>
    <Execution ProcessID="3688" ThreadID="3924"/>
    <Channel>Microsoft-Windows-Sysmon/Operational</Channel>
    <Computer>WIN10-WKS-017.corp.local</Computer>
    <Security UserID="S-1-5-18"/>
  </System>
  <EventData>
    <Data Name="RuleName">-</Data>
    <Data Name="UtcTime">2026-07-11 09:00:26.277</Data>
    <Data Name="ProcessGuid">{4b5f1a2e-0062-668e-1200-000000004b00}</Data>
    <Data Name="ProcessId">1136</Data>
    <Data Name="Image">C:\Windows\System32\notepad.exe</Data>
    <Data Name="FileVersion">10.0.19041.1 (WinBuild.160101.0800)</Data>
    <Data Name="Description">Notepad</Data>
    <Data Name="Product">Microsoft(R) Windows(R) Operating System</Data>
    <Data Name="Company">Microsoft Corporation</Data>
    <Data Name="OriginalFileName">NOTEPAD.EXE</Data>
    <Data Name="CommandLine">"C:\Windows\System32\notepad.exe"</Data>
    <Data Name="CurrentDirectory">C:\Users\agupta\</Data>
    <Data Name="User">CORP\agupta</Data>
    <Data Name="LogonGuid">{4b5f1a2e-3b41-668e-2f6e-0a0000000000}</Data>
    <Data Name="LogonId">0x6e2f6e</Data>
    <Data Name="TerminalSessionId">1</Data>
    <Data Name="IntegrityLevel">High</Data>
    <Data Name="Hashes">SHA256=309C7C3AF256E0179AFC50BBB97818C0874AC42C</Data>
    <Data Name="ParentProcessGuid">{4b5f1a2e-3c9c-668e-0f00-000000004b00}</Data>
    <Data Name="ParentProcessId">2091</Data>
    <Data Name="ParentImage">C:\Windows\System32\certutil.exe</Data>
    <Data Name="ParentCommandLine">"C:\Windows\System32\certutil.exe" </Data>
    <Data Name="ParentUser">CORP\agupta</Data>
  </EventData>
</Event>
<Event>
  <System>
    <Provider Name="Microsoft-Windows-Sysmon" Guid="{5770385f-c22a-43e0-bf4c-06f5698ffbd9}"/>
    <EventID>1</EventID>
    <Version>5</Version>
    <Level>4</Level>
    <Task>1</Task>
    <Opcode>0</Opcode>
    <Keywords>0x8000000000000000</Keywords>
    <TimeCreated SystemTime="2026-07-11T09:01:03.5524481Z"/>
    <EventRecordID>420100</EventRecordID>
    <Correlation/>
    <Execution ProcessID="3688" ThreadID="3924"/>
    <Channel>Microsoft-Windows-Sysmon/Operational</Channel>
    <Computer>WIN10-WKS-017.corp.local</Computer>
    <Security UserID="S-1-5-18"/>
  </System>
  <EventData>
    <Data Name="RuleName">-</Data>
    <Data Name="UtcTime">2026-07-11 09:01:03.319</Data>
    <Data Name="ProcessGuid">{4b5f1a2e-0063-668e-1200-000000004b00}</Data>
    <Data Name="ProcessId">4938</Data>
    <Data Name="Image">C:\Windows\System32\wscript.exe</Data>
    <Data Name="FileVersion">10.0.19041.1 (WinBuild.160101.0800)</Data>
    <Data Name="Description">Microsoft (r) Windows Based Script Host</Data>
    <Data Name="Product">Microsoft(R) Windows(R) Operating System</Data>
    <Data Name="Company">Microsoft Corporation</Data>
    <Data Name="OriginalFileName">WScript.exe</Data>
    <Data Name="CommandLine">"C:\Windows\System32\wscript.exe"</Data>
    <Data Name="CurrentDirectory">C:\Users\admin\</Data>
    <Data Name="User">CORP\admin</Data>
    <Data Name="LogonGuid">{4b5f1a2e-3b41-668e-2f6e-0a0000000000}</Data>
    <Data Name="LogonId">0x6e2f6e</Data>
    <Data Name="TerminalSessionId">1</Data>
    <Data Name="IntegrityLevel">Medium</Data>
    <Data Name="Hashes">SHA256=E4646494D45A235A40ADD9E846345087770B2F4F</Data>
    <Data Name="ParentProcessGuid">{4b5f1a2e-3c9c-668e-0f00-000000004b00}</Data>
    <Data Name="ParentProcessId">3502</Data>
    <Data Name="ParentImage">C:\Windows\System32\certutil.exe</Data>
    <Data Name="ParentCommandLine">"C:\Windows\System32\certutil.exe" </Data>
    <Data Name="ParentUser">CORP\admin</Data>
  </EventData>
</Event>
<Event>
  <System>
    <Provider Name="Microsoft-Windows-Sysmon" Guid="{5770385f-c22a-43e0-bf4c-06f5698ffbd9}"/>
    <EventID>1</EventID>
    <Version>5</Version>
    <Level>4</Level>
    <Task>1</Task>
    <Opcode>0</Opcode>
    <Keywords>0x8000000000000000</Keywords>
    <TimeCreated SystemTime="2026-07-11T09:01:40.0540722Z"/>
    <EventRecordID>420101</EventRecordID>
    <Correlation/>
    <Execution ProcessID="3688" ThreadID="3924"/>
    <Channel>Microsoft-Windows-Sysmon/Operational</Channel>
    <Computer>WIN10-WKS-017.corp.local</Computer>
    <Security UserID="S-1-5-18"/>
  </System>
  <EventData>
    <Data Name="RuleName">-</Data>
    <Data Name="UtcTime">2026-07-11 09:01:40.231</Data>
    <Data Name="ProcessGuid">{4b5f1a2e-0064-668e-1200-000000004b00}</Data>
    <Data Name="ProcessId">8763</Data>
    <Data Name="Image">C:\Windows\System32\svchost.exe</Data>
    <Data Name="FileVersion">10.0.19041.1 (WinBuild.160101.0800)</Data>
    <Data Name="Description">Host Process for Windows Services</Data>
    <Data Name="Product">Microsoft(R) Windows(R) Operating System</Data>
    <Data Name="Company">Microsoft Corporation</Data>
    <Data Name="OriginalFileName">svchost.exe</Data>
    <Data Name="CommandLine">"C:\Windows\System32\svchost.exe"</Data>
    <Data Name="CurrentDirectory">C:\Users\admin\</Data>
    <Data Name="User">CORP\admin</Data>
    <Data Name="LogonGuid">{4b5f1a2e-3b41-668e-2f6e-0a0000000000}</Data>
    <Data Name="LogonId">0x6e2f6e</Data>
    <Data Name="TerminalSessionId">1</Data>
    <Data Name="IntegrityLevel">System</Data>
    <Data Name="Hashes">SHA256=D08D76625EFAE7DC1CAC13EE17C1C169EC99E5D9</Data>
    <Data Name="ParentProcessGuid">{4b5f1a2e-3c9c-668e-0f00-000000004b00}</Data>
    <Data Name="ParentProcessId">3253</Data>
    <Data Name="ParentImage">C:\Windows\System32\WindowsPowerShell\v1.0\powershell.exe</Data>
    <Data Name="ParentCommandLine">"C:\Windows\System32\WindowsPowerShell\v1.0\powershell.exe" </Data>
    <Data Name="ParentUser">CORP\admin</Data>
  </EventData>
</Event>
<Event>
  <System>
    <Provider Name="Microsoft-Windows-Sysmon" Guid="{5770385f-c22a-43e0-bf4c-06f5698ffbd9}"/>
    <EventID>1</EventID>
    <Version>5</Version>
    <Level>4</Level>
    <Task>1</Task>
    <Opcode>0</Opcode>
    <Keywords>0x8000000000000000</Keywords>
    <TimeCreated SystemTime="2026-07-11T09:02:17.3016063Z"/>
    <EventRecordID>420102</EventRecordID>
    <Correlation/>
    <Execution ProcessID="3688" ThreadID="3924"/>
    <Channel>Microsoft-Windows-Sysmon/Operational</Channel>
    <Computer>WIN10-WKS-017.corp.local</Computer>
    <Security UserID="S-1-5-18"/>
  </System>
  <EventData>
    <Data Name="RuleName">-</Data>
    <Data Name="UtcTime">2026-07-11 09:02:17.115</Data>
    <Data Name="ProcessGuid">{4b5f1a2e-0065-668e-1200-000000004b00}</Data>
    <Data Name="ProcessId">8400</Data>
    <Data Name="Image">C:\Windows\System32\certutil.exe</Data>
    <Data Name="FileVersion">10.0.19041.1 (WinBuild.160101.0800)</Data>
    <Data Name="Description">CertUtil Utility</Data>
    <Data Name="Product">Microsoft(R) Windows(R) Operating System</Data>
    <Data Name="Company">Microsoft Corporation</Data>
    <Data Name="OriginalFileName">CertUtil.exe</Data>
    <Data Name="CommandLine">CertUtil.exe /arg101</Data>
    <Data Name="CurrentDirectory">C:\Users\SYSTEM\</Data>
    <Data Name="User">NT AUTHORITY\SYSTEM</Data>
    <Data Name="LogonGuid">{4b5f1a2e-3b41-668e-2f6e-0a0000000000}</Data>
    <Data Name="LogonId">0x6e2f6e</Data>
    <Data Name="TerminalSessionId">1</Data>
    <Data Name="IntegrityLevel">Medium</Data>
    <Data Name="Hashes">SHA256=4CDAE05E6E28A5323EB2C5CC15A45451D99E9534</Data>
    <Data Name="ParentProcessGuid">{4b5f1a2e-3c9c-668e-0f00-000000004b00}</Data>
    <Data Name="ParentProcessId">2481</Data>
    <Data Name="ParentImage">C:\Windows\System32\whoami.exe</Data>
    <Data Name="ParentCommandLine">"C:\Windows\System32\whoami.exe" </Data>
    <Data Name="ParentUser">NT AUTHORITY\SYSTEM</Data>
  </EventData>
</Event>
<Event>
  <System>
    <Provider Name="Microsoft-Windows-Sysmon" Guid="{5770385f-c22a-43e0-bf4c-06f5698ffbd9}"/>
    <EventID>1</EventID>
    <Version>5</Version>
    <Level>4</Level>
    <Task>1</Task>
    <Opcode>0</Opcode>
    <Keywords>0x8000000000000000</Keywords>
    <TimeCreated SystemTime="2026-07-11T09:02:54.0096478Z"/>
    <EventRecordID>420103</EventRecordID>
    <Correlation/>
    <Execution ProcessID="3688" ThreadID="3924"/>
    <Channel>Microsoft-Windows-Sysmon/Operational</Channel>
    <Computer>WIN10-WKS-042.corp.local</Computer>
    <Security UserID="S-1-5-18"/>
  </System>
  <EventData>
    <Data Name="RuleName">-</Data>
    <Data Name="UtcTime">2026-07-11 09:02:54.556</Data>
    <Data Name="ProcessGuid">{4b5f1a2e-0066-668e-1200-000000004b00}</Data>
    <Data Name="ProcessId">8514</Data>
    <Data Name="Image">C:\Windows\System32\notepad.exe</Data>
    <Data Name="FileVersion">10.0.19041.1 (WinBuild.160101.0800)</Data>
    <Data Name="Description">Notepad</Data>
    <Data Name="Product">Microsoft(R) Windows(R) Operating System</Data>
    <Data Name="Company">Microsoft Corporation</Data>
    <Data Name="OriginalFileName">NOTEPAD.EXE</Data>
    <Data Name="CommandLine">NOTEPAD.EXE /arg102</Data>
    <Data Name="CurrentDirectory">C:\Users\ltefera\</Data>
    <Data Name="User">CORP\ltefera</Data>
    <Data Name="LogonGuid">{4b5f1a2e-3b41-668e-2f6e-0a0000000000}</Data>
    <Data Name="LogonId">0x6e2f6e</Data>
    <Data Name="TerminalSessionId">1</Data>
    <Data Name="IntegrityLevel">Low</Data>
    <Data Name="Hashes">SHA256=F76FEDE207861541B1419A213D5595EB129ABC2D</Data>
    <Data Name="ParentProcessGuid">{4b5f1a2e-3c9c-668e-0f00-000000004b00}</Data>
    <Data Name="ParentProcessId">9153</Data>
    <Data Name="ParentImage">C:\Windows\System32\whoami.exe</Data>
    <Data Name="ParentCommandLine">"C:\Windows\System32\whoami.exe" </Data>
    <Data Name="ParentUser">CORP\ltefera</Data>
  </EventData>
</Event>
<Event>
  <System>
    <Provider Name="Microsoft-Windows-Sysmon" Guid="{5770385f-c22a-43e0-bf4c-06f5698ffbd9}"/>
    <EventID>1</EventID>
    <Version>5</Version>
    <Level>4</Level>
    <Task>1</Task>
    <Opcode>0</Opcode>
    <Keywords>0x8000000000000000</Keywords>
    <TimeCreated SystemTime="2026-07-11T09:03:31.8802102Z"/>
    <EventRecordID>420104</EventRecordID>
    <Correlation/>
    <Execution ProcessID="3688" ThreadID="3924"/>
    <Channel>Microsoft-Windows-Sysmon/Operational</Channel>
    <Computer>WIN10-WKS-042.corp.local</Computer>
    <Security UserID="S-1-5-18"/>
  </System>
  <EventData>
    <Data Name="RuleName">-</Data>
    <Data Name="UtcTime">2026-07-11 09:03:31.423</Data>
    <Data Name="ProcessGuid">{4b5f1a2e-0067-668e-1200-000000004b00}</Data>
    <Data Name="ProcessId">2999</Data>
    <Data Name="Image">C:\Windows\System32\wscript.exe</Data>
    <Data Name="FileVersion">10.0.19041.1 (WinBuild.160101.0800)</Data>
    <Data Name="Description">Microsoft (r) Windows Based Script Host</Data>
    <Data Name="Product">Microsoft(R) Windows(R) Operating System</Data>
    <Data Name="Company">Microsoft Corporation</Data>
    <Data Name="OriginalFileName">WScript.exe</Data>
    <Data Name="CommandLine">"C:\Windows\System32\wscript.exe"</Data>
    <Data Name="CurrentDirectory">C:\Users\agupta\</Data>
    <Data Name="User">CORP\agupta</Data>
    <Data Name="LogonGuid">{4b5f1a2e-3b41-668e-2f6e-0a0000000000}</Data>
    <Data Name="LogonId">0x6e2f6e</Data>
    <Data Name="TerminalSessionId">1</Data>
    <Data Name="IntegrityLevel">System</Data>
    <Data Name="Hashes">SHA256=66132F9DA8B4FFF5796030E36DD1AB60698299A0</Data>
    <Data Name="ParentProcessGuid">{4b5f1a2e-3c9c-668e-0f00-000000004b00}</Data>
    <Data Name="ParentProcessId">5496</Data>
    <Data Name="ParentImage">C:\Windows\System32\cmd.exe</Data>
    <Data Name="ParentCommandLine">"C:\Windows\System32\cmd.exe" </Data>
    <Data Name="ParentUser">CORP\agupta</Data>
  </EventData>
</Event>
<Event>
  <System>
    <Provider Name="Microsoft-Windows-Sysmon" Guid="{5770385f-c22a-43e0-bf4c-06f5698ffbd9}"/>
    <EventID>1</EventID>
    <Version>5</Version>
    <Level>4</Level>
    <Task>1</Task>
    <Opcode>0</Opcode>
    <Keywords>0x8000000000000000</Keywords>
    <TimeCreated SystemTime="2026-07-11T09:04:08.5669639Z"/>
    <EventRecordID>420105</EventRecordID>
    <Correlation/>
    <Execution ProcessID="3688" ThreadID="3924"/>
    <Channel>Microsoft-Windows-Sysmon/Operational</Channel>
    <Computer>WIN11-WKS-103.corp.local</Computer>
    <Security UserID="S-1-5-18"/>
  </System>
  <EventData>
    <Data Name="RuleName">-</Data>
    <Data Name="UtcTime">2026-07-11 09:04:08.853</Data>
    <Data Name="ProcessGuid">{4b5f1a2e-0068-668e-1200-000000004b00}</Data>
    <Data Name="ProcessId">1477</Data>
    <Data Name="Image">C:\Windows\System32\cmd.exe</Data>
    <Data Name="FileVersion">10.0.19041.1 (WinBuild.160101.0800)</Data>
    <Data Name="Description">Windows Command Processor</Data>
    <Data Name="Product">Microsoft(R) Windows(R) Operating System</Data>
    <Data Name="Company">Microsoft Corporation</Data>
    <Data Name="OriginalFileName">Cmd.Exe</Data>
    <Data Name="CommandLine">"C:\Windows\System32\cmd.exe"</Data>
    <Data Name="CurrentDirectory">C:\Users\agupta\</Data>
    <Data Name="User">CORP\agupta</Data>
    <Data Name="LogonGuid">{4b5f1a2e-3b41-668e-2f6e-0a0000000000}</Data>
    <Data Name="LogonId">0x6e2f6e</Data>
    <Data Name="TerminalSessionId">1</Data>
    <Data Name="IntegrityLevel">System</Data>
    <Data Name="Hashes">SHA256=FF14F4EAED19A06AB2480AC5C539A18D2F7BE969</Data>
    <Data Name="ParentProcessGuid">{4b5f1a2e-3c9c-668e-0f00-000000004b00}</Data>
    <Data Name="ParentProcessId">3877</Data>
    <Data Name="ParentImage">C:\Windows\System32\svchost.exe</Data>
    <Data Name="ParentCommandLine">"C:\Windows\System32\svchost.exe" </Data>
    <Data Name="ParentUser">CORP\agupta</Data>
  </EventData>
</Event>
<Event>
  <System>
    <Provider Name="Microsoft-Windows-Sysmon" Guid="{5770385f-c22a-43e0-bf4c-06f5698ffbd9}"/>
    <EventID>1</EventID>
    <Version>5</Version>
    <Level>4</Level>
    <Task>1</Task>
    <Opcode>0</Opcode>
    <Keywords>0x8000000000000000</Keywords>
    <TimeCreated SystemTime="2026-07-11T09:04:45.8097744Z"/>
    <EventRecordID>420106</EventRecordID>
    <Correlation/>
    <Execution ProcessID="3688" ThreadID="3924"/>
    <Channel>Microsoft-Windows-Sysmon/Operational</Channel>
    <Computer>WIN10-WKS-042.corp.local</Computer>
    <Security UserID="S-1-5-18"/>
  </System>
  <EventData>
    <Data Name="RuleName">-</Data>
    <Data Name="UtcTime">2026-07-11 09:04:45.818</Data>
    <Data Name="ProcessGuid">{4b5f1a2e-0069-668e-1200-000000004b00}</Data>
    <Data Name="ProcessId">2517</Data>
    <Data Name="Image">C:\Windows\System32\WindowsPowerShell\v1.0\powershell.exe</Data>
    <Data Name="FileVersion">10.0.19041.1 (WinBuild.160101.0800)</Data>
    <Data Name="Description">Windows PowerShell</Data>
    <Data Name="Product">Microsoft(R) Windows(R) Operating System</Data>
    <Data Name="Company">Microsoft Corporation</Data>
    <Data Name="OriginalFileName">PowerShell.EXE</Data>
    <Data Name="CommandLine">PowerShell.EXE /arg105</Data>
    <Data Name="CurrentDirectory">C:\Users\agupta\</Data>
    <Data Name="User">CORP\agupta</Data>
    <Data Name="LogonGuid">{4b5f1a2e-3b41-668e-2f6e-0a0000000000}</Data>
    <Data Name="LogonId">0x6e2f6e</Data>
    <Data Name="TerminalSessionId">1</Data>
    <Data Name="IntegrityLevel">High</Data>
    <Data Name="Hashes">SHA256=46AF9A43461EC30912AE139096A6698AE3845830</Data>
    <Data Name="ParentProcessGuid">{4b5f1a2e-3c9c-668e-0f00-000000004b00}</Data>
    <Data Name="ParentProcessId">8270</Data>
    <Data Name="ParentImage">C:\Windows\System32\cmd.exe</Data>
    <Data Name="ParentCommandLine">"C:\Windows\System32\cmd.exe" </Data>
    <Data Name="ParentUser">CORP\agupta</Data>
  </EventData>
</Event>
<Event>
  <System>
    <Provider Name="Microsoft-Windows-Sysmon" Guid="{5770385f-c22a-43e0-bf4c-06f5698ffbd9}"/>
    <EventID>1</EventID>
    <Version>5</Version>
    <Level>4</Level>
    <Task>1</Task>
    <Opcode>0</Opcode>
    <Keywords>0x8000000000000000</Keywords>
    <TimeCreated SystemTime="2026-07-11T09:05:22.2374929Z"/>
    <EventRecordID>420107</EventRecordID>
    <Correlation/>
    <Execution ProcessID="3688" ThreadID="3924"/>
    <Channel>Microsoft-Windows-Sysmon/Operational</Channel>
    <Computer>WIN10-WKS-042.corp.local</Computer>
    <Security UserID="S-1-5-18"/>
  </System>
  <EventData>
    <Data Name="RuleName">-</Data>
    <Data Name="UtcTime">2026-07-11 09:05:22.277</Data>
    <Data Name="ProcessGuid">{4b5f1a2e-006a-668e-1200-000000004b00}</Data>
    <Data Name="ProcessId">9888</Data>
    <Data Name="Image">C:\Windows\System32\certutil.exe</Data>
    <Data Name="FileVersion">10.0.19041.1 (WinBuild.160101.0800)</Data>
    <Data Name="Description">CertUtil Utility</Data>
    <Data Name="Product">Microsoft(R) Windows(R) Operating System</Data>
    <Data Name="Company">Microsoft Corporation</Data>
    <Data Name="OriginalFileName">CertUtil.exe</Data>
    <Data Name="CommandLine">CertUtil.exe /arg106</Data>
    <Data Name="CurrentDirectory">C:\Users\ltefera\</Data>
    <Data Name="User">CORP\ltefera</Data>
    <Data Name="LogonGuid">{4b5f1a2e-3b41-668e-2f6e-0a0000000000}</Data>
    <Data Name="LogonId">0x6e2f6e</Data>
    <Data Name="TerminalSessionId">1</Data>
    <Data Name="IntegrityLevel">High</Data>
    <Data Name="Hashes">SHA256=97529AE140F13C12DC5EB9A62E42E3E9EF7748BC</Data>
    <Data Name="ParentProcessGuid">{4b5f1a2e-3c9c-668e-0f00-000000004b00}</Data>
    <Data Name="ParentProcessId">6739</Data>
    <Data Name="ParentImage">C:\Windows\System32\wscript.exe</Data>
    <Data Name="ParentCommandLine">"C:\Windows\System32\wscript.exe" </Data>
    <Data Name="ParentUser">CORP\ltefera</Data>
  </EventData>
</Event>
<Event>
  <System>
    <Provider Name="Microsoft-Windows-Sysmon" Guid="{5770385f-c22a-43e0-bf4c-06f5698ffbd9}"/>
    <EventID>1</EventID>
    <Version>5</Version>
    <Level>4</Level>
    <Task>1</Task>
    <Opcode>0</Opcode>
    <Keywords>0x8000000000000000</Keywords>
    <TimeCreated SystemTime="2026-07-11T09:05:59.5896198Z"/>
    <EventRecordID>420108</EventRecordID>
    <Correlation/>
    <Execution ProcessID="3688" ThreadID="3924"/>
    <Channel>Microsoft-Windows-Sysmon/Operational</Channel>
    <Computer>WIN10-WKS-017.corp.local</Computer>
    <Security UserID="S-1-5-18"/>
  </System>
  <EventData>
    <Data Name="RuleName">-</Data>
    <Data Name="UtcTime">2026-07-11 09:05:59.115</Data>
    <Data Name="ProcessGuid">{4b5f1a2e-006b-668e-1200-000000004b00}</Data>
    <Data Name="ProcessId">8987</Data>
    <Data Name="Image">C:\Windows\System32\WindowsPowerShell\v1.0\powershell.exe</Data>
    <Data Name="FileVersion">10.0.19041.1 (WinBuild.160101.0800)</Data>
    <Data Name="Description">Windows PowerShell</Data>
    <Data Name="Product">Microsoft(R) Windows(R) Operating System</Data>
    <Data Name="Company">Microsoft Corporation</Data>
    <Data Name="OriginalFileName">PowerShell.EXE</Data>
    <Data Name="CommandLine">"C:\Windows\System32\WindowsPowerShell\v1.0\powershell.exe"</Data>
    <Data Name="CurrentDirectory">C:\Users\admin\</Data>
    <Data Name="User">CORP\admin</Data>
    <Data Name="LogonGuid">{4b5f1a2e-3b41-668e-2f6e-0a0000000000}</Data>
    <Data Name="LogonId">0x6e2f6e</Data>
    <Data Name="TerminalSessionId">1</Data>
    <Data Name="IntegrityLevel">Low</Data>
    <Data Name="Hashes">SHA256=FE59B43C3A29ECD775FC2A6DDA752F3EA3E59C23</Data>
    <Data Name="ParentProcessGuid">{4b5f1a2e-3c9c-668e-0f00-000000004b00}</Data>
    <Data Name="ParentProcessId">1495</Data>
    <Data Name="ParentImage">C:\Windows\System32\svchost.exe</Data>
    <Data Name="ParentCommandLine">"C:\Windows\System32\svchost.exe" </Data>
    <Data Name="ParentUser">CORP\admin</Data>
  </EventData>
</Event>
<Event>
  <System>
    <Provider Name="Microsoft-Windows-Sysmon" Guid="{5770385f-c22a-43e0-bf4c-06f5698ffbd9}"/>
    <EventID>1</EventID>
    <Version>5</Version>
    <Level>4</Level>
    <Task>1</Task>
    <Opcode>0</Opcode>
    <Keywords>0x8000000000000000</Keywords>
    <TimeCreated SystemTime="2026-07-11T09:06:36.9743668Z"/>
    <EventRecordID>420109</EventRecordID>
    <Correlation/>
    <Execution ProcessID="3688" ThreadID="3924"/>
    <Channel>Microsoft-Windows-Sysmon/Operational</Channel>
    <Computer>WIN11-WKS-103.corp.local</Computer>
    <Security UserID="S-1-5-18"/>
  </System>
  <EventData>
    <Data Name="RuleName">-</Data>
    <Data Name="UtcTime">2026-07-11 09:06:36.142</Data>
    <Data Name="ProcessGuid">{4b5f1a2e-006c-668e-1200-000000004b00}</Data>
    <Data Name="ProcessId">2007</Data>
    <Data Name="Image">C:\Windows\System32\certutil.exe</Data>
    <Data Name="FileVersion">10.0.19041.1 (WinBuild.160101.0800)</Data>
    <Data Name="Description">CertUtil Utility</Data>
    <Data Name="Product">Microsoft(R) Windows(R) Operating System</Data>
    <Data Name="Company">Microsoft Corporation</Data>
    <Data Name="OriginalFileName">CertUtil.exe</Data>
    <Data Name="CommandLine">"C:\Windows\System32\certutil.exe"</Data>
    <Data Name="CurrentDirectory">C:\Users\agupta\</Data>
    <Data Name="User">CORP\agupta</Data>
    <Data Name="LogonGuid">{4b5f1a2e-3b41-668e-2f6e-0a0000000000}</Data>
    <Data Name="LogonId">0x6e2f6e</Data>
    <Data Name="TerminalSessionId">1</Data>
    <Data Name="IntegrityLevel">System</Data>
    <Data Name="Hashes">SHA256=044E9CE66A99DB20C491B10B3907DCACCCD65F46</Data>
    <Data Name="ParentProcessGuid">{4b5f1a2e-3c9c-668e-0f00-000000004b00}</Data>
    <Data Name="ParentProcessId">2483</Data>
    <Data Name="ParentImage">C:\Windows\System32\rundll32.exe</Data>
    <Data Name="ParentCommandLine">"C:\Windows\System32\rundll32.exe" </Data>
    <Data Name="ParentUser">CORP\agupta</Data>
  </EventData>
</Event>
<Event>
  <System>
    <Provider Name="Microsoft-Windows-Sysmon" Guid="{5770385f-c22a-43e0-bf4c-06f5698ffbd9}"/>
    <EventID>1</EventID>
    <Version>5</Version>
    <Level>4</Level>
    <Task>1</Task>
    <Opcode>0</Opcode>
    <Keywords>0x8000000000000000</Keywords>
    <TimeCreated SystemTime="2026-07-11T09:07:13.2106365Z"/>
    <EventRecordID>420110</EventRecordID>
    <Correlation/>
    <Execution ProcessID="3688" ThreadID="3924"/>
    <Channel>Microsoft-Windows-Sysmon/Operational</Channel>
    <Computer>WIN10-WKS-017.corp.local</Computer>
    <Security UserID="S-1-5-18"/>
  </System>
  <EventData>
    <Data Name="RuleName">-</Data>
    <Data Name="UtcTime">2026-07-11 09:07:13.686</Data>
    <Data Name="ProcessGuid">{4b5f1a2e-006d-668e-1200-000000004b00}</Data>
    <Data Name="ProcessId">3527</Data>
    <Data Name="Image">C:\Windows\System32\wscript.exe</Data>
    <Data Name="FileVersion">10.0.19041.1 (WinBuild.160101.0800)</Data>
    <Data Name="Description">Microsoft (r) Windows Based Script Host</Data>
    <Data Name="Product">Microsoft(R) Windows(R) Operating System</Data>
    <Data Name="Company">Microsoft Corporation</Data>
    <Data Name="OriginalFileName">WScript.exe</Data>
    <Data Name="CommandLine">WScript.exe /arg109</Data>
    <Data Name="CurrentDirectory">C:\Users\admin\</Data>
    <Data Name="User">CORP\admin</Data>
    <Data Name="LogonGuid">{4b5f1a2e-3b41-668e-2f6e-0a0000000000}</Data>
    <Data Name="LogonId">0x6e2f6e</Data>
    <Data Name="TerminalSessionId">1</Data>
    <Data Name="IntegrityLevel">Low</Data>
    <Data Name="Hashes">SHA256=40204FD424DED5EDECB75D0F78DB11FB3F248E22</Data>
    <Data Name="ParentProcessGuid">{4b5f1a2e-3c9c-668e-0f00-000000004b00}</Data>
    <Data Name="ParentProcessId">5726</Data>
    <Data Name="ParentImage">C:\Windows\System32\rundll32.exe</Data>
    <Data Name="ParentCommandLine">"C:\Windows\System32\rundll32.exe" </Data>
    <Data Name="ParentUser">CORP\admin</Data>
  </EventData>
</Event>
<Event>
  <System>
    <Provider Name="Microsoft-Windows-Sysmon" Guid="{5770385f-c22a-43e0-bf4c-06f5698ffbd9}"/>
    <EventID>1</EventID>
    <Version>5</Version>
    <Level>4</Level>
    <Task>1</Task>
    <Opcode>0</Opcode>
    <Keywords>0x8000000000000000</Keywords>
    <TimeCreated SystemTime="2026-07-11T09:07:50.5763748Z"/>
    <EventRecordID>420111</EventRecordID>
    <Correlation/>
    <Execution ProcessID="3688" ThreadID="3924"/>
    <Channel>Microsoft-Windows-Sysmon/Operational</Channel>
    <Computer>WIN11-WKS-103.corp.local</Computer>
    <Security UserID="S-1-5-18"/>
  </System>
  <EventData>
    <Data Name="RuleName">-</Data>
    <Data Name="UtcTime">2026-07-11 09:07:50.925</Data>
    <Data Name="ProcessGuid">{4b5f1a2e-006e-668e-1200-000000004b00}</Data>
    <Data Name="ProcessId">9834</Data>
    <Data Name="Image">C:\Windows\System32\notepad.exe</Data>
    <Data Name="FileVersion">10.0.19041.1 (WinBuild.160101.0800)</Data>
    <Data Name="Description">Notepad</Data>
    <Data Name="Product">Microsoft(R) Windows(R) Operating System</Data>
    <Data Name="Company">Microsoft Corporation</Data>
    <Data Name="OriginalFileName">NOTEPAD.EXE</Data>
    <Data Name="CommandLine">NOTEPAD.EXE /arg110</Data>
    <Data Name="CurrentDirectory">C:\Users\SYSTEM\</Data>
    <Data Name="User">NT AUTHORITY\SYSTEM</Data>
    <Data Name="LogonGuid">{4b5f1a2e-3b41-668e-2f6e-0a0000000000}</Data>
    <Data Name="LogonId">0x6e2f6e</Data>
    <Data Name="TerminalSessionId">1</Data>
    <Data Name="IntegrityLevel">High</Data>
    <Data Name="Hashes">SHA256=0FEFADB9951981F51909F2428848880354EB587F</Data>
    <Data Name="ParentProcessGuid">{4b5f1a2e-3c9c-668e-0f00-000000004b00}</Data>
    <Data Name="ParentProcessId">6119</Data>
    <Data Name="ParentImage">C:\Windows\System32\mshta.exe</Data>
    <Data Name="ParentCommandLine">"C:\Windows\System32\mshta.exe" </Data>
    <Data Name="ParentUser">NT AUTHORITY\SYSTEM</Data>
  </EventData>
</Event>
<Event>
  <System>
    <Provider Name="Microsoft-Windows-Sysmon" Guid="{5770385f-c22a-43e0-bf4c-06f5698ffbd9}"/>
    <EventID>1</EventID>
    <Version>5</Version>
    <Level>4</Level>
    <Task>1</Task>
    <Opcode>0</Opcode>
    <Keywords>0x8000000000000000</Keywords>
    <TimeCreated SystemTime="2026-07-11T09:08:27.2586212Z"/>
    <EventRecordID>420112</EventRecordID>
    <Correlation/>
    <Execution ProcessID="3688" ThreadID="3924"/>
    <Channel>Microsoft-Windows-Sysmon/Operational</Channel>
    <Computer>WIN10-WKS-017.corp.local</Computer>
    <Security UserID="S-1-5-18"/>
  </System>
  <EventData>
    <Data Name="RuleName">-</Data>
    <Data Name="UtcTime">2026-07-11 09:08:27.841</Data>
    <Data Name="ProcessGuid">{4b5f1a2e-006f-668e-1200-000000004b00}</Data>
    <Data Name="ProcessId">2382</Data>
    <Data Name="Image">C:\Windows\System32\WindowsPowerShell\v1.0\powershell.exe</Data>
    <Data Name="FileVersion">10.0.19041.1 (WinBuild.160101.0800)</Data>
    <Data Name="Description">Windows PowerShell</Data>
    <Data Name="Product">Microsoft(R) Windows(R) Operating System</Data>
    <Data Name="Company">Microsoft Corporation</Data>
    <Data Name="OriginalFileName">PowerShell.EXE</Data>
    <Data Name="CommandLine">PowerShell.EXE /arg111</Data>
    <Data Name="CurrentDirectory">C:\Users\admin\</Data>
    <Data Name="User">CORP\admin</Data>
    <Data Name="LogonGuid">{4b5f1a2e-3b41-668e-2f6e-0a0000000000}</Data>
    <Data Name="LogonId">0x6e2f6e</Data>
    <Data Name="TerminalSessionId">1</Data>
    <Data Name="IntegrityLevel">High</Data>
    <Data Name="Hashes">SHA256=FDC7E56B18315ECF9F7CCF84D09ECA13BD8A8838</Data>
    <Data Name="ParentProcessGuid">{4b5f1a2e-3c9c-668e-0f00-000000004b00}</Data>
    <Data Name="ParentProcessId">3376</Data>
    <Data Name="ParentImage">C:\Windows\System32\wscript.exe</Data>
    <Data Name="ParentCommandLine">"C:\Windows\System32\wscript.exe" </Data>
    <Data Name="ParentUser">CORP\admin</Data>
  </EventData>
</Event>
<Event>
  <System>
    <Provider Name="Microsoft-Windows-Sysmon" Guid="{5770385f-c22a-43e0-bf4c-06f5698ffbd9}"/>
    <EventID>1</EventID>
    <Version>5</Version>
    <Level>4</Level>
    <Task>1</Task>
    <Opcode>0</Opcode>
    <Keywords>0x8000000000000000</Keywords>
    <TimeCreated SystemTime="2026-07-11T09:09:04.3018500Z"/>
    <EventRecordID>420113</EventRecordID>
    <Correlation/>
    <Execution ProcessID="3688" ThreadID="3924"/>
    <Channel>Microsoft-Windows-Sysmon/Operational</Channel>
    <Computer>WIN11-WKS-103.corp.local</Computer>
    <Security UserID="S-1-5-18"/>
  </System>
  <EventData>
    <Data Name="RuleName">-</Data>
    <Data Name="UtcTime">2026-07-11 09:09:04.706</Data>
    <Data Name="ProcessGuid">{4b5f1a2e-0070-668e-1200-000000004b00}</Data>
    <Data Name="ProcessId">4193</Data>
    <Data Name="Image">C:\Windows\System32\certutil.exe</Data>
    <Data Name="FileVersion">10.0.19041.1 (WinBuild.160101.0800)</Data>
    <Data Name="Description">CertUtil Utility</Data>
    <Data Name="Product">Microsoft(R) Windows(R) Operating System</Data>
    <Data Name="Company">Microsoft Corporation</Data>
    <Data Name="OriginalFileName">CertUtil.exe</Data>
    <Data Name="CommandLine">"C:\Windows\System32\certutil.exe"</Data>
    <Data Name="CurrentDirectory">C:\Users\mkim\</Data>
    <Data Name="User">CORP\mkim</Data>
    <Data Name="LogonGuid">{4b5f1a2e-3b41-668e-2f6e-0a0000000000}</Data>
    <Data Name="LogonId">0x6e2f6e</Data>
    <Data Name="TerminalSessionId">1</Data>
    <Data Name="IntegrityLevel">Medium</Data>
    <Data Name="Hashes">SHA256=A0020D33EB7986102163324C53589E2E8DA85281</Data>
    <Data Name="ParentProcessGuid">{4b5f1a2e-3c9c-668e-0f00-000000004b00}</Data>
    <Data Name="ParentProcessId">9518</Data>
    <Data Name="ParentImage">C:\Windows\System32\rundll32.exe</Data>
    <Data Name="ParentCommandLine">"C:\Windows\System32\rundll32.exe" </Data>
    <Data Name="ParentUser">CORP\mkim</Data>
  </EventData>
</Event>
<Event>
  <System>
    <Provider Name="Microsoft-Windows-Sysmon" Guid="{5770385f-c22a-43e0-bf4c-06f5698ffbd9}"/>
    <EventID>1</EventID>
    <Version>5</Version>
    <Level>4</Level>
    <Task>1</Task>
    <Opcode>0</Opcode>
    <Keywords>0x8000000000000000</Keywords>
    <TimeCreated SystemTime="2026-07-11T09:09:41.3366669Z"/>
    <EventRecordID>420114</EventRecordID>
    <Correlation/>
    <Execution ProcessID="3688" ThreadID="3924"/>
    <Channel>Microsoft-Windows-Sysmon/Operational</Channel>
    <Computer>WIN10-WKS-017.corp.local</Computer>
    <Security UserID="S-1-5-18"/>
  </System>
  <EventData>
    <Data Name="RuleName">-</Data>
    <Data Name="UtcTime">2026-07-11 09:09:41.503</Data>
    <Data Name="ProcessGuid">{4b5f1a2e-0071-668e-1200-000000004b00}</Data>
    <Data Name="ProcessId">5336</Data>
    <Data Name="Image">C:\Windows\System32\rundll32.exe</Data>
    <Data Name="FileVersion">10.0.19041.1 (WinBuild.160101.0800)</Data>
    <Data Name="Description">Windows host process (Rundll32)</Data>
    <Data Name="Product">Microsoft(R) Windows(R) Operating System</Data>
    <Data Name="Company">Microsoft Corporation</Data>
    <Data Name="OriginalFileName">RUNDLL32.EXE</Data>
    <Data Name="CommandLine">"C:\Windows\System32\rundll32.exe"</Data>
    <Data Name="CurrentDirectory">C:\Users\agupta\</Data>
    <Data Name="User">CORP\agupta</Data>
    <Data Name="LogonGuid">{4b5f1a2e-3b41-668e-2f6e-0a0000000000}</Data>
    <Data Name="LogonId">0x6e2f6e</Data>
    <Data Name="TerminalSessionId">1</Data>
    <Data Name="IntegrityLevel">High</Data>
    <Data Name="Hashes">SHA256=C5F34D63E831228E0F401C84AC0FFDC270CF3BA9</Data>
    <Data Name="ParentProcessGuid">{4b5f1a2e-3c9c-668e-0f00-000000004b00}</Data>
    <Data Name="ParentProcessId">3915</Data>
    <Data Name="ParentImage">C:\Windows\System32\rundll32.exe</Data>
    <Data Name="ParentCommandLine">"C:\Windows\System32\rundll32.exe" </Data>
    <Data Name="ParentUser">CORP\agupta</Data>
  </EventData>
</Event>
<Event>
  <System>
    <Provider Name="Microsoft-Windows-Sysmon" Guid="{5770385f-c22a-43e0-bf4c-06f5698ffbd9}"/>
    <EventID>1</EventID>
    <Version>5</Version>
    <Level>4</Level>
    <Task>1</Task>
    <Opcode>0</Opcode>
    <Keywords>0x8000000000000000</Keywords>
    <TimeCreated SystemTime="2026-07-11T09:10:18.4864699Z"/>
    <EventRecordID>420115</EventRecordID>
    <Correlation/>
    <Execution ProcessID="3688" ThreadID="3924"/>
    <Channel>Microsoft-Windows-Sysmon/Operational</Channel>
    <Computer>WIN10-WKS-017.corp.local</Computer>
    <Security UserID="S-1-5-18"/>
  </System>
  <EventData>
    <Data Name="RuleName">-</Data>
    <Data Name="UtcTime">2026-07-11 09:10:18.470</Data>
    <Data Name="ProcessGuid">{4b5f1a2e-0072-668e-1200-000000004b00}</Data>
    <Data Name="ProcessId">9759</Data>
    <Data Name="Image">C:\Windows\System32\rundll32.exe</Data>
    <Data Name="FileVersion">10.0.19041.1 (WinBuild.160101.0800)</Data>
    <Data Name="Description">Windows host process (Rundll32)</Data>
    <Data Name="Product">Microsoft(R) Windows(R) Operating System</Data>
    <Data Name="Company">Microsoft Corporation</Data>
    <Data Name="OriginalFileName">RUNDLL32.EXE</Data>
    <Data Name="CommandLine">"C:\Windows\System32\rundll32.exe"</Data>
    <Data Name="CurrentDirectory">C:\Users\SYSTEM\</Data>
    <Data Name="User">NT AUTHORITY\SYSTEM</Data>
    <Data Name="LogonGuid">{4b5f1a2e-3b41-668e-2f6e-0a0000000000}</Data>
    <Data Name="LogonId">0x6e2f6e</Data>
    <Data Name="TerminalSessionId">1</Data>
    <Data Name="IntegrityLevel">High</Data>
    <Data Name="Hashes">SHA256=651C69C3BF2E641607FC29FE01A1A1C36E47214F</Data>
    <Data Name="ParentProcessGuid">{4b5f1a2e-3c9c-668e-0f00-000000004b00}</Data>
    <Data Name="ParentProcessId">6571</Data>
    <Data Name="ParentImage">C:\Windows\System32\whoami.exe</Data>
    <Data Name="ParentCommandLine">"C:\Windows\System32\whoami.exe" </Data>
    <Data Name="ParentUser">NT AUTHORITY\SYSTEM</Data>
  </EventData>
</Event>
<Event>
  <System>
    <Provider Name="Microsoft-Windows-Sysmon" Guid="{5770385f-c22a-43e0-bf4c-06f5698ffbd9}"/>
    <EventID>1</EventID>
    <Version>5</Version>
    <Level>4</Level>
    <Task>1</Task>
    <Opcode>0</Opcode>
    <Keywords>0x8000000000000000</Keywords>
    <TimeCreated SystemTime="2026-07-11T09:10:55.5156264Z"/>
    <EventRecordID>420116</EventRecordID>
    <Correlation/>
    <Execution ProcessID="3688" ThreadID="3924"/>
    <Channel>Microsoft-Windows-Sysmon/Operational</Channel>
    <Computer>WIN10-WKS-042.corp.local</Computer>
    <Security UserID="S-1-5-18"/>
  </System>
  <EventData>
    <Data Name="RuleName">-</Data>
    <Data Name="UtcTime">2026-07-11 09:10:55.051</Data>
    <Data Name="ProcessGuid">{4b5f1a2e-0073-668e-1200-000000004b00}</Data>
    <Data Name="ProcessId">3138</Data>
    <Data Name="Image">C:\Windows\System32\whoami.exe</Data>
    <Data Name="FileVersion">10.0.19041.1 (WinBuild.160101.0800)</Data>
    <Data Name="Description">whoami - displays logged on user information</Data>
    <Data Name="Product">Microsoft(R) Windows(R) Operating System</Data>
    <Data Name="Company">Microsoft Corporation</Data>
    <Data Name="OriginalFileName">whoami.exe</Data>
    <Data Name="CommandLine">"C:\Windows\System32\whoami.exe"</Data>
    <Data Name="CurrentDirectory">C:\Users\ltefera\</Data>
    <Data Name="User">CORP\ltefera</Data>
    <Data Name="LogonGuid">{4b5f1a2e-3b41-668e-2f6e-0a0000000000}</Data>
    <Data Name="LogonId">0x6e2f6e</Data>
    <Data Name="TerminalSessionId">1</Data>
    <Data Name="IntegrityLevel">High</Data>
    <Data Name="Hashes">SHA256=3E5233F726DACA34A615A2384D5B5E7143C50F20</Data>
    <Data Name="ParentProcessGuid">{4b5f1a2e-3c9c-668e-0f00-000000004b00}</Data>
    <Data Name="ParentProcessId">1235</Data>
    <Data Name="ParentImage">C:\Windows\System32\mshta.exe</Data>
    <Data Name="ParentCommandLine">"C:\Windows\System32\mshta.exe" </Data>
    <Data Name="ParentUser">CORP\ltefera</Data>
  </EventData>
</Event>
