<Event>
  <System>
    <Provider Name="Microsoft-Windows-Sysmon" Guid="{5770385f-c22a-43e0-bf4c-06f5698ffbd9}"/>
    <EventID>1</EventID>
    <Version>5</Version>
    <Level>4</Level>
    <Task>1</Task>
    <Opcode>0</Opcode>
    <Keywords>0x8000000000000000</Keywords>
    <TimeCreated SystemTime="2026-07-11T09:11:32.4545782Z"/>
    <EventRecordID>420117</EventRecordID>
    <Correlation/>
    <Execution ProcessID="3688" ThreadID="3924"/>
    <Channel>Microsoft-Windows-Sysmon/Operational</Channel>
    <Computer>WIN10-WKS-017.corp.local</Computer>
    <Security UserID="S-1-5-18"/>
  </System>
  <EventData>
    <Data Name="RuleName">-</Data>
    <Data Name="UtcTime">2026-07-11 09:11:32.655</Data>
    <Data Name="ProcessGuid">{4b5f1a2e-0074-668e-1200-000000004b00}</Data>
    <Data Name="ProcessId">8798</Data>
    <Data Name="Image">C:\Windows\System32\whoami.exe</Data>
    <Data Name="FileVersion">10.0.19041.1 (WinBuild.160101.0800)</Data>
    <Data Name="Description">whoami - displays logged on user information</Data>
    <Data Name="Product">Microsoft(R) Windows(R) Operating System</Data>
    <Data Name="Company">Microsoft Corporation</Data>
    <Data Name="OriginalFileName">whoami.exe</Data>
    <Data Name="CommandLine">"C:\Windows\System32\whoami.exe"</Data>
    <Data Name="CurrentDirectory">C:\Users\jsmith\</Data>
    <Data Name="User">CORP\jsmith</Data>
    <Data Name="LogonGuid">{4b5f1a2e-3b41-668e-2f6e-0a0000000000}</Data>
    <Data Name="LogonId">0x6e2f6e</Data>
    <Data Name="TerminalSessionId">1</Data>
    <Data Name="IntegrityLevel">Low</Data>
    <Data Name="Hashes">SHA256=ED7515F29BD07633B7E681634FF5511B96D8AE13</Data>
    <Data Name="ParentProcessGuid">{4b5f1a2e-3c9c-668e-0f00-000000004b00}</Data>
    <Data Name="ParentProcessId">3079</Data>
    <Data Name="ParentImage">C:\Windows\System32\WindowsPowerShell\v1.0\powershell.exe</Data>
    <Data Name="ParentCommandLine">"C:\Windows\System32\WindowsPowerShell\v1.0\powershell.exe" </Data>
    <Data Name="ParentUser">CORP\jsmith</Data>
  </EventData>
</Event>
<Event>
  <System>
    <Provider Name="Microsoft-Windows-Sysmon" Guid="{5770385f-c22a-43e0-bf4c-06f5698ffbd9}"/>
    <EventID>1</EventID>
    <Version>5</Version>
    <Level>4</Level>
    <Task>1</Task>
    <Opcode>0</Opcode>
    <Keywords>0x8000000000000000</Keywords>
    <TimeCreated SystemTime="2026-07-11T09:12:09.3947676Z"/>
    <EventRecordID>420118</EventRecordID>
    <Correlation/>
    <Execution ProcessID="3688" ThreadID="3924"/>
    <Channel>Microsoft-Windows-Sysmon/Operational</Channel>
    <Computer>WIN10-WKS-042.corp.local</Computer>
    <Security UserID="S-1-5-18"/>
  </System>
  <EventData>
    <Data Name="RuleName">-</Data>
    <Data Name="UtcTime">2026-07-11 09:12:09.916</Data>
    <Data Name="ProcessGuid">{4b5f1a2e-0075-668e-1200-000000004b00}</Data>
    <Data Name="ProcessId">8947</Data>
    <Data Name="Image">C:\Windows\System32\whoami.exe</Data>
    <Data Name="FileVersion">10.0.19041.1 (WinBuild.160101.0800)</Data>
    <Data Name="Description">whoami - displays logged on user information</Data>
    <Data Name="Product">Microsoft(R) Windows(R) Operating System</Data>
    <Data Name="Company">Microsoft Corporation</Data>
    <Data Name="OriginalFileName">whoami.exe</Data>
    <Data Name="CommandLine">"C:\Windows\System32\whoami.exe"</Data>
    <Data Name="CurrentDirectory">C:\Users\rjones\</Data>
    <Data Name="User">CORP\rjones</Data>
    <Data Name="LogonGuid">{4b5f1a2e-3b41-668e-2f6e-0a0000000000}</Data>
    <Data Name="LogonId">0x6e2f6e</Data>
    <Data Name="TerminalSessionId">1</Data>
    <Data Name="IntegrityLevel">Medium</Data>
    <Data Name="Hashes">SHA256=EAD6A73A737D6C72FF1D46E5CB4E6B86A411843E</Data>
    <Data Name="ParentProcessGuid">{4b5f1a2e-3c9c-668e-0f00-000000004b00}</Data>
    <Data Name="ParentProcessId">9436</Data>
    <Data Name="ParentImage">C:\Windows\System32\wscript.exe</Data>
    <Data Name="ParentCommandLine">"C:\Windows\System32\wscript.exe" </Data>
    <Data Name="ParentUser">CORP\rjones</Data>
  </EventData>
</Event>
<Event>
  <System>
    <Provider Name="Microsoft-Windows-Sysmon" Guid="{5770385f-c22a-43e0-bf4c-06f5698ffbd9}"/>
    <EventID>1</EventID>
    <Version>5</Version>
    <Level>4</Level>
    <Task>1</Task>
    <Opcode>0</Opcode>
    <Keywords>0x8000000000000000</Keywords>
    <TimeCreated SystemTime="2026-07-11T09:12:46.2851044Z"/>
    <EventRecordID>420119</EventRecordID>
    <Correlation/>
    <Execution ProcessID="3688" ThreadID="3924"/>
    <Channel>Microsoft-Windows-Sysmon/Operational</Channel>
    <Computer>WIN10-WKS-042.corp.local</Computer>
    <Security UserID="S-1-5-18"/>
  </System>
  <EventData>
    <Data Name="RuleName">-</Data>
    <Data Name="UtcTime">2026-07-11 09:12:46.653</Data>
    <Data Name="ProcessGuid">{4b5f1a2e-0076-668e-1200-000000004b00}</Data>
    <Data Name="ProcessId">5835</Data>
    <Data Name="Image">C:\Windows\System32\mshta.exe</Data>
    <Data Name="FileVersion">10.0.19041.1 (WinBuild.160101.0800)</Data>
    <Data Name="Description">HTML Application Host</Data>
    <Data Name="Product">Microsoft(R) Windows(R) Operating System</Data>
    <Data Name="Company">Microsoft Corporation</Data>
    <Data Name="OriginalFileName">MSHTA.EXE</Data>
    <Data Name="CommandLine">MSHTA.EXE /arg118</Data>
    <Data Name="CurrentDirectory">C:\Users\rjones\</Data>
    <Data Name="User">CORP\rjones</Data>
    <Data Name="LogonGuid">{4b5f1a2e-3b41-668e-2f6e-0a0000000000}</Data>
    <Data Name="LogonId">0x6e2f6e</Data>
    <Data Name="TerminalSessionId">1</Data>
    <Data Name="IntegrityLevel">Low</Data>
    <Data Name="Hashes">SHA256=72DF6FE80D77AD740D11F1DCF3EF720D64B9720F</Data>
    <Data Name="ParentProcessGuid">{4b5f1a2e-3c9c-668e-0f00-000000004b00}</Data>
    <Data Name="ParentProcessId">3568</Data>
    <Data Name="ParentImage">C:\Windows\System32\rundll32.exe</Data>
    <Data Name="ParentCommandLine">"C:\Windows\System32\rundll32.exe" </Data>
    <Data Name="ParentUser">CORP\rjones</Data>
  </EventData>
</Event>
<Event>
  <System>
    <Provider Name="Microsoft-Windows-Sysmon" Guid="{5770385f-c22a-43e0-bf4c-06f5698ffbd9}"/>
    <EventID>1</EventID>
    <Version>5</Version>
    <Level>4</Level>
    <Task>1</Task>
    <Opcode>0</Opcode>
    <Keywords>0x8000000000000000</Keywords>
    <TimeCreated SystemTime="2026-07-11T09:13:23.6800818Z"/>
    <EventRecordID>420120</EventRecordID>
    <Correlation/>
    <Execution ProcessID="3688" ThreadID="3924"/>
    <Channel>Microsoft-Windows-Sysmon/Operational</Channel>
    <Computer>WIN11-WKS-103.corp.local</Computer>
    <Security UserID="S-1-5-18"/>
  </System>
  <EventData>
    <Data Name="RuleName">-</Data>
    <Data Name="UtcTime">2026-07-11 09:13:23.141</Data>
    <Data Name="ProcessGuid">{4b5f1a2e-0077-668e-1200-000000004b00}</Data>
    <Data Name="ProcessId">1399</Data>
    <Data Name="Image">C:\Program Files\Google\Chrome\Application\chrome.exe</Data>
    <Data Name="FileVersion">10.0.19041.1 (WinBuild.160101.0800)</Data>
    <Data Name="Description">Google Chrome</Data>
    <Data Name="Product">Microsoft(R) Windows(R) Operating System</Data>
    <Data Name="Company">Microsoft Corporation</Data>
    <Data Name="OriginalFileName">chrome.exe</Data>
    <Data Name="CommandLine">"C:\Program Files\Google\Chrome\Application\chrome.exe"</Data>
    <Data Name="CurrentDirectory">C:\Users\SYSTEM\</Data>
    <Data Name="User">NT AUTHORITY\SYSTEM</Data>
    <Data Name="LogonGuid">{4b5f1a2e-3b41-668e-2f6e-0a0000000000}</Data>
    <Data Name="LogonId">0x6e2f6e</Data>
    <Data Name="TerminalSessionId">1</Data>
    <Data Name="IntegrityLevel">System</Data>
    <Data Name="Hashes">SHA256=5BE02CA19D862A1B13CBE1BB5264A73F67AB8D81</Data>
    <Data Name="ParentProcessGuid">{4b5f1a2e-3c9c-668e-0f00-000000004b00}</Data>
    <Data Name="ParentProcessId">8452</Data>
    <Data Name="ParentImage">C:\Windows\System32\WindowsPowerShell\v1.0\powershell.exe</Data>
    <Data Name="ParentCommandLine">"C:\Windows\System32\WindowsPowerShell\v1.0\powershell.exe" </Data>
    <Data Name="ParentUser">NT AUTHORITY\SYSTEM</Data>
  </EventData>
</Event>
<Event>
  <System>
    <Provider Name="Microsoft-Windows-Sysmon" Guid="{5770385f-c22a-43e0-bf4c-06f5698ffbd9}"/>
    <EventID>1</EventID>
    <Version>5</Version>
    <Level>4</Level>
    <Task>1</Task>
    <Opcode>0</Opcode>
    <Keywords>0x8000000000000000</Keywords>
    <TimeCreated SystemTime="2026-07-11T09:14:00.8923876Z"/>
    <EventRecordID>420121</EventRecordID>
    <Correlation/>
    <Execution ProcessID="3688" ThreadID="3924"/>
    <Channel>Microsoft-Windows-Sysmon/Operational</Channel>
    <Computer>WIN10-WKS-017.corp.local</Computer>
    <Security UserID="S-1-5-18"/>
  </System>
  <EventData>
    <Data Name="RuleName">-</Data>
    <Data Name="UtcTime">2026-07-11 09:14:00.481</Data>
    <Data Name="ProcessGuid">{4b5f1a2e-0078-668e-1200-000000004b00}</Data>
    <Data Name="ProcessId">9215</Data>
    <Data Name="Image">C:\Windows\System32\cmd.exe</Data>
    <Data Name="FileVersion">10.0.19041.1 (WinBuild.160101.0800)</Data>
    <Data Name="Description">Windows Command Processor</Data>
    <Data Name="Product">Microsoft(R) Windows(R) Operating System</Data>
    <Data Name="Company">Microsoft Corporation</Data>
    <Data Name="OriginalFileName">Cmd.Exe</Data>
    <Data Name="CommandLine">Cmd.Exe /arg120</Data>
    <Data Name="CurrentDirectory">C:\Users\agupta\</Data>
    <Data Name="User">CORP\agupta</Data>
    <Data Name="LogonGuid">{4b5f1a2e-3b41-668e-2f6e-0a0000000000}</Data>
    <Data Name="LogonId">0x6e2f6e</Data>
    <Data Name="TerminalSessionId">1</Data>
    <Data Name="IntegrityLevel">System</Data>
    <Data Name="Hashes">SHA256=9EB26E22C59235834F4609D4FBDE096207ADAAFE</Data>
    <Data Name="ParentProcessGuid">{4b5f1a2e-3c9c-668e-0f00-000000004b00}</Data>
    <Data Name="ParentProcessId">9629</Data>
    <Data Name="ParentImage">C:\Windows\System32\svchost.exe</Data>
    <Data Name="ParentCommandLine">"C:\Windows\System32\svchost.exe" </Data>
    <Data Name="ParentUser">CORP\agupta</Data>
  </EventData>
</Event>
<Event>
  <System>
    <Provider Name="Microsoft-Windows-Sysmon" Guid="{5770385f-c22a-43e0-bf4c-06f5698ffbd9}"/>
    <EventID>1</EventID>
    <Version>5</Version>
    <Level>4</Level>
    <Task>1</Task>
    <Opcode>0</Opcode>
    <Keywords>0x8000000000000000</Keywords>
    <TimeCreated SystemTime="2026-07-11T09:14:37.4834292Z"/>
    <EventRecordID>420122</EventRecordID>
    <Correlation/>
    <Execution ProcessID="3688" ThreadID="3924"/>
    <Channel>Microsoft-Windows-Sysmon/Operational</Channel>
    <Computer>WIN10-WKS-017.corp.local</Computer>
    <Security UserID="S-1-5-18"/>
  </System>
  <EventData>
    <Data Name="RuleName">-</Data>
    <Data Name="UtcTime">2026-07-11 09:14:37.380</Data>
    <Data Name="ProcessGuid">{4b5f1a2e-0079-668e-1200-000000004b00}</Data>
    <Data Name="ProcessId">3813</Data>
    <Data Name="Image">C:\Windows\System32\mshta.exe</Data>
    <Data Name="FileVersion">10.0.19041.1 (WinBuild.160101.0800)</Data>
    <Data Name="Description">HTML Application Host</Data>
    <Data Name="Product">Microsoft(R) Windows(R) Operating System</Data>
    <Data Name="Company">Microsoft Corporation</Data>
    <Data Name="OriginalFileName">MSHTA.EXE</Data>
    <Data Name="CommandLine">"C:\Windows\System32\mshta.exe"</Data>
    <Data Name="CurrentDirectory">C:\Users\ltefera\</Data>
    <Data Name="User">CORP\ltefera</Data>
    <Data Name="LogonGuid">{4b5f1a2e-3b41-668e-2f6e-0a0000000000}</Data>
    <Data Name="LogonId">0x6e2f6e</Data>
    <Data Name="TerminalSessionId">1</Data>
    <Data Name="IntegrityLevel">Medium</Data>
    <Data Name="Hashes">SHA256=14B9E5595545731A4E8B561AB4BE5930CF4EA40A</Data>
    <Data Name="ParentProcessGuid">{4b5f1a2e-3c9c-668e-0f00-000000004b00}</Data>
    <Data Name="ParentProcessId">5259</Data>
    <Data Name="ParentImage">C:\Program Files\Google\Chrome\Application\chrome.exe</Data>
    <Data Name="ParentCommandLine">"C:\Program Files\Google\Chrome\Application\chrome.exe" </Data>
    <Data Name="ParentUser">CORP\ltefera</Data>
  </EventData>
</Event>
<Event>
  <System>
    <Provider Name="Microsoft-Windows-Sysmon" Guid="{5770385f-c22a-43e0-bf4c-06f5698ffbd9}"/>
    <EventID>3</EventID>
    <Version>5</Version>
    <Level>4</Level>
    <Task>3</Task>
    <Opcode>0</Opcode>
    <Keywords>0x8000000000000000</Keywords>
    <TimeCreated SystemTime="2026-07-11T08:18:17.4597554Z"/>
    <EventRecordID>420163</EventRecordID>
    <Correlation/>
    <Execution ProcessID="3688" ThreadID="3924"/>
    <Channel>Microsoft-Windows-Sysmon/Operational</Channel>
    <Computer>WIN10-WKS-042.corp.local</Computer>
    <Security UserID="S-1-5-18"/>
  </System>
  <EventData>
    <Data Name="UtcTime">2026-07-11 08:18:17.477</Data>
    <Data Name="ProcessGuid">{4b5f1a2e-000c-668e-1300-000000004b00}</Data>
    <Data Name="ProcessId">9119</Data>
    <Data Name="Image">C:\Windows\System32\svchost.exe</Data>
    <Data Name="User">NT AUTHORITY\SYSTEM</Data>
    <Data Name="Protocol">tcp</Data>
    <Data Name="SourceIp">10.0.185.22</Data>
    <Data Name="DestinationIp">93.184.216.34</Data>
    <Data Name="DestinationPort">443</Data>
  </EventData>
</Event>
<Event>
  <System>
    <Provider Name="Microsoft-Windows-Sysmon" Guid="{5770385f-c22a-43e0-bf4c-06f5698ffbd9}"/>
    <EventID>1</EventID>
    <Version>5</Version>
    <Level>4</Level>
    <Task>1</Task>
    <Opcode>0</Opcode>
    <Keywords>0x8000000000000000</Keywords>
    <TimeCreated SystemTime="2026-07-11T09:15:14.8035971Z"/>
    <EventRecordID>420123</EventRecordID>
    <Correlation/>
    <Execution ProcessID="3688" ThreadID="3924"/>
    <Channel>Microsoft-Windows-Sysmon/Operational</Channel>
    <Computer>WIN11-WKS-103.corp.local</Computer>
    <Security UserID="S-1-5-18"/>
  </System>
  <EventData>
    <Data Name="RuleName">-</Data>
    <Data Name="UtcTime">2026-07-11 09:15:14.749</Data>
    <Data Name="ProcessGuid">{4b5f1a2e-007a-668e-1200-000000004b00}</Data>
    <Data Name="ProcessId">8243</Data>
    <Data Name="Image">C:\Program Files\Google\Chrome\Application\chrome.exe</Data>
    <Data Name="FileVersion">10.0.19041.1 (WinBuild.160101.0800)</Data>
    <Data Name="Description">Google Chrome</Data>
    <Data Name="Product">Microsoft(R) Windows(R) Operating System</Data>
    <Data Name="Company">Microsoft Corporation</Data>
    <Data Name="OriginalFileName">chrome.exe</Data>
    <Data Name="CommandLine">chrome.exe /arg122</Data>
    <Data Name="CurrentDirectory">C:\Users\agupta\</Data>
    <Data Name="User">CORP\agupta</Data>
    <Data Name="LogonGuid">{4b5f1a2e-3b41-668e-2f6e-0a0000000000}</Data>
    <Data Name="LogonId">0x6e2f6e</Data>
    <Data Name="TerminalSessionId">1</Data>
    <Data Name="IntegrityLevel">Medium</Data>
    <Data Name="Hashes">SHA256=14390C7EB2A1678602E2C6FA1BC4DBCB09BB9E26</Data>
    <Data Name="ParentProcessGuid">{4b5f1a2e-3c9c-668e-0f00-000000004b00}</Data>
    <Data Name="ParentProcessId">6549</Data>
    <Data Name="ParentImage">C:\Windows\System32\mshta.exe</Data>
    <Data Name="ParentCommandLine">"C:\Windows\System32\mshta.exe" </Data>
    <Data Name="ParentUser">CORP\agupta</Data>
  </EventData>
</Event>
<Event>
  <System>
    <Provider Name="Microsoft-Windows-Sysmon" Guid="{5770385f-c22a-43e0-bf4c-06f5698ffbd9}"/>
    <EventID>1</EventID>
    <Version>5</Version>
    <Level>4</Level>
    <Task>1</Task>
    <Opcode>0</Opcode>
    <Keywords>0x8000000000000000</Keywords>
    <TimeCreated SystemTime="2026-07-11T09:15:51.2341557Z"/>
    <EventRecordID>420124</EventRecordID>
    <Correlation/>
    <Execution ProcessID="3688" ThreadID="3924"/>
    <Channel>Microsoft-Windows-Sysmon/Operational</Channel>
    <Computer>WIN10-WKS-017.corp.local</Computer>
    <Security UserID="S-1-5-18"/>
  </System>
  <EventData>
    <Data Name="RuleName">-</Data>
    <Data Name="UtcTime">2026-07-11 09:15:51.424</Data>
    <Data Name="ProcessGuid">{4b5f1a2e-007b-668e-1200-000000004b00}</Data>
    <Data Name="ProcessId">3683</Data>
    <Data Name="Image">C:\Windows\System32\mshta.exe</Data>
    <Data Name="FileVersion">10.0.19041.1 (WinBuild.160101.0800)</Data>
    <Data Name="Description">HTML Application Host</Data>
    <Data Name="Product">Microsoft(R) Windows(R) Operating System</Data>
    <Data Name="Company">Microsoft Corporation</Data>
    <Data Name="OriginalFileName">MSHTA.EXE</Data>
    <Data Name="CommandLine">MSHTA.EXE /arg123</Data>
    <Data Name="CurrentDirectory">C:\Users\admin\</Data>
    <Data Name="User">CORP\admin</Data>
    <Data Name="LogonGuid">{4b5f1a2e-3b41-668e-2f6e-0a0000000000}</Data>
    <Data Name="LogonId">0x6e2f6e</Data>
    <Data Name="TerminalSessionId">1</Data>
    <Data Name="IntegrityLevel">System</Data>
    <Data Name="Hashes">SHA256=2469FA2C20D8D5E465C9F199FE700489F39D5F70</Data>
    <Data Name="ParentProcessGuid">{4b5f1a2e-3c9c-668e-0f00-000000004b00}</Data>
    <Data Name="ParentProcessId">7944</Data>
    <Data Name="ParentImage">C:\Windows\System32\rundll32.exe</Data>
    <Data Name="ParentCommandLine">"C:\Windows\System32\rundll32.exe" </Data>
    <Data Name="ParentUser">CORP\admin</Data>
  </EventData>
</Event>
<Event>
  <System>
    <Provider Name="Microsoft-Windows-Sysmon" Guid="{5770385f-c22a-43e0-bf4c-06f5698ffbd9}"/>
    <EventID>1</EventID>
    <Version>5</Version>
    <Level>4</Level>
    <Task>1</Task>
    <Opcode>0</Opcode>
    <Keywords>0x8000000000000000</Keywords>
    <TimeCreated SystemTime="2026-07-11T09:16:28.4327037Z"/>
    <EventRecordID>420125</EventRecordID>
    <Correlation/>
    <Execution ProcessID="3688" ThreadID="3924"/>
    <Channel>Microsoft-Windows-Sysmon/Operational</Channel>
    <Computer>WIN11-WKS-103.corp.local</Computer>
    <Security UserID="S-1-5-18"/>
  </System>
  <EventData>
    <Data Name="RuleName">-</Data>
    <Data Name="UtcTime">2026-07-11 09:16:28.889</Data>
    <Data Name="ProcessGuid">{4b5f1a2e-007c-668e-1200-000000004b00}</Data>
    <Data Name="ProcessId">6927</Data>
    <Data Name="Image">C:\Windows\System32\cmd.exe</Data>
    <Data Name="FileVersion">10.0.19041.1 (WinBuild.160101.0800)</Data>
    <Data Name="Description">Windows Command Processor</Data>
    <Data Name="Product">Microsoft(R) Windows(R) Operating System</Data>
    <Data Name="Company">Microsoft Corporation</Data>
    <Data Name="OriginalFileName">Cmd.Exe</Data>
    <Data Name="CommandLine">Cmd.Exe /arg124</Data>
    <Data Name="CurrentDirectory">C:\Users\mkim\</Data>
    <Data Name="User">CORP\mkim</Data>
    <Data Name="LogonGuid">{4b5f1a2e-3b41-668e-2f6e-0a0000000000}</Data>
    <Data Name="LogonId">0x6e2f6e</Data>
    <Data Name="TerminalSessionId">1</Data>
    <Data Name="IntegrityLevel">High</Data>
    <Data Name="Hashes">SHA256=F3B08514AE4B518BDB19926535AA98B3B4049BFD</Data>
    <Data Name="ParentProcessGuid">{4b5f1a2e-3c9c-668e-0f00-000000004b00}</Data>
    <Data Name="ParentProcessId">8872</Data>
    <Data Name="ParentImage">C:\Program Files\Google\Chrome\Application\chrome.exe</Data>
    <Data Name="ParentCommandLine">"C:\Program Files\Google\Chrome\Application\chrome.exe" </Data>
    <Data Name="ParentUser">CORP\mkim</Data>
  </EventData>
</Event>
<Event>
  <System>
    <Provider Name="Microsoft-Windows-Sysmon" Guid="{5770385f-c22a-43e0-bf4c-06f5698ffbd9}"/>
    <EventID>1</EventID>
    <Version>5</Version>
    <Level>4</Level>
    <Task>1</Task>
    <Opcode>0</Opcode>
    <Keywords>0x8000000000000000</Keywords>
    <TimeCreated SystemTime="2026-07-11T09:17:05.9372679Z"/>
    <EventRecordID>420126</EventRecordID>
    <Correlation/>
    <Execution ProcessID="3688" ThreadID="3924"/>
    <Channel>Microsoft-Windows-Sysmon/Operational</Channel>
    <Computer>WIN10-WKS-042.corp.local</Computer>
    <Security UserID="S-1-5-18"/>
  </System>
  <EventData>
    <Data Name="RuleName">-</Data>
    <Data Name="UtcTime">2026-07-11 09:17:05.814</Data>
    <Data Name="ProcessGuid">{4b5f1a2e-007d-668e-1200-000000004b00}</Data>
    <Data Name="ProcessId">9247</Data>
    <Data Name="Image">C:\Windows\System32\svchost.exe</Data>
    <Data Name="FileVersion">10.0.19041.1 (WinBuild.160101.0800)</Data>
    <Data Name="Description">Host Process for Windows Services</Data>
    <Data Name="Product">Microsoft(R) Windows(R) Operating System</Data>
    <Data Name="Company">Microsoft Corporation</Data>
    <Data Name="OriginalFileName">svchost.exe</Data>
    <Data Name="CommandLine">svchost.exe /arg125</Data>
    <Data Name="CurrentDirectory">C:\Users\jsmith\</Data>
    <Data Name="User">CORP\jsmith</Data>
    <Data Name="LogonGuid">{4b5f1a2e-3b41-668e-2f6e-0a0000000000}</Data>
    <Data Name="LogonId">0x6e2f6e</Data>
    <Data Name="TerminalSessionId">1</Data>
    <Data Name="IntegrityLevel">Medium</Data>
    <Data Name="Hashes">SHA256=3DE2340FB9B4EA5903744794642D320FD16311F3</Data>
    <Data Name="ParentProcessGuid">{4b5f1a2e-3c9c-668e-0f00-000000004b00}</Data>
    <Data Name="ParentProcessId">4622</Data>
    <Data Name="ParentImage">C:\Windows\System32\WindowsPowerShell\v1.0\powershell.exe</Data>
    <Data Name="ParentCommandLine">"C:\Windows\System32\WindowsPowerShell\v1.0\powershell.exe" </Data>
    <Data Name="ParentUser">CORP\jsmith</Data>
  </EventData>
</Event>
<Event>
  <System>
    <Provider Name="Microsoft-Windows-Sysmon" Guid="{5770385f-c22a-43e0-bf4c-06f5698ffbd9}"/>
    <EventID>1</EventID>
    <Version>5</Version>
    <Level>4</Level>
    <Task>1</Task>
    <Opcode>0</Opcode>
    <Keywords>0x8000000000000000</Keywords>
    <TimeCreated SystemTime="2026-07-11T09:17:42.3446060Z"/>
    <EventRecordID>420127</EventRecordID>
    <Correlation/>
    <Execution ProcessID="3688" ThreadID="3924"/>
    <Channel>Microsoft-Windows-Sysmon/Operational</Channel>
    <Computer>WIN11-WKS-103.corp.local</Computer>
    <Security UserID="S-1-5-18"/>
  </System>
  <EventData>
    <Data Name="RuleName">-</Data>
    <Data Name="UtcTime">2026-07-11 09:17:42.942</Data>
    <Data Name="ProcessGuid">{4b5f1a2e-007e-668e-1200-000000004b00}</Data>
    <Data Name="ProcessId">1168</Data>
    <Data Name="Image">C:\Program Files\Google\Chrome\Application\chrome.exe</Data>
    <Data Name="FileVersion">10.0.19041.1 (WinBuild.160101.0800)</Data>
    <Data Name="Description">Google Chrome</Data>
    <Data Name="Product">Microsoft(R) Windows(R) Operating System</Data>
    <Data Name="Company">Microsoft Corporation</Data>
    <Data Name="OriginalFileName">chrome.exe</Data>
    <Data Name="CommandLine">chrome.exe /arg126</Data>
    <Data Name="CurrentDirectory">C:\Users\jsmith\</Data>
    <Data Name="User">CORP\jsmith</Data>
    <Data Name="LogonGuid">{4b5f1a2e-3b41-668e-2f6e-0a0000000000}</Data>
    <Data Name="LogonId">0x6e2f6e</Data>
    <Data Name="TerminalSessionId">1</Data>
    <Data Name="IntegrityLevel">Low</Data>
    <Data Name="Hashes">SHA256=65B0248BB572306695036FB5E35BCD67D3A3E34F</Data>
    <Data Name="ParentProcessGuid">{4b5f1a2e-3c9c-668e-0f00-000000004b00}</Data>
    <Data Name="ParentProcessId">2581</Data>
    <Data Name="ParentImage">C:\Windows\System32\whoami.exe</Data>
    <Data Name="ParentCommandLine">"C:\Windows\System32\whoami.exe" </Data>
    <Data Name="ParentUser">CORP\jsmith</Data>
  </EventData>
</Event>
<Event>
  <System>
    <Provider Name="Microsoft-Windows-Sysmon" Guid="{5770385f-c22a-43e0-bf4c-06f5698ffbd9}"/>
    <EventID>3</EventID>
    <Version>5</Version>
    <Level>4</Level>
    <Task>3</Task>
    <Opcode>0</Opcode>
    <Keywords>0x8000000000000000</Keywords>
    <TimeCreated SystemTime="2026-07-11T08:15:15.0387847Z"/>
    <EventRecordID>420161</EventRecordID>
    <Correlation/>
    <Execution ProcessID="3688" ThreadID="3924"/>
    <Channel>Microsoft-Windows-Sysmon/Operational</Channel>
    <Computer>WIN11-WKS-103.corp.local</Computer>
    <Security UserID="S-1-5-18"/>
  </System>
  <EventData>
    <Data Name="UtcTime">2026-07-11 08:15:15.629</Data>
    <Data Name="ProcessGuid">{4b5f1a2e-000a-668e-1300-000000004b00}</Data>
    <Data Name="ProcessId">5143</Data>
    <Data Name="Image">C:\Windows\System32\svchost.exe</Data>
    <Data Name="User">NT AUTHORITY\SYSTEM</Data>
    <Data Name="Protocol">tcp</Data>
    <Data Name="SourceIp">10.0.232.1</Data>
    <Data Name="DestinationIp">93.184.216.34</Data>
    <Data Name="DestinationPort">443</Data>
  </EventData>
</Event>
<Event>
  <System>
    <Provider Name="Microsoft-Windows-Sysmon" Guid="{5770385f-c22a-43e0-bf4c-06f5698ffbd9}"/>
    <EventID>1</EventID>
    <Version>5</Version>
    <Level>4</Level>
    <Task>1</Task>
    <Opcode>0</Opcode>
    <Keywords>0x8000000000000000</Keywords>
    <TimeCreated SystemTime="2026-07-11T09:18:19.7666277Z"/>
    <EventRecordID>420128</EventRecordID>
    <Correlation/>
    <Execution ProcessID="3688" ThreadID="3924"/>
    <Channel>Microsoft-Windows-Sysmon/Operational</Channel>
    <Computer>WIN10-WKS-042.corp.local</Computer>
    <Security UserID="S-1-5-18"/>
  </System>
  <EventData>
    <Data Name="RuleName">-</Data>
    <Data Name="UtcTime">2026-07-11 09:18:19.290</Data>
    <Data Name="ProcessGuid">{4b5f1a2e-007f-668e-1200-000000004b00}</Data>
    <Data Name="ProcessId">6375</Data>
    <Data Name="Image">C:\Windows\System32\svchost.exe</Data>
    <Data Name="FileVersion">10.0.19041.1 (WinBuild.160101.0800)</Data>
    <Data Name="Description">Host Process for Windows Services</Data>
    <Data Name="Product">Microsoft(R) Windows(R) Operating System</Data>
    <Data Name="Company">Microsoft Corporation</Data>
    <Data Name="OriginalFileName">svchost.exe</Data>
    <Data Name="CommandLine">"C:\Windows\System32\svchost.exe"</Data>
    <Data Name="CurrentDirectory">C:\Users\ltefera\</Data>
    <Data Name="User">CORP\ltefera</Data>
    <Data Name="LogonGuid">{4b5f1a2e-3b41-668e-2f6e-0a0000000000}</Data>
    <Data Name="LogonId">0x6e2f6e</Data>
    <Data Name="TerminalSessionId">1</Data>
    <Data Name="IntegrityLevel">High</Data>
    <Data Name="Hashes">SHA256=9E7D9D62FB50F3CE234CC352B6A6C37DF88CBFCF</Data>
    <Data Name="ParentProcessGuid">{4b5f1a2e-3c9c-668e-0f00-000000004b00}</Data>
    <Data Name="ParentProcessId">9088</Data>
    <Data Name="ParentImage">C:\Program Files\Google\Chrome\Application\chrome.exe</Data>
    <Data Name="ParentCommandLine">"C:\Program Files\Google\Chrome\Application\chrome.exe" </Data>
    <Data Name="ParentUser">CORP\ltefera</Data>
  </EventData>
</Event>
<Event>
  <System>
    <Provider Name="Microsoft-Windows-Sysmon" Guid="{5770385f-c22a-43e0-bf4c-06f5698ffbd9}"/>
    <EventID>1</EventID>
    <Version>5</Version>
    <Level>4</Level>
    <Task>1</Task>
    <Opcode>0</Opcode>
    <Keywords>0x8000000000000000</Keywords>
    <TimeCreated SystemTime="2026-07-11T09:18:56.2258353Z"/>
    <EventRecordID>420129</EventRecordID>
    <Correlation/>
    <Execution ProcessID="3688" ThreadID="3924"/>
    <Channel>Microsoft-Windows-Sysmon/Operational</Channel>
    <Computer>WIN10-WKS-042.corp.local</Computer>
    <Security UserID="S-1-5-18"/>
  </System>
  <EventData>
    <Data Name="RuleName">-</Data>
    <Data Name="UtcTime">2026-07-11 09:18:56.236</Data>
    <Data Name="ProcessGuid">{4b5f1a2e-0080-668e-1200-000000004b00}</Data>
    <Data Name="ProcessId">3001</Data>
    <Data Name="Image">C:\Windows\System32\wscript.exe</Data>
    <Data Name="FileVersion">10.0.19041.1 (WinBuild.160101.0800)</Data>
    <Data Name="Description">Microsoft (r) Windows Based Script Host</Data>
    <Data Name="Product">Microsoft(R) Windows(R) Operating System</Data>
    <Data Name="Company">Microsoft Corporation</Data>
    <Data Name="OriginalFileName">WScript.exe</Data>
    <Data Name="CommandLine">"C:\Windows\System32\wscript.exe"</Data>
    <Data Name="CurrentDirectory">C:\Users\rjones\</Data>
    <Data Name="User">CORP\rjones</Data>
    <Data Name="LogonGuid">{4b5f1a2e-3b41-668e-2f6e-0a0000000000}</Data>
    <Data Name="LogonId">0x6e2f6e</Data>
    <Data Name="TerminalSessionId">1</Data>
    <Data Name="IntegrityLevel">System</Data>
    <Data Name="Hashes">SHA256=0312F05CA4932FE69FF8A01D3CEACEE11595FD49</Data>
    <Data Name="ParentProcessGuid">{4b5f1a2e-3c9c-668e-0f00-000000004b00}</Data>
    <Data Name="ParentProcessId">5107</Data>
    <Data Name="ParentImage">C:\Program Files\Google\Chrome\Application\chrome.exe</Data>
    <Data Name="ParentCommandLine">"C:\Program Files\Google\Chrome\Application\chrome.exe" </Data>
    <Data Name="ParentUser">CORP\rjones</Data>
  </EventData>
</Event>
<Event>
  <System>
    <Provider Name="Microsoft-Windows-Sysmon" Guid="{5770385f-c22a-43e0-bf4c-06f5698ffbd9}"/>
    <EventID>1</EventID>
    <Version>5</Version>
    <Level>4</Level>
    <Task>1</Task>
    <Opcode>0</Opcode>
    <Keywords>0x8000000000000000</Keywords>
    <TimeCreated SystemTime="2026-07-11T09:19:33.9433080Z"/>
    <EventRecordID>420130</EventRecordID>
    <Correlation/>
    <Execution ProcessID="3688" ThreadID="3924"/>
    <Channel>Microsoft-Windows-Sysmon/Operational</Channel>
    <Computer>WIN11-WKS-103.corp.local</Computer>
    <Security UserID="S-1-5-18"/>
  </System>
  <EventData>
    <Data Name="RuleName">-</Data>
    <Data Name="UtcTime">2026-07-11 09:19:33.487</Data>
    <Data Name="ProcessGuid">{4b5f1a2e-0081-668e-1200-000000004b00}</Data>
    <Data Name="ProcessId">9037</Data>
    <Data Name="Image">C:\Windows\System32\rundll32.exe</Data>
    <Data Name="FileVersion">10.0.19041.1 (WinBuild.160101.0800)</Data>
    <Data Name="Description">Windows host process (Rundll32)</Data>
    <Data Name="Product">Microsoft(R) Windows(R) Operating System</Data>
    <Data Name="Company">Microsoft Corporation</Data>
    <Data Name="OriginalFileName">RUNDLL32.EXE</Data>
    <Data Name="CommandLine">RUNDLL32.EXE /arg129</Data>
    <Data Name="CurrentDirectory">C:\Users\admin\</Data>
    <Data Name="User">CORP\admin</Data>
    <Data Name="LogonGuid">{4b5f1a2e-3b41-668e-2f6e-0a0000000000}</Data>
    <Data Name="LogonId">0x6e2f6e</Data>
    <Data Name="TerminalSessionId">1</Data>
    <Data Name="IntegrityLevel">High</Data>
    <Data Name="Hashes">SHA256=51C8FCB9A1014BB0AC3DBBDB177792293A50A1ED</Data>
    <Data Name="ParentProcessGuid">{4b5f1a2e-3c9c-668e-0f00-000000004b00}</Data>
    <Data Name="ParentProcessId">9837</Data>
    <Data Name="ParentImage">C:\Windows\System32\mshta.exe</Data>
    <Data Name="ParentCommandLine">"C:\Windows\System32\mshta.exe" </Data>
    <Data Name="ParentUser">CORP\admin</Data>
  </EventData>
</Event>
<Event>
  <System>
    <Provider Name="Microsoft-Windows-Sysmon" Guid="{5770385f-c22a-43e0-bf4c-06f5698ffbd9}"/>
    <EventID>1</EventID>
    <Version>5</Version>
    <Level>4</Level>
    <Task>1</Task>
    <Opcode>0</Opcode>
    <Keywords>0x8000000000000000</Keywords>
    <TimeCreated SystemTime="2026-07-11T09:20:10.9568944Z"/>
    <EventRecordID>420131</EventRecordID>
    <Correlation/>
    <Execution ProcessID="3688" ThreadID="3924"/>
    <Channel>Microsoft-Windows-Sysmon/Operational</Channel>
    <Computer>WIN10-WKS-042.corp.local</Computer>
    <Security UserID="S-1-5-18"/>
  </System>
  <EventData>
    <Data Name="RuleName">-</Data>
    <Data Name="UtcTime">2026-07-11 09:20:10.386</Data>
    <Data Name="ProcessGuid">{4b5f1a2e-0082-668e-1200-000000004b00}</Data>
    <Data Name="ProcessId">8695</Data>
    <Data Name="Image">C:\Windows\System32\certutil.exe</Data>
    <Data Name="FileVersion">10.0.19041.1 (WinBuild.160101.0800)</Data>
    <Data Name="Description">CertUtil Utility</Data>
    <Data Name="Product">Microsoft(R) Windows(R) Operating System</Data>
    <Data Name="Company">Microsoft Corporation</Data>
    <Data Name="OriginalFileName">CertUtil.exe</Data>
    <Data Name="CommandLine">CertUtil.exe /arg130</Data>
    <Data Name="CurrentDirectory">C:\Users\mkim\</Data>
    <Data Name="User">CORP\mkim</Data>
    <Data Name="LogonGuid">{4b5f1a2e-3b41-668e-2f6e-0a0000000000}</Data>
    <Data Name="LogonId">0x6e2f6e</Data>
    <Data Name="TerminalSessionId">1</Data>
    <Data Name="IntegrityLevel">Low</Data>
    <Data Name="Hashes">SHA256=CA3F36AFA59BD6F269819C723A82FD6B299DA6DC</Data>
    <Data Name="ParentProcessGuid">{4b5f1a2e-3c9c-668e-0f00-000000004b00}</Data>
    <Data Name="ParentProcessId">1364</Data>
    <Data Name="ParentImage">C:\Windows\System32\wscript.exe</Data>
    <Data Name="ParentCommandLine">"C:\Windows\System32\wscript.exe" </Data>
    <Data Name="ParentUser">CORP\mkim</Data>
  </EventData>
</Event>
<Event>
  <System>
    <Provider Name="Microsoft-Windows-Sysmon" Guid="{5770385f-c22a-43e0-bf4c-06f5698ffbd9}"/>
    <EventID>1</EventID>
    <Version>5</Version>
    <Level>4</Level>
    <Task>1</Task>
    <Opcode>0</Opcode>
    <Keywords>0x8000000000000000</Keywords>
    <TimeCreated SystemTime="2026-07-11T09:20:47.8660803Z"/>
    <EventRecordID>420132</EventRecordID>
    <Correlation/>
    <Execution ProcessID="3688" ThreadID="3924"/>
    <Channel>Microsoft-Windows-Sysmon/Operational</Channel>
    <Computer>WIN11-WKS-103.corp.local</Computer>
    <Security UserID="S-1-5-18"/>
  </System>
  <EventData>
    <Data Name="RuleName">-</Data>
    <Data Name="UtcTime">2026-07-11 09:20:47.642</Data>
    <Data Name="ProcessGuid">{4b5f1a2e-0083-668e-1200-000000004b00}</Data>
    <Data Name="ProcessId">9971</Data>
    <Data Name="Image">C:\Program Files\Google\Chrome\Application\chrome.exe</Data>
    <Data Name="FileVersion">10.0.19041.1 (WinBuild.160101.0800)</Data>
    <Data Name="Description">Google Chrome</Data>
    <Data Name="Product">Microsoft(R) Windows(R) Operating System</Data>
    <Data Name="Company">Microsoft Corporation</Data>
    <Data Name="OriginalFileName">chrome.exe</Data>
    <Data Name="CommandLine">chrome.exe /arg131</Data>
    <Data Name="CurrentDirectory">C:\Users\ltefera\</Data>
    <Data Name="User">CORP\ltefera</Data>
    <Data Name="LogonGuid">{4b5f1a2e-3b41-668e-2f6e-0a0000000000}</Data>
    <Data Name="LogonId">0x6e2f6e</Data>
    <Data Name="TerminalSessionId">1</Data>
    <Data Name="IntegrityLevel">System</Data>
    <Data Name="Hashes">SHA256=5F6E8D16BE4749DDA26D89587C7346079EFDD165</Data>
    <Data Name="ParentProcessGuid">{4b5f1a2e-3c9c-668e-0f00-000000004b00}</Data>
    <Data Name="ParentProcessId">3958</Data>
    <Data Name="ParentImage">C:\Windows\System32\certutil.exe</Data>
    <Data Name="ParentCommandLine">"C:\Windows\System32\certutil.exe" </Data>
    <Data Name="ParentUser">CORP\ltefera</Data>
  </EventData>
</Event>
<Event>
  <System>
    <Provider Name="Microsoft-Windows-Sysmon" Guid="{5770385f-c22a-43e0-bf4c-06f5698ffbd9}"/>
    <EventID>1</EventID>
    <Version>5</Version>
    <Level>4</Level>
    <Task>1</Task>
    <Opcode>0</Opcode>
    <Keywords>0x8000000000000000</Keywords>
    <TimeCreated SystemTime="2026-07-11T09:21:24.0334013Z"/>
    <EventRecordID>420133</EventRecordID>
    <Correlation/>
    <Execution ProcessID="3688" ThreadID="3924"/>
    <Channel>Microsoft-Windows-Sysmon/Operational</Channel>
    <Computer>WIN10-WKS-017.corp.local</Computer>
    <Security UserID="S-1-5-18"/>
  </System>
  <EventData>
    <Data Name="RuleName">-</Data>
    <Data Name="UtcTime">2026-07-11 09:21:24.497</Data>
    <Data Name="ProcessGuid">{4b5f1a2e-0084-668e-1200-000000004b00}</Data>
    <Data Name="ProcessId">3883</Data>
    <Data Name="Image">C:\Program Files\Google\Chrome\Application\chrome.exe</Data>
    <Data Name="FileVersion">10.0.19041.1 (WinBuild.160101.0800)</Data>
    <Data Name="Description">Google Chrome</Data>
    <Data Name="Product">Microsoft(R) Windows(R) Operating System</Data>
    <Data Name="Company">Microsoft Corporation</Data>
    <Data Name="OriginalFileName">chrome.exe</Data>
    <Data Name="CommandLine">chrome.exe /arg132</Data>
    <Data Name="CurrentDirectory">C:\Users\jsmith\</Data>
    <Data Name="User">CORP\jsmith</Data>
    <Data Name="LogonGuid">{4b5f1a2e-3b41-668e-2f6e-0a0000000000}</Data>
    <Data Name="LogonId">0x6e2f6e</Data>
    <Data Name="TerminalSessionId">1</Data>
    <Data Name="IntegrityLevel">Low</Data>
    <Data Name="Hashes">SHA256=12A92DB2C47338F273AAC7D643568ED81FB3ADF7</Data>
    <Data Name="ParentProcessGuid">{4b5f1a2e-3c9c-668e-0f00-000000004b00}</Data>
    <Data Name="ParentProcessId">1691</Data>
    <Data Name="ParentImage">C:\Windows\System32\WindowsPowerShell\v1.0\powershell.exe</Data>
    <Data Name="ParentCommandLine">"C:\Windows\System32\WindowsPowerShell\v1.0\powershell.exe" </Data>
    <Data Name="ParentUser">CORP\jsmith</Data>
  </EventData>
</Event>
<Event>
  <System>
    <Provider Name="Microsoft-Windows-Sysmon" Guid="{5770385f-c22a-43e0-bf4c-06f5698ffbd9}"/>
    <EventID>1</EventID>
    <Version>5</Version>
    <Level>4</Level>
    <Task>1</Task>
    <Opcode>0</Opcode>
    <Keywords>0x8000000000000000</Keywords>
    <TimeCreated SystemTime="2026-07-11T09:22:01.0584005Z"/>
    <EventRecordID>420134</EventRecordID>
    <Correlation/>
    <Execution ProcessID="3688" ThreadID="3924"/>
    <Channel>Microsoft-Windows-Sysmon/Operational</Channel>
    <Computer>WIN11-WKS-103.corp.local</Computer>
    <Security UserID="S-1-5-18"/>
  </System>
  <EventData>
    <Data Name="RuleName">-</Data>
    <Data Name="UtcTime">2026-07-11 09:22:01.990</Data>
    <Data Name="ProcessGuid">{4b5f1a2e-0085-668e-1200-000000004b00}</Data>
    <Data Name="ProcessId">7025</Data>
    <Data Name="Image">C:\Program Files\Google\Chrome\Application\chrome.exe</Data>
    <Data Name="FileVersion">10.0.19041.1 (WinBuild.160101.0800)</Data>
    <Data Name="Description">Google Chrome</Data>
    <Data Name="Product">Microsoft(R) Windows(R) Operating System</Data>
    <Data Name="Company">Microsoft Corporation</Data>
    <Data Name="OriginalFileName">chrome.exe</Data>
    <Data Name="CommandLine">"C:\Program Files\Google\Chrome\Application\chrome.exe"</Data>
    <Data Name="CurrentDirectory">C:\Users\agupta\</Data>
    <Data Name="User">CORP\agupta</Data>
    <Data Name="LogonGuid">{4b5f1a2e-3b41-668e-2f6e-0a0000000000}</Data>
    <Data Name="LogonId">0x6e2f6e</Data>
    <Data Name="TerminalSessionId">1</Data>
    <Data Name="IntegrityLevel">System</Data>
    <Data Name="Hashes">SHA256=178C9B37EC0C8927965EAD182FFDAD3582BDAE01</Data>
    <Data Name="ParentProcessGuid">{4b5f1a2e-3c9c-668e-0f00-000000004b00}</Data>
    <Data Name="ParentProcessId">6049</Data>
    <Data Name="ParentImage">C:\Windows\System32\WindowsPowerShell\v1.0\powershell.exe</Data>
    <Data Name="ParentCommandLine">"C:\Windows\System32\WindowsPowerShell\v1.0\powershell.exe" </Data>
    <Data Name="ParentUser">CORP\agupta</Data>
  </EventData>
</Event>
<Event>
  <System>
    <Provider Name="Microsoft-Windows-Sysmon" Guid="{5770385f-c22a-43e0-bf4c-06f5698ffbd9}"/>
    <EventID>1</EventID>
    <Version>5</Version>
    <Level>4</Level>
    <Task>1</Task>
    <Opcode>0</Opcode>
    <Keywords>0x8000000000000000</Keywords>
    <TimeCreated SystemTime="2026-07-11T09:22:38.9660477Z"/>
    <EventRecordID>420135</EventRecordID>
    <Correlation/>
    <Execution ProcessID="3688" ThreadID="3924"/>
    <Channel>Microsoft-Windows-Sysmon/Operational</Channel>
    <Computer>WIN10-WKS-042.corp.local</Computer>
    <Security UserID="S-1-5-18"/>
  </System>
  <EventData>
    <Data Name="RuleName">-</Data>
    <Data Name="UtcTime">2026-07-11 09:22:38.321</Data>
    <Data Name="ProcessGuid">{4b5f1a2e-0086-668e-1200-000000004b00}</Data>
    <Data Name="ProcessId">7564</Data>
    <Data Name="Image">C:\Windows\System32\WindowsPowerShell\v1.0\powershell.exe</Data>
    <Data Name="FileVersion">10.0.19041.1 (WinBuild.160101.0800)</Data>
    <Data Name="Description">Windows PowerShell</Data>
    <Data Name="Product">Microsoft(R) Windows(R) Operating System</Data>
    <Data Name="Company">Microsoft Corporation</Data>
    <Data Name="OriginalFileName">PowerShell.EXE</Data>
    <Data Name="CommandLine">PowerShell.EXE /arg134</Data>
    <Data Name="CurrentDirectory">C:\Users\admin\</Data>
    <Data Name="User">CORP\admin</Data>
    <Data Name="LogonGuid">{4b5f1a2e-3b41-668e-2f6e-0a0000000000}</Data>
    <Data Name="LogonId">0x6e2f6e</Data>
    <Data Name="TerminalSessionId">1</Data>
    <Data Name="IntegrityLevel">Medium</Data>
    <Data Name="Hashes">SHA256=23574DAEF485A962DB5CC70072E6851CD842B530</Data>
    <Data Name="ParentProcessGuid">{4b5f1a2e-3c9c-668e-0f00-000000004b00}</Data>
    <Data Name="ParentProcessId">4278</Data>
    <Data Name="ParentImage">C:\Windows\System32\mshta.exe</Data>
    <Data Name="ParentCommandLine">"C:\Windows\System32\mshta.exe" </Data>
    <Data Name="ParentUser">CORP\admin</Data>
  </EventData>
</Event>
<Event>
  <System>
    <Provider Name="Microsoft-Windows-Sysmon" Guid="{5770385f-c22a-43e0-bf4c-06f5698ffbd9}"/>
    <EventID>1</EventID>
    <Version>5</Version>
    <Level>4</Level>
    <Task>1</Task>
    <Opcode>0</Opcode>
    <Keywords>0x8000000000000000</Keywords>
    <TimeCreated SystemTime="2026-07-11T09:23:15.3196800Z"/>
    <EventRecordID>420136</EventRecordID>
    <Correlation/>
    <Execution ProcessID="3688" ThreadID="3924"/>
    <Channel>Microsoft-Windows-Sysmon/Operational</Channel>
    <Computer>WIN11-WKS-103.corp.local</Computer>
    <Security UserID="S-1-5-18"/>
  </System>
  <EventData>
    <Data Name="RuleName">-</Data>
    <Data Name="UtcTime">2026-07-11 09:23:15.208</Data>
    <Data Name="ProcessGuid">{4b5f1a2e-0087-668e-1200-000000004b00}</Data>
    <Data Name="ProcessId">9096</Data>
    <Data Name="Image">C:\Windows\System32\wscript.exe</Data>
    <Data Name="FileVersion">10.0.19041.1 (WinBuild.160101.0800)</Data>
    <Data Name="Description">Microsoft (r) Windows Based Script Host</Data>
    <Data Name="Product">Microsoft(R) Windows(R) Operating System</Data>
    <Data Name="Company">Microsoft Corporation</Data>
    <Data Name="OriginalFileName">WScript.exe</Data>
    <Data Name="CommandLine">"C:\Windows\System32\wscript.exe"</Data>
    <Data Name="CurrentDirectory">C:\Users\admin\</Data>
    <Data Name="User">CORP\admin</Data>
    <Data Name="LogonGuid">{4b5f1a2e-3b41-668e-2f6e-0a0000000000}</Data>
    <Data Name="LogonId">0x6e2f6e</Data>
    <Data Name="TerminalSessionId">1</Data>
    <Data Name="IntegrityLevel">System</Data>
    <Data Name="Hashes">SHA256=89FC4D6696D5D40987E7BE20F4AC6CD82311A7FB</Data>
    <Data Name="ParentProcessGuid">{4b5f1a2e-3c9c-668e-0f00-000000004b00}</Data>
    <Data Name="ParentProcessId">2941</Data>
    <Data Name="ParentImage">C:\Windows\System32\rundll32.exe</Data>
    <Data Name="ParentCommandLine">"C:\Windows\System32\rundll32.exe" </Data>
    <Data Name="ParentUser">CORP\admin</Data>
  </EventData>
</Event>
<Event>
  <System>
    <Provider Name="Microsoft-Windows-Sysmon" Guid="{5770385f-c22a-43e0-bf4c-06f5698ffbd9}"/>
    <EventID>3</EventID>
    <Version>5</Version>
    <Level>4</Level>
    <Task>3</Task>
    <Opcode>0</Opcode>
    <Keywords>0x8000000000000000</Keywords>
    <TimeCreated SystemTime="2026-07-11T08:12:13.9257419Z"/>
    <EventRecordID>420159</EventRecordID>
    <Correlation/>
    <Execution ProcessID="3688" ThreadID="3924"/>
    <Channel>Microsoft-Windows-Sysmon/Operational</Channel>
    <Computer>WIN10-WKS-042.corp.local</Computer>
    <Security UserID="S-1-5-18"/>
  </System>
  <EventData>
    <Data Name="UtcTime">2026-07-11 08:12:13.688</Data>
    <Data Name="ProcessGuid">{4b5f1a2e-0008-668e-1300-000000004b00}</Data>
    <Data Name="ProcessId">3875</Data>
    <Data Name="Image">C:\Windows\System32\svchost.exe</Data>
    <Data Name="User">NT AUTHORITY\SYSTEM</Data>
    <Data Name="Protocol">tcp</Data>
    <Data Name="SourceIp">10.0.33.65</Data>
    <Data Name="DestinationIp">93.184.216.34</Data>
    <Data Name="DestinationPort">443</Data>
  </EventData>
</Event>
<Event>
  <System>
    <Provider Name="Microsoft-Windows-Sysmon" Guid="{5770385f-c22a-43e0-bf4c-06f5698ffbd9}"/>
    <EventID>1</EventID>
    <Version>5</Version>
    <Level>4</Level>
    <Task>1</Task>
    <Opcode>0</Opcode>
    <Keywords>0x8000000000000000</Keywords>
    <TimeCreated SystemTime="2026-07-11T09:23:52.6621913Z"/>
    <EventRecordID>420137</EventRecordID>
    <Correlation/>
    <Execution ProcessID="3688" ThreadID="3924"/>
    <Channel>Microsoft-Windows-Sysmon/Operational</Channel>
    <Computer>WIN10-WKS-042.corp.local</Computer>
    <Security UserID="S-1-5-18"/>
  </System>
  <EventData>
    <Data Name="RuleName">-</Data>
    <Data Name="UtcTime">2026-07-11 09:23:52.309</Data>
    <Data Name="ProcessGuid">{4b5f1a2e-0088-668e-1200-000000004b00}</Data>
    <Data Name="ProcessId">5155</Data>
    <Data Name="Image">C:\Windows\System32\certutil.exe</Data>
    <Data Name="FileVersion">10.0.19041.1 (WinBuild.160101.0800)</Data>
    <Data Name="Description">CertUtil Utility</Data>
    <Data Name="Product">Microsoft(R) Windows(R) Operating System</Data>
    <Data Name="Company">Microsoft Corporation</Data>
    <Data Name="OriginalFileName">CertUtil.exe</Data>
    <Data Name="CommandLine">CertUtil.exe /arg136</Data>
    <Data Name="CurrentDirectory">C:\Users\SYSTEM\</Data>
    <Data Name="User">NT AUTHORITY\SYSTEM</Data>
    <Data Name="LogonGuid">{4b5f1a2e-3b41-668e-2f6e-0a0000000000}</Data>
    <Data Name="LogonId">0x6e2f6e</Data>
    <Data Name="TerminalSessionId">1</Data>
    <Data Name="IntegrityLevel">High</Data>
    <Data Name="Hashes">SHA256=B41585FAE42AD483A14F8BD988AD5AF4E1641751</Data>
    <Data Name="ParentProcessGuid">{4b5f1a2e-3c9c-668e-0f00-000000004b00}</Data>
    <Data Name="ParentProcessId">9266</Data>
    <Data Name="ParentImage">C:\Windows\System32\certutil.exe</Data>
    <Data Name="ParentCommandLine">"C:\Windows\System32\certutil.exe" </Data>
    <Data Name="ParentUser">NT AUTHORITY\SYSTEM</Data>
  </EventData>
</Event>
<Event>
  <System>
    <Provider Name="Microsoft-Windows-Sysmon" Guid="{5770385f-c22a-43e0-bf4c-06f5698ffbd9}"/>
    <EventID>1</EventID>
    <Version>5</Version>
    <Level>4</Level>
    <Task>1</Task>
    <Opcode>0</Opcode>
    <Keywords>0x8000000000000000</Keywords>
    <TimeCreated SystemTime="2026-07-11T09:24:29.9409577Z"/>
    <EventRecordID>420138</EventRecordID>
    <Correlation/>
    <Execution ProcessID="3688" ThreadID="3924"/>
    <Channel>Microsoft-Windows-Sysmon/Operational</Channel>
    <Computer>WIN10-WKS-017.corp.local</Computer>
    <Security UserID="S-1-5-18"/>
  </System>
  <EventData>
    <Data Name="RuleName">-</Data>
    <Data Name="UtcTime">2026-07-11 09:24:29.365</Data>
    <Data Name="ProcessGuid">{4b5f1a2e-0089-668e-1200-000000004b00}</Data>
    <Data Name="ProcessId">2900</Data>
    <Data Name="Image">C:\Windows\System32\mshta.exe</Data>
    <Data Name="FileVersion">10.0.19041.1 (WinBuild.160101.0800)</Data>
    <Data Name="Description">HTML Application Host</Data>
    <Data Name="Product">Microsoft(R) Windows(R) Operating System</Data>
    <Data Name="Company">Microsoft Corporation</Data>
    <Data Name="OriginalFileName">MSHTA.EXE</Data>
    <Data Name="CommandLine">"C:\Windows\System32\mshta.exe"</Data>
    <Data Name="CurrentDirectory">C:\Users\rjones\</Data>
    <Data Name="User">CORP\rjones</Data>
    <Data Name="LogonGuid">{4b5f1a2e-3b41-668e-2f6e-0a0000000000}</Data>
    <Data Name="LogonId">0x6e2f6e</Data>
    <Data Name="TerminalSessionId">1</Data>
    <Data Name="IntegrityLevel">System</Data>
    <Data Name="Hashes">SHA256=FEF343B269558605D27F3A093CB3A402EFE80A1E</Data>
    <Data Name="ParentProcessGuid">{4b5f1a2e-3c9c-668e-0f00-000000004b00}</Data>
    <Data Name="ParentProcessId">9108</Data>
    <Data Name="ParentImage">C:\Program Files\Google\Chrome\Application\chrome.exe</Data>
    <Data Name="ParentCommandLine">"C:\Program Files\Google\Chrome\Application\chrome.exe" </Data>
    <Data Name="ParentUser">CORP\rjones</Data>
  </EventData>
</Event>
<Event>
  <System>
    <Provider Name="Microsoft-Windows-Sysmon" Guid="{5770385f-c22a-43e0-bf4c-06f5698ffbd9}"/>
    <EventID>1</EventID>
    <Version>5</Version>
    <Level>4</Level>
    <Task>1</Task>
    <Opcode>0</Opcode>
    <Keywords>0x8000000000000000</Keywords>
    <TimeCreated SystemTime="2026-07-11T09:25:06.1186553Z"/>
    <EventRecordID>420139</EventRecordID>
    <Correlation/>
    <Execution ProcessID="3688" ThreadID="3924"/>
    <Channel>Microsoft-Windows-Sysmon/Operational</Channel>
    <Computer>WIN10-WKS-042.corp.local</Computer>
    <Security UserID="S-1-5-18"/>
  </System>
  <EventData>
    <Data Name="RuleName">-</Data>
    <Data Name="UtcTime">2026-07-11 09:25:06.761</Data>
    <Data Name="ProcessGuid">{4b5f1a2e-008a-668e-1200-000000004b00}</Data>
    <Data Name="ProcessId">5635</Data>
    <Data Name="Image">C:\Windows\System32\svchost.exe</Data>
    <Data Name="FileVersion">10.0.19041.1 (WinBuild.160101.0800)</Data>
    <Data Name="Description">Host Process for Windows Services</Data>
    <Data Name="Product">Microsoft(R) Windows(R) Operating System</Data>
    <Data Name="Company">Microsoft Corporation</Data>
    <Data Name="OriginalFileName">svchost.exe</Data>
    <Data Name="CommandLine">svchost.exe /arg138</Data>
    <Data Name="CurrentDirectory">C:\Users\rjones\</Data>
    <Data Name="User">CORP\rjones</Data>
    <Data Name="LogonGuid">{4b5f1a2e-3b41-668e-2f6e-0a0000000000}</Data>
    <Data Name="LogonId">0x6e2f6e</Data>
    <Data Name="TerminalSessionId">1</Data>
    <Data Name="IntegrityLevel">Medium</Data>
    <Data Name="Hashes">SHA256=C2C857C2065CC9439FD94B3B6FECF8D2DB5DD21A</Data>
    <Data Name="ParentProcessGuid">{4b5f1a2e-3c9c-668e-0f00-000000004b00}</Data>
    <Data Name="ParentProcessId">6294</Data>
    <Data Name="ParentImage">C:\Windows\System32\certutil.exe</Data>
    <Data Name="ParentCommandLine">"C:\Windows\System32\certutil.exe" </Data>
    <Data Name="ParentUser">CORP\rjones</Data>
  </EventData>
</Event>
