<Event>
  <System>
    <Provider Name="Microsoft-Windows-Sysmon" Guid="{5770385f-c22a-43e0-bf4c-06f5698ffbd9}"/>
    <EventID>1</EventID>
    <Version>5</Version>
    <Level>4</Level>
    <Task>1</Task>
    <Opcode>0</Opcode>
    <Keywords>0x8000000000000000</Keywords>
    <TimeCreated SystemTime="2026-07-11T08:14:48.5791039Z"/>
    <EventRecordID>420025</EventRecordID>
    <Correlation/>
    <Execution ProcessID="3688" ThreadID="3924"/>
    <Channel>Microsoft-Windows-Sysmon/Operational</Channel>
    <Computer>WIN10-WKS-017.corp.local</Computer>
    <Security UserID="S-1-5-18"/>
  </System>
  <EventData>
    <Data Name="RuleName">-</Data>
    <Data Name="UtcTime">2026-07-11 08:14:48.116</Data>
    <Data Name="ProcessGuid">{4b5f1a2e-0018-668e-1200-000000004b00}</Data>
    <Data Name="ProcessId">5475</Data>
    <Data Name="Image">C:\Windows\System32\mshta.exe</Data>
    <Data Name="FileVersion">10.0.19041.1 (WinBuild.160101.0800)</Data>
    <Data Name="Description">HTML Application Host</Data>
    <Data Name="Product">Microsoft(R) Windows(R) Operating System</Data>
    <Data Name="Company">Microsoft Corporation</Data>
    <Data Name="OriginalFileName">MSHTA.EXE</Data>
    <Data Name="CommandLine">MSHTA.EXE /arg24</Data>
    <Data Name="CurrentDirectory">C:\Users\mkim\</Data>
    <Data Name="User">CORP\mkim</Data>
    <Data Name="LogonGuid">{4b5f1a2e-3b41-668e-2f6e-0a0000000000}</Data>
    <Data Name="LogonId">0x6e2f6e</Data>
    <Data Name="TerminalSessionId">1</Data>
    <Data Name="IntegrityLevel">System</Data>
    <Data Name="Hashes">SHA256=D39F917C10696489A30FD54C7B2C1D0E2ADCD93C</Data>
    <Data Name="ParentProcessGuid">{4b5f1a2e-3c9c-668e-0f00-000000004b00}</Data>
    <Data Name="ParentProcessId">4531</Data>
    <Data Name="ParentImage">C:\Windows\System32\rundll32.exe</Data>
    <Data Name="ParentCommandLine">"C:\Windows\System32\rundll32.exe" </Data>
    <Data Name="ParentUser">CORP\mkim</Data>
  </EventData>
</Event>
<Event>
  <System>
    <Provider Name="Microsoft-Windows-Sysmon" Guid="{5770385f-c22a-43e0-bf4c-06f5698ffbd9}"/>
    <EventID>1</EventID>
    <Version>5</Version>
    <Level>4</Level>
    <Task>1</Task>
    <Opcode>0</Opcode>
    <Keywords>0x8000000000000000</Keywords>
    <TimeCreated SystemTime="2026-07-11T08:15:25.4082173Z"/>
    <EventRecordID>420026</EventRecordID>
    <Correlation/>
    <Execution ProcessID="3688" ThreadID="3924"/>
    <Channel>Microsoft-Windows-Sysmon/Operational</Channel>
    <Computer>WIN11-WKS-103.corp.local</Computer>
    <Security UserID="S-1-5-18"/>
  </System>
  <EventData>
    <Data Name="RuleName">-</Data>
    <Data Name="UtcTime">2026-07-11 08:15:25.108</Data>
    <Data Name="ProcessGuid">{4b5f1a2e-0019-668e-1200-000000004b00}</Data>
    <Data Name="ProcessId">6928</Data>
    <Data Name="Image">C:\Windows\System32\whoami.exe</Data>
    <Data Name="FileVersion">10.0.19041.1 (WinBuild.160101.0800)</Data>
    <Data Name="Description">whoami - displays logged on user information</Data>
    <Data Name="Product">Microsoft(R) Windows(R) Operating System</Data>
    <Data Name="Company">Microsoft Corporation</Data>
    <Data Name="OriginalFileName">whoami.exe</Data>
    <Data Name="CommandLine">"C:\Windows\System32\whoami.exe"</Data>
    <Data Name="CurrentDirectory">C:\Users\rjones\</Data>
    <Data Name="User">CORP\rjones</Data>
    <Data Name="LogonGuid">{4b5f1a2e-3b41-668e-2f6e-0a0000000000}</Data>
    <Data Name="LogonId">0x6e2f6e</Data>
    <Data Name="TerminalSessionId">1</Data>
    <Data Name="IntegrityLevel">System</Data>
    <Data Name="Hashes">SHA256=DC2C9A7A5236BB4734865425FEEAA4E2FE981B29</Data>
    <Data Name="ParentProcessGuid">{4b5f1a2e-3c9c-668e-0f00-000000004b00}</Data>
    <Data Name="ParentProcessId">2443</Data>
    <Data Name="ParentImage">C:\Windows\System32\svchost.exe</Data>
    <Data Name="ParentCommandLine">"C:\Windows\System32\svchost.exe" </Data>
    <Data Name="ParentUser">CORP\rjones</Data>
  </EventData>
</Event>
<Event>
  <System>
    <Provider Name="Microsoft-Windows-Sysmon" Guid="{5770385f-c22a-43e0-bf4c-06f5698ffbd9}"/>
    <EventID>1</EventID>
    <Version>5</Version>
    <Level>4</Level>
    <Task>1</Task>
    <Opcode>0</Opcode>
    <Keywords>0x8000000000000000</Keywords>
    <TimeCreated SystemTime="2026-07-11T08:16:02.1514923Z"/>
    <EventRecordID>420027</EventRecordID>
    <Correlation/>
    <Execution ProcessID="3688" ThreadID="3924"/>
    <Channel>Microsoft-Windows-Sysmon/Operational</Channel>
    <Computer>WIN10-WKS-017.corp.local</Computer>
    <Security UserID="S-1-5-18"/>
  </System>
  <EventData>
    <Data Name="RuleName">-</Data>
    <Data Name="UtcTime">2026-07-11 08:16:02.875</Data>
    <Data Name="ProcessGuid">{4b5f1a2e-001a-668e-1200-000000004b00}</Data>
    <Data Name="ProcessId">5703</Data>
    <Data Name="Image">C:\Windows\System32\mshta.exe</Data>
    <Data Name="FileVersion">10.0.19041.1 (WinBuild.160101.0800)</Data>
    <Data Name="Description">HTML Application Host</Data>
    <Data Name="Product">Microsoft(R) Windows(R) Operating System</Data>
    <Data Name="Company">Microsoft Corporation</Data>
    <Data Name="OriginalFileName">MSHTA.EXE</Data>
    <Data Name="CommandLine">MSHTA.EXE /arg26</Data>
    <Data Name="CurrentDirectory">C:\Users\jsmith\</Data>
    <Data Name="User">CORP\jsmith</Data>
    <Data Name="LogonGuid">{4b5f1a2e-3b41-668e-2f6e-0a0000000000}</Data>
    <Data Name="LogonId">0x6e2f6e</Data>
    <Data Name="TerminalSessionId">1</Data>
    <Data Name="IntegrityLevel">High</Data>
    <Data Name="Hashes">SHA256=CE1E6AF41E3A2517EE5BB9CDA1A2A3C984A24B9C</Data>
    <Data Name="ParentProcessGuid">{4b5f1a2e-3c9c-668e-0f00-000000004b00}</Data>
    <Data Name="ParentProcessId">2257</Data>
    <Data Name="ParentImage">C:\Windows\System32\mshta.exe</Data>
    <Data Name="ParentCommandLine">"C:\Windows\System32\mshta.exe" </Data>
    <Data Name="ParentUser">CORP\jsmith</Data>
  </EventData>
</Event>
<Event>
  <System>
    <Provider Name="Microsoft-Windows-Sysmon" Guid="{5770385f-c22a-43e0-bf4c-06f5698ffbd9}"/>
    <EventID>1</EventID>
    <Version>5</Version>
    <Level>4</Level>
    <Task>1</Task>
    <Opcode>0</Opcode>
    <Keywords>0x8000000000000000</Keywords>
    <TimeCreated SystemTime="2026-07-11T08:16:39.8831414Z"/>
    <EventRecordID>420028</EventRecordID>
    <Correlation/>
    <Execution ProcessID="3688" ThreadID="3924"/>
    <Channel>Microsoft-Windows-Sysmon/Operational</Channel>
    <Computer>WIN10-WKS-017.corp.local</Computer>
    <Security UserID="S-1-5-18"/>
  </System>
  <EventData>
    <Data Name="RuleName">-</Data>
    <Data Name="UtcTime">2026-07-11 08:16:39.686</Data>
    <Data Name="ProcessGuid">{4b5f1a2e-001b-668e-1200-000000004b00}</Data>
    <Data Name="ProcessId">7171</Data>
    <Data Name="Image">C:\Windows\System32\WindowsPowerShell\v1.0\powershell.exe</Data>
    <Data Name="FileVersion">10.0.19041.1 (WinBuild.160101.0800)</Data>
    <Data Name="Description">Windows PowerShell</Data>
    <Data Name="Product">Microsoft(R) Windows(R) Operating System</Data>
    <Data Name="Company">Microsoft Corporation</Data>
    <Data Name="OriginalFileName">PowerShell.EXE</Data>
    <Data Name="CommandLine">PowerShell.EXE /arg27</Data>
    <Data Name="CurrentDirectory">C:\Users\SYSTEM\</Data>
    <Data Name="User">NT AUTHORITY\SYSTEM</Data>
    <Data Name="LogonGuid">{4b5f1a2e-3b41-668e-2f6e-0a0000000000}</Data>
    <Data Name="LogonId">0x6e2f6e</Data>
    <Data Name="TerminalSessionId">1</Data>
    <Data Name="IntegrityLevel">High</Data>
    <Data Name="Hashes">SHA256=2DB0B956AF67442931A4C4555E1DB7E9E779F6BE</Data>
    <Data Name="ParentProcessGuid">{4b5f1a2e-3c9c-668e-0f00-000000004b00}</Data>
    <Data Name="ParentProcessId">6381</Data>
    <Data Name="ParentImage">C:\Windows\System32\certutil.exe</Data>
    <Data Name="ParentCommandLine">"C:\Windows\System32\certutil.exe" </Data>
    <Data Name="ParentUser">NT AUTHORITY\SYSTEM</Data>
  </EventData>
</Event>
<Event>
  <System>
    <Provider Name="Microsoft-Windows-Sysmon" Guid="{5770385f-c22a-43e0-bf4c-06f5698ffbd9}"/>
    <EventID>1</EventID>
    <Version>5</Version>
    <Level>4</Level>
    <Task>1</Task>
    <Opcode>0</Opcode>
    <Keywords>0x8000000000000000</Keywords>
    <TimeCreated SystemTime="2026-07-11T08:17:16.3350371Z"/>
    <EventRecordID>420029</EventRecordID>
    <Correlation/>
    <Execution ProcessID="3688" ThreadID="3924"/>
    <Channel>Microsoft-Windows-Sysmon/Operational</Channel>
    <Computer>WIN11-WKS-103.corp.local</Computer>
    <Security UserID="S-1-5-18"/>
  </System>
  <EventData>
    <Data Name="RuleName">-</Data>
    <Data Name="UtcTime">2026-07-11 08:17:16.836</Data>
    <Data Name="ProcessGuid">{4b5f1a2e-001c-668e-1200-000000004b00}</Data>
    <Data Name="ProcessId">9641</Data>
    <Data Name="Image">C:\Windows\System32\mshta.exe</Data>
    <Data Name="FileVersion">10.0.19041.1 (WinBuild.160101.0800)</Data>
    <Data Name="Description">HTML Application Host</Data>
    <Data Name="Product">Microsoft(R) Windows(R) Operating System</Data>
    <Data Name="Company">Microsoft Corporation</Data>
    <Data Name="OriginalFileName">MSHTA.EXE</Data>
    <Data Name="CommandLine">MSHTA.EXE /arg28</Data>
    <Data Name="CurrentDirectory">C:\Users\admin\</Data>
    <Data Name="User">CORP\admin</Data>
    <Data Name="LogonGuid">{4b5f1a2e-3b41-668e-2f6e-0a0000000000}</Data>
    <Data Name="LogonId">0x6e2f6e</Data>
    <Data Name="TerminalSessionId">1</Data>
    <Data Name="IntegrityLevel">System</Data>
    <Data Name="Hashes">SHA256=481FB339258E4D27EB0D1CB7C2B70A3A4419F4FE</Data>
    <Data Name="ParentProcessGuid">{4b5f1a2e-3c9c-668e-0f00-000000004b00}</Data>
    <Data Name="ParentProcessId">7859</Data>
    <Data Name="ParentImage">C:\Program Files\Google\Chrome\Application\chrome.exe</Data>
    <Data Name="ParentCommandLine">"C:\Program Files\Google\Chrome\Application\chrome.exe" </Data>
    <Data Name="ParentUser">CORP\admin</Data>
  </EventData>
</Event>
<Event>
  <System>
    <Provider Name="Microsoft-Windows-Sysmon" Guid="{5770385f-c22a-43e0-bf4c-06f5698ffbd9}"/>
    <EventID>1</EventID>
    <Version>5</Version>
    <Level>4</Level>
    <Task>1</Task>
    <Opcode>0</Opcode>
    <Keywords>0x8000000000000000</Keywords>
    <TimeCreated SystemTime="2026-07-11T08:17:53.8854536Z"/>
    <EventRecordID>420030</EventRecordID>
    <Correlation/>
    <Execution ProcessID="3688" ThreadID="3924"/>
    <Channel>Microsoft-Windows-Sysmon/Operational</Channel>
    <Computer>WIN10-WKS-017.corp.local</Computer>
    <Security UserID="S-1-5-18"/>
  </System>
  <EventData>
    <Data Name="RuleName">-</Data>
    <Data Name="UtcTime">2026-07-11 08:17:53.744</Data>
    <Data Name="ProcessGuid">{4b5f1a2e-001d-668e-1200-000000004b00}</Data>
    <Data Name="ProcessId">4533</Data>
    <Data Name="Image">C:\Windows\System32\certutil.exe</Data>
    <Data Name="FileVersion">10.0.19041.1 (WinBuild.160101.0800)</Data>
    <Data Name="Description">CertUtil Utility</Data>
    <Data Name="Product">Microsoft(R) Windows(R) Operating System</Data>
    <Data Name="Company">Microsoft Corporation</Data>
    <Data Name="OriginalFileName">CertUtil.exe</Data>
    <Data Name="CommandLine">CertUtil.exe /arg29</Data>
    <Data Name="CurrentDirectory">C:\Users\jsmith\</Data>
    <Data Name="User">CORP\jsmith</Data>
    <Data Name="LogonGuid">{4b5f1a2e-3b41-668e-2f6e-0a0000000000}</Data>
    <Data Name="LogonId">0x6e2f6e</Data>
    <Data Name="TerminalSessionId">1</Data>
    <Data Name="IntegrityLevel">High</Data>
    <Data Name="Hashes">SHA256=D3979317DE23F0749D0B7D52B20CF1CB80B2B73A</Data>
    <Data Name="ParentProcessGuid">{4b5f1a2e-3c9c-668e-0f00-000000004b00}</Data>
    <Data Name="ParentProcessId">3449</Data>
    <Data Name="ParentImage">C:\Windows\System32\whoami.exe</Data>
    <Data Name="ParentCommandLine">"C:\Windows\System32\whoami.exe" </Data>
    <Data Name="ParentUser">CORP\jsmith</Data>
  </EventData>
</Event>
<Event>
  <System>
    <Provider Name="Microsoft-Windows-Sysmon" Guid="{5770385f-c22a-43e0-bf4c-06f5698ffbd9}"/>
    <EventID>1</EventID>
    <Version>5</Version>
    <Level>4</Level>
    <Task>1</Task>
    <Opcode>0</Opcode>
    <Keywords>0x8000000000000000</Keywords>
    <TimeCreated SystemTime="2026-07-11T08:18:30.3058117Z"/>
    <EventRecordID>420031</EventRecordID>
    <Correlation/>
    <Execution ProcessID="3688" ThreadID="3924"/>
    <Channel>Microsoft-Windows-Sysmon/Operational</Channel>
    <Computer>WIN11-WKS-103.corp.local</Computer>
    <Security UserID="S-1-5-18"/>
  </System>
  <EventData>
    <Data Name="RuleName">-</Data>
    <Data Name="UtcTime">2026-07-11 08:18:30.490</Data>
    <Data Name="ProcessGuid">{4b5f1a2e-001e-668e-1200-000000004b00}</Data>
    <Data Name="ProcessId">3868</Data>
    <Data Name="Image">C:\Windows\System32\WindowsPowerShell\v1.0\powershell.exe</Data>
    <Data Name="FileVersion">10.0.19041.1 (WinBuild.160101.0800)</Data>
    <Data Name="Description">Windows PowerShell</Data>
    <Data Name="Product">Microsoft(R) Windows(R) Operating System</Data>
    <Data Name="Company">Microsoft Corporation</Data>
    <Data Name="OriginalFileName">PowerShell.EXE</Data>
    <Data Name="CommandLine">PowerShell.EXE /arg30</Data>
    <Data Name="CurrentDirectory">C:\Users\agupta\</Data>
    <Data Name="User">CORP\agupta</Data>
    <Data Name="LogonGuid">{4b5f1a2e-3b41-668e-2f6e-0a0000000000}</Data>
    <Data Name="LogonId">0x6e2f6e</Data>
    <Data Name="TerminalSessionId">1</Data>
    <Data Name="IntegrityLevel">Low</Data>
    <Data Name="Hashes">SHA256=42E196161A9CF8169B1A83BDCECA5FFB82D2D59A</Data>
    <Data Name="ParentProcessGuid">{4b5f1a2e-3c9c-668e-0f00-000000004b00}</Data>
    <Data Name="ParentProcessId">8612</Data>
    <Data Name="ParentImage">C:\Windows\System32\whoami.exe</Data>
    <Data Name="ParentCommandLine">"C:\Windows\System32\whoami.exe" </Data>
    <Data Name="ParentUser">CORP\agupta</Data>
  </EventData>
</Event>
<Event>
  <System>
    <Provider Name="Microsoft-Windows-Sysmon" Guid="{5770385f-c22a-43e0-bf4c-06f5698ffbd9}"/>
    <EventID>1</EventID>
    <Version>5</Version>
    <Level>4</Level>
    <Task>1</Task>
    <Opcode>0</Opcode>
    <Keywords>0x8000000000000000</Keywords>
    <TimeCreated SystemTime="2026-07-11T08:19:07.5897979Z"/>
    <EventRecordID>420032</EventRecordID>
    <Correlation/>
    <Execution ProcessID="3688" ThreadID="3924"/>
    <Channel>Microsoft-Windows-Sysmon/Operational</Channel>
    <Computer>WIN10-WKS-017.corp.local</Computer>
    <Security UserID="S-1-5-18"/>
  </System>
  <EventData>
    <Data Name="RuleName">-</Data>
    <Data Name="UtcTime">2026-07-11 08:19:07.454</Data>
    <Data Name="ProcessGuid">{4b5f1a2e-001f-668e-1200-000000004b00}</Data>
    <Data Name="ProcessId">8305</Data>
    <Data Name="Image">C:\Windows\System32\cmd.exe</Data>
    <Data Name="FileVersion">10.0.19041.1 (WinBuild.160101.0800)</Data>
    <Data Name="Description">Windows Command Processor</Data>
    <Data Name="Product">Microsoft(R) Windows(R) Operating System</Data>
    <Data Name="Company">Microsoft Corporation</Data>
    <Data Name="OriginalFileName">Cmd.Exe</Data>
    <Data Name="CommandLine">"C:\Windows\System32\cmd.exe"</Data>
    <Data Name="CurrentDirectory">C:\Users\agupta\</Data>
    <Data Name="User">CORP\agupta</Data>
    <Data Name="LogonGuid">{4b5f1a2e-3b41-668e-2f6e-0a0000000000}</Data>
    <Data Name="LogonId">0x6e2f6e</Data>
    <Data Name="TerminalSessionId">1</Data>
    <Data Name="IntegrityLevel">Low</Data>
    <Data Name="Hashes">SHA256=E1BD812CB504E1427BBC14EBBE24BCA87305FC38</Data>
    <Data Name="ParentProcessGuid">{4b5f1a2e-3c9c-668e-0f00-000000004b00}</Data>
    <Data Name="ParentProcessId">7981</Data>
    <Data Name="ParentImage">C:\Windows\System32\cmd.exe</Data>
    <Data Name="ParentCommandLine">"C:\Windows\System32\cmd.exe" </Data>
    <Data Name="ParentUser">CORP\agupta</Data>
  </EventData>
</Event>
<Event>
  <System>
    <Provider Name="Microsoft-Windows-Sysmon" Guid="{5770385f-c22a-43e0-bf4c-06f5698ffbd9}"/>
    <EventID>1</EventID>
    <Version>5</Version>
    <Level>4</Level>
    <Task>1</Task>
    <Opcode>0</Opcode>
    <Keywords>0x8000000000000000</Keywords>
    <TimeCreated SystemTime="2026-07-11T08:19:44.1242387Z"/>
    <EventRecordID>420033</EventRecordID>
    <Correlation/>
    <Execution ProcessID="3688" ThreadID="3924"/>
    <Channel>Microsoft-Windows-Sysmon/Operational</Channel>
    <Computer>WIN11-WKS-103.corp.local</Computer>
    <Security UserID="S-1-5-18"/>
  </System>
  <EventData>
    <Data Name="RuleName">-</Data>
    <Data Name="UtcTime">2026-07-11 08:19:44.873</Data>
    <Data Name="ProcessGuid">{4b5f1a2e-0020-668e-1200-000000004b00}</Data>
    <Data Name="ProcessId">9047</Data>
    <Data Name="Image">C:\Program Files\Google\Chrome\Application\chrome.exe</Data>
    <Data Name="FileVersion">10.0.19041.1 (WinBuild.160101.0800)</Data>
    <Data Name="Description">Google Chrome</Data>
    <Data Name="Product">Microsoft(R) Windows(R) Operating System</Data>
    <Data Name="Company">Microsoft Corporation</Data>
    <Data Name="OriginalFileName">chrome.exe</Data>
    <Data Name="CommandLine">"C:\Program Files\Google\Chrome\Application\chrome.exe"</Data>
    <Data Name="CurrentDirectory">C:\Users\rjones\</Data>
    <Data Name="User">CORP\rjones</Data>
    <Data Name="LogonGuid">{4b5f1a2e-3b41-668e-2f6e-0a0000000000}</Data>
    <Data Name="LogonId">0x6e2f6e</Data>
    <Data Name="TerminalSessionId">1</Data>
    <Data Name="IntegrityLevel">Low</Data>
    <Data Name="Hashes">SHA256=E5E2AB29955B73647F0BBE4229CFDD24A2EEB454</Data>
    <Data Name="ParentProcessGuid">{4b5f1a2e-3c9c-668e-0f00-000000004b00}</Data>
    <Data Name="ParentProcessId">4279</Data>
    <Data Name="ParentImage">C:\Windows\System32\mshta.exe</Data>
    <Data Name="ParentCommandLine">"C:\Windows\System32\mshta.exe" </Data>
    <Data Name="ParentUser">CORP\rjones</Data>
  </EventData>
</Event>
<Event>
  <System>
    <Provider Name="Microsoft-Windows-Sysmon" Guid="{5770385f-c22a-43e0-bf4c-06f5698ffbd9}"/>
    <EventID>1</EventID>
    <Version>5</Version>
    <Level>4</Level>
    <Task>1</Task>
    <Opcode>0</Opcode>
    <Keywords>0x8000000000000000</Keywords>
    <TimeCreated SystemTime="2026-07-11T08:20:21.5413349Z"/>
    <EventRecordID>420034</EventRecordID>
    <Correlation/>
    <Execution ProcessID="3688" ThreadID="3924"/>
    <Channel>Microsoft-Windows-Sysmon/Operational</Channel>
    <Computer>WIN10-WKS-042.corp.local</Computer>
    <Security UserID="S-1-5-18"/>
  </System>
  <EventData>
    <Data Name="RuleName">-</Data>
    <Data Name="UtcTime">2026-07-11 08:20:21.165</Data>
    <Data Name="ProcessGuid">{4b5f1a2e-0021-668e-1200-000000004b00}</Data>
    <Data Name="ProcessId">9488</Data>
    <Data Name="Image">C:\Windows\System32\rundll32.exe</Data>
    <Data Name="FileVersion">10.0.19041.1 (WinBuild.160101.0800)</Data>
    <Data Name="Description">Windows host process (Rundll32)</Data>
    <Data Name="Product">Microsoft(R) Windows(R) Operating System</Data>
    <Data Name="Company">Microsoft Corporation</Data>
    <Data Name="OriginalFileName">RUNDLL32.EXE</Data>
    <Data Name="CommandLine">"C:\Windows\System32\rundll32.exe"</Data>
    <Data Name="CurrentDirectory">C:\Users\admin\</Data>
    <Data Name="User">CORP\admin</Data>
    <Data Name="LogonGuid">{4b5f1a2e-3b41-668e-2f6e-0a0000000000}</Data>
    <Data Name="LogonId">0x6e2f6e</Data>
    <Data Name="TerminalSessionId">1</Data>
    <Data Name="IntegrityLevel">High</Data>
    <Data Name="Hashes">SHA256=7B92868492545A102186D0F99F7C9E215EDFE6A4</Data>
    <Data Name="ParentProcessGuid">{4b5f1a2e-3c9c-668e-0f00-000000004b00}</Data>
    <Data Name="ParentProcessId">3507</Data>
    <Data Name="ParentImage">C:\Windows\System32\wscript.exe</Data>
    <Data Name="ParentCommandLine">"C:\Windows\System32\wscript.exe" </Data>
    <Data Name="ParentUser">CORP\admin</Data>
  </EventData>
</Event>
<Event>
  <System>
    <Provider Name="Microsoft-Windows-Sysmon" Guid="{5770385f-c22a-43e0-bf4c-06f5698ffbd9}"/>
    <EventID>3</EventID>
    <Version>5</Version>
    <Level>4</Level>
    <Task>3</Task>
    <Opcode>0</Opcode>
    <Keywords>0x8000000000000000</Keywords>
    <TimeCreated SystemTime="2026-07-11T08:00:05.0266331Z"/>
    <EventRecordID>420151</EventRecordID>
    <Correlation/>
    <Execution ProcessID="3688" ThreadID="3924"/>
    <Channel>Microsoft-Windows-Sysmon/Operational</Channel>
    <Computer>WIN11-WKS-103.corp.local</Computer>
    <Security UserID="S-1-5-18"/>
  </System>
  <EventData>
    <Data Name="UtcTime">2026-07-11 08:00:05.661</Data>
    <Data Name="ProcessGuid">{4b5f1a2e-0000-668e-1300-000000004b00}</Data>
    <Data Name="ProcessId">1033</Data>
    <Data Name="Image">C:\Windows\System32\svchost.exe</Data>
    <Data Name="User">NT AUTHORITY\SYSTEM</Data>
    <Data Name="Protocol">tcp</Data>
    <Data Name="SourceIp">10.0.243.2</Data>
    <Data Name="DestinationIp">93.184.216.34</Data>
    <Data Name="DestinationPort">443</Data>
  </EventData>
</Event>
<Event>
  <System>
    <Provider Name="Microsoft-Windows-Sysmon" Guid="{5770385f-c22a-43e0-bf4c-06f5698ffbd9}"/>
    <EventID>1</EventID>
    <Version>5</Version>
    <Level>4</Level>
    <Task>1</Task>
    <Opcode>0</Opcode>
    <Keywords>0x8000000000000000</Keywords>
    <TimeCreated SystemTime="2026-07-11T08:20:58.5353876Z"/>
    <EventRecordID>420035</EventRecordID>
    <Correlation/>
    <Execution ProcessID="3688" ThreadID="3924"/>
    <Channel>Microsoft-Windows-Sysmon/Operational</Channel>
    <Computer>WIN10-WKS-017.corp.local</Computer>
    <Security UserID="S-1-5-18"/>
  </System>
  <EventData>
    <Data Name="RuleName">-</Data>
    <Data Name="UtcTime">2026-07-11 08:20:58.108</Data>
    <Data Name="ProcessGuid">{4b5f1a2e-0022-668e-1200-000000004b00}</Data>
    <Data Name="ProcessId">3142</Data>
    <Data Name="Image">C:\Windows\System32\svchost.exe</Data>
    <Data Name="FileVersion">10.0.19041.1 (WinBuild.160101.0800)</Data>
    <Data Name="Description">Host Process for Windows Services</Data>
    <Data Name="Product">Microsoft(R) Windows(R) Operating System</Data>
    <Data Name="Company">Microsoft Corporation</Data>
    <Data Name="OriginalFileName">svchost.exe</Data>
    <Data Name="CommandLine">svchost.exe /arg34</Data>
    <Data Name="CurrentDirectory">C:\Users\SYSTEM\</Data>
    <Data Name="User">NT AUTHORITY\SYSTEM</Data>
    <Data Name="LogonGuid">{4b5f1a2e-3b41-668e-2f6e-0a0000000000}</Data>
    <Data Name="LogonId">0x6e2f6e</Data>
    <Data Name="TerminalSessionId">1</Data>
    <Data Name="IntegrityLevel">Low</Data>
    <Data Name="Hashes">SHA256=7E38E74319CD75AA65FEF9F02CE76B119FF903D4</Data>
    <Data Name="ParentProcessGuid">{4b5f1a2e-3c9c-668e-0f00-000000004b00}</Data>
    <Data Name="ParentProcessId">7070</Data>
    <Data Name="ParentImage">C:\Windows\System32\svchost.exe</Data>
    <Data Name="ParentCommandLine">"C:\Windows\System32\svchost.exe" </Data>
    <Data Name="ParentUser">NT AUTHORITY\SYSTEM</Data>
  </EventData>
</Event>
<Event>
  <System>
    <Provider Name="Microsoft-Windows-Sysmon" Guid="{5770385f-c22a-43e0-bf4c-06f5698ffbd9}"/>
    <EventID>1</EventID>
    <Version>5</Version>
    <Level>4</Level>
    <Task>1</Task>
    <Opcode>0</Opcode>
    <Keywords>0x8000000000000000</Keywords>
    <TimeCreated SystemTime="2026-07-11T08:21:35.3265774Z"/>
    <EventRecordID>420036</EventRecordID>
    <Correlation/>
    <Execution ProcessID="3688" ThreadID="3924"/>
    <Channel>Microsoft-Windows-Sysmon/Operational</Channel>
    <Computer>WIN10-WKS-017.corp.local</Computer>
    <Security UserID="S-1-5-18"/>
  </System>
  <EventData>
    <Data Name="RuleName">-</Data>
    <Data Name="UtcTime">2026-07-11 08:21:35.575</Data>
    <Data Name="ProcessGuid">{4b5f1a2e-0023-668e-1200-000000004b00}</Data>
    <Data Name="ProcessId">1741</Data>
    <Data Name="Image">C:\Program Files\Google\Chrome\Application\chrome.exe</Data>
    <Data Name="FileVersion">10.0.19041.1 (WinBuild.160101.0800)</Data>
    <Data Name="Description">Google Chrome</Data>
    <Data Name="Product">Microsoft(R) Windows(R) Operating System</Data>
    <Data Name="Company">Microsoft Corporation</Data>
    <Data Name="OriginalFileName">chrome.exe</Data>
    <Data Name="CommandLine">"C:\Program Files\Google\Chrome\Application\chrome.exe"</Data>
    <Data Name="CurrentDirectory">C:\Users\admin\</Data>
    <Data Name="User">CORP\admin</Data>
    <Data Name="LogonGuid">{4b5f1a2e-3b41-668e-2f6e-0a0000000000}</Data>
    <Data Name="LogonId">0x6e2f6e</Data>
    <Data Name="TerminalSessionId">1</Data>
    <Data Name="IntegrityLevel">System</Data>
    <Data Name="Hashes">SHA256=B92CE8343CBAB46C1114AFE44AA5C9AF9F0BA3D9</Data>
    <Data Name="ParentProcessGuid">{4b5f1a2e-3c9c-668e-0f00-000000004b00}</Data>
    <Data Name="ParentProcessId">7563</Data>
    <Data Name="ParentImage">C:\Windows\System32\svchost.exe</Data>
    <Data Name="ParentCommandLine">"C:\Windows\System32\svchost.exe" </Data>
    <Data Name="ParentUser">CORP\admin</Data>
  </EventData>
</Event>
<Event>
  <System>
    <Provider Name="Microsoft-Windows-Sysmon" Guid="{5770385f-c22a-43e0-bf4c-06f5698ffbd9}"/>
    <EventID>1</EventID>
    <Version>5</Version>
    <Level>4</Level>
    <Task>1</Task>
    <Opcode>0</Opcode>
    <Keywords>0x8000000000000000</Keywords>
    <TimeCreated SystemTime="2026-07-11T08:22:12.8795159Z"/>
    <EventRecordID>420037</EventRecordID>
    <Correlation/>
    <Execution ProcessID="3688" ThreadID="3924"/>
    <Channel>Microsoft-Windows-Sysmon/Operational</Channel>
    <Computer>WIN11-WKS-103.corp.local</Computer>
    <Security UserID="S-1-5-18"/>
  </System>
  <EventData>
    <Data Name="RuleName">-</Data>
    <Data Name="UtcTime">2026-07-11 08:22:12.174</Data>
    <Data Name="ProcessGuid">{4b5f1a2e-0024-668e-1200-000000004b00}</Data>
    <Data Name="ProcessId">4728</Data>
    <Data Name="Image">C:\Windows\System32\whoami.exe</Data>
    <Data Name="FileVersion">10.0.19041.1 (WinBuild.160101.0800)</Data>
    <Data Name="Description">whoami - displays logged on user information</Data>
    <Data Name="Product">Microsoft(R) Windows(R) Operating System</Data>
    <Data Name="Company">Microsoft Corporation</Data>
    <Data Name="OriginalFileName">whoami.exe</Data>
    <Data Name="CommandLine">whoami.exe /arg36</Data>
    <Data Name="CurrentDirectory">C:\Users\mkim\</Data>
    <Data Name="User">CORP\mkim</Data>
    <Data Name="LogonGuid">{4b5f1a2e-3b41-668e-2f6e-0a0000000000}</Data>
    <Data Name="LogonId">0x6e2f6e</Data>
    <Data Name="TerminalSessionId">1</Data>
    <Data Name="IntegrityLevel">Low</Data>
    <Data Name="Hashes">SHA256=C471360EAD4D6DF146AFCA5EAB8F67897996FAFB</Data>
    <Data Name="ParentProcessGuid">{4b5f1a2e-3c9c-668e-0f00-000000004b00}</Data>
    <Data Name="ParentProcessId">1841</Data>
    <Data Name="ParentImage">C:\Windows\System32\certutil.exe</Data>
    <Data Name="ParentCommandLine">"C:\Windows\System32\certutil.exe" </Data>
    <Data Name="ParentUser">CORP\mkim</Data>
  </EventData>
</Event>
<Event>
  <System>
    <Provider Name="Microsoft-Windows-Sysmon" Guid="{5770385f-c22a-43e0-bf4c-06f5698ffbd9}"/>
    <EventID>1</EventID>
    <Version>5</Version>
    <Level>4</Level>
    <Task>1</Task>
    <Opcode>0</Opcode>
    <Keywords>0x8000000000000000</Keywords>
    <TimeCreated SystemTime="2026-07-11T08:22:49.5790398Z"/>
    <EventRecordID>420038</EventRecordID>
    <Correlation/>
    <Execution ProcessID="3688" ThreadID="3924"/>
    <Channel>Microsoft-Windows-Sysmon/Operational</Channel>
    <Computer>WIN11-WKS-103.corp.local</Computer>
    <Security UserID="S-1-5-18"/>
  </System>
  <EventData>
    <Data Name="RuleName">-</Data>
    <Data Name="UtcTime">2026-07-11 08:22:49.404</Data>
    <Data Name="ProcessGuid">{4b5f1a2e-0025-668e-1200-000000004b00}</Data>
    <Data Name="ProcessId">9899</Data>
    <Data Name="Image">C:\Windows\System32\wscript.exe</Data>
    <Data Name="FileVersion">10.0.19041.1 (WinBuild.160101.0800)</Data>
    <Data Name="Description">Microsoft (r) Windows Based Script Host</Data>
    <Data Name="Product">Microsoft(R) Windows(R) Operating System</Data>
    <Data Name="Company">Microsoft Corporation</Data>
    <Data Name="OriginalFileName">WScript.exe</Data>
    <Data Name="CommandLine">WScript.exe /arg37</Data>
    <Data Name="CurrentDirectory">C:\Users\agupta\</Data>
    <Data Name="User">CORP\agupta</Data>
    <Data Name="LogonGuid">{4b5f1a2e-3b41-668e-2f6e-0a0000000000}</Data>
    <Data Name="LogonId">0x6e2f6e</Data>
    <Data Name="TerminalSessionId">1</Data>
    <Data Name="IntegrityLevel">High</Data>
    <Data Name="Hashes">SHA256=49192BE8F6688437717713DAF3405DFF69A91271</Data>
    <Data Name="ParentProcessGuid">{4b5f1a2e-3c9c-668e-0f00-000000004b00}</Data>
    <Data Name="ParentProcessId">7220</Data>
    <Data Name="ParentImage">C:\Program Files\Google\Chrome\Application\chrome.exe</Data>
    <Data Name="ParentCommandLine">"C:\Program Files\Google\Chrome\Application\chrome.exe" </Data>
    <Data Name="ParentUser">CORP\agupta</Data>
  </EventData>
</Event>
<Event>
  <System>
    <Provider Name="Microsoft-Windows-Sysmon" Guid="{5770385f-c22a-43e0-bf4c-06f5698ffbd9}"/>
    <EventID>1</EventID>
    <Version>5</Version>
    <Level>4</Level>
    <Task>1</Task>
    <Opcode>0</Opcode>
    <Keywords>0x8000000000000000</Keywords>
    <TimeCreated SystemTime="2026-07-11T08:23:26.4856449Z"/>
    <EventRecordID>420039</EventRecordID>
    <Correlation/>
    <Execution ProcessID="3688" ThreadID="3924"/>
    <Channel>Microsoft-Windows-Sysmon/Operational</Channel>
    <Computer>WIN10-WKS-042.corp.local</Computer>
    <Security UserID="S-1-5-18"/>
  </System>
  <EventData>
    <Data Name="RuleName">-</Data>
    <Data Name="UtcTime">2026-07-11 08:23:26.766</Data>
    <Data Name="ProcessGuid">{4b5f1a2e-0026-668e-1200-000000004b00}</Data>
    <Data Name="ProcessId">7504</Data>
    <Data Name="Image">C:\Windows\System32\WindowsPowerShell\v1.0\powershell.exe</Data>
    <Data Name="FileVersion">10.0.19041.1 (WinBuild.160101.0800)</Data>
    <Data Name="Description">Windows PowerShell</Data>
    <Data Name="Product">Microsoft(R) Windows(R) Operating System</Data>
    <Data Name="Company">Microsoft Corporation</Data>
    <Data Name="OriginalFileName">PowerShell.EXE</Data>
    <Data Name="CommandLine">"C:\Windows\System32\WindowsPowerShell\v1.0\powershell.exe"</Data>
    <Data Name="CurrentDirectory">C:\Users\admin\</Data>
    <Data Name="User">CORP\admin</Data>
    <Data Name="LogonGuid">{4b5f1a2e-3b41-668e-2f6e-0a0000000000}</Data>
    <Data Name="LogonId">0x6e2f6e</Data>
    <Data Name="TerminalSessionId">1</Data>
    <Data Name="IntegrityLevel">Medium</Data>
    <Data Name="Hashes">SHA256=1093A9EF4E863A5E850A965CDA2C354FA708C7E8</Data>
    <Data Name="ParentProcessGuid">{4b5f1a2e-3c9c-668e-0f00-000000004b00}</Data>
    <Data Name="ParentProcessId">9116</Data>
    <Data Name="ParentImage">C:\Windows\System32\rundll32.exe</Data>
    <Data Name="ParentCommandLine">"C:\Windows\System32\rundll32.exe" </Data>
    <Data Name="ParentUser">CORP\admin</Data>
  </EventData>
</Event>
<Event>
  <System>
    <Provider Name="Microsoft-Windows-Sysmon" Guid="{5770385f-c22a-43e0-bf4c-06f5698ffbd9}"/>
    <EventID>1</EventID>
    <Version>5</Version>
    <Level>4</Level>
    <Task>1</Task>
    <Opcode>0</Opcode>
    <Keywords>0x8000000000000000</Keywords>
    <TimeCreated SystemTime="2026-07-11T08:24:03.7808032Z"/>
    <EventRecordID>420040</EventRecordID>
    <Correlation/>
    <Execution ProcessID="3688" ThreadID="3924"/>
    <Channel>Microsoft-Windows-Sysmon/Operational</Channel>
    <Computer>WIN10-WKS-017.corp.local</Computer>
    <Security UserID="S-1-5-18"/>
  </System>
  <EventData>
    <Data Name="RuleName">-</Data>
    <Data Name="UtcTime">2026-07-11 08:24:03.121</Data>
    <Data Name="ProcessGuid">{4b5f1a2e-0027-668e-1200-000000004b00}</Data>
    <Data Name="ProcessId">6890</Data>
    <Data Name="Image">C:\Windows\System32\svchost.exe</Data>
    <Data Name="FileVersion">10.0.19041.1 (WinBuild.160101.0800)</Data>
    <Data Name="Description">Host Process for Windows Services</Data>
    <Data Name="Product">Microsoft(R) Windows(R) Operating System</Data>
    <Data Name="Company">Microsoft Corporation</Data>
    <Data Name="OriginalFileName">svchost.exe</Data>
    <Data Name="CommandLine">"C:\Windows\System32\svchost.exe"</Data>
    <Data Name="CurrentDirectory">C:\Users\ltefera\</Data>
    <Data Name="User">CORP\ltefera</Data>
    <Data Name="LogonGuid">{4b5f1a2e-3b41-668e-2f6e-0a0000000000}</Data>
    <Data Name="LogonId">0x6e2f6e</Data>
    <Data Name="TerminalSessionId">1</Data>
    <Data Name="IntegrityLevel">High</Data>
    <Data Name="Hashes">SHA256=95C939B774F4EBDF672EB231645AE36F2E1E4DE1</Data>
    <Data Name="ParentProcessGuid">{4b5f1a2e-3c9c-668e-0f00-000000004b00}</Data>
    <Data Name="ParentProcessId">4871</Data>
    <Data Name="ParentImage">C:\Program Files\Google\Chrome\Application\chrome.exe</Data>
    <Data Name="ParentCommandLine">"C:\Program Files\Google\Chrome\Application\chrome.exe" </Data>
    <Data Name="ParentUser">CORP\ltefera</Data>
  </EventData>
</Event>
<Event>
  <System>
    <Provider Name="Microsoft-Windows-Sysmon" Guid="{5770385f-c22a-43e0-bf4c-06f5698ffbd9}"/>
    <EventID>1</EventID>
    <Version>5</Version>
    <Level>4</Level>
    <Task>1</Task>
    <Opcode>0</Opcode>
    <Keywords>0x8000000000000000</Keywords>
    <TimeCreated SystemTime="2026-07-11T08:24:40.3655777Z"/>
    <EventRecordID>420041</EventRecordID>
    <Correlation/>
    <Execution ProcessID="3688" ThreadID="3924"/>
    <Channel>Microsoft-Windows-Sysmon/Operational</Channel>
    <Computer>WIN11-WKS-103.corp.local</Computer>
    <Security UserID="S-1-5-18"/>
  </System>
  <EventData>
    <Data Name="RuleName">-</Data>
    <Data Name="UtcTime">2026-07-11 08:24:40.003</Data>
    <Data Name="ProcessGuid">{4b5f1a2e-0028-668e-1200-000000004b00}</Data>
    <Data Name="ProcessId">1356</Data>
    <Data Name="Image">C:\Windows\System32\wscript.exe</Data>
    <Data Name="FileVersion">10.0.19041.1 (WinBuild.160101.0800)</Data>
    <Data Name="Description">Microsoft (r) Windows Based Script Host</Data>
    <Data Name="Product">Microsoft(R) Windows(R) Operating System</Data>
    <Data Name="Company">Microsoft Corporation</Data>
    <Data Name="OriginalFileName">WScript.exe</Data>
    <Data Name="CommandLine">"C:\Windows\System32\wscript.exe"</Data>
    <Data Name="CurrentDirectory">C:\Users\SYSTEM\</Data>
    <Data Name="User">NT AUTHORITY\SYSTEM</Data>
    <Data Name="LogonGuid">{4b5f1a2e-3b41-668e-2f6e-0a0000000000}</Data>
    <Data Name="LogonId">0x6e2f6e</Data>
    <Data Name="TerminalSessionId">1</Data>
    <Data Name="IntegrityLevel">Low</Data>
    <Data Name="Hashes">SHA256=21DB212F19D54DBCECC24B35C47009EDC77EB486</Data>
    <Data Name="ParentProcessGuid">{4b5f1a2e-3c9c-668e-0f00-000000004b00}</Data>
    <Data Name="ParentProcessId">7487</Data>
    <Data Name="ParentImage">C:\Windows\System32\mshta.exe</Data>
    <Data Name="ParentCommandLine">"C:\Windows\System32\mshta.exe" </Data>
    <Data Name="ParentUser">NT AUTHORITY\SYSTEM</Data>
  </EventData>
</Event>
<Event>
  <System>
    <Provider Name="Microsoft-Windows-Sysmon" Guid="{5770385f-c22a-43e0-bf4c-06f5698ffbd9}"/>
    <EventID>1</EventID>
    <Version>5</Version>
    <Level>4</Level>
    <Task>1</Task>
    <Opcode>0</Opcode>
    <Keywords>0x8000000000000000</Keywords>
    <TimeCreated SystemTime="2026-07-11T08:25:17.9964729Z"/>
    <EventRecordID>420042</EventRecordID>
    <Correlation/>
    <Execution ProcessID="3688" ThreadID="3924"/>
    <Channel>Microsoft-Windows-Sysmon/Operational</Channel>
    <Computer>WIN11-WKS-103.corp.local</Computer>
    <Security UserID="S-1-5-18"/>
  </System>
  <EventData>
    <Data Name="RuleName">-</Data>
    <Data Name="UtcTime">2026-07-11 08:25:17.103</Data>
    <Data Name="ProcessGuid">{4b5f1a2e-0029-668e-1200-000000004b00}</Data>
    <Data Name="ProcessId">1256</Data>
    <Data Name="Image">C:\Windows\System32\cmd.exe</Data>
    <Data Name="FileVersion">10.0.19041.1 (WinBuild.160101.0800)</Data>
    <Data Name="Description">Windows Command Processor</Data>
    <Data Name="Product">Microsoft(R) Windows(R) Operating System</Data>
    <Data Name="Company">Microsoft Corporation</Data>
    <Data Name="OriginalFileName">Cmd.Exe</Data>
    <Data Name="CommandLine">"C:\Windows\System32\cmd.exe"</Data>
    <Data Name="CurrentDirectory">C:\Users\admin\</Data>
    <Data Name="User">CORP\admin</Data>
    <Data Name="LogonGuid">{4b5f1a2e-3b41-668e-2f6e-0a0000000000}</Data>
    <Data Name="LogonId">0x6e2f6e</Data>
    <Data Name="TerminalSessionId">1</Data>
    <Data Name="IntegrityLevel">System</Data>
    <Data Name="Hashes">SHA256=1E171CE761497AA7947D9815DF1BCADD49C5F779</Data>
    <Data Name="ParentProcessGuid">{4b5f1a2e-3c9c-668e-0f00-000000004b00}</Data>
    <Data Name="ParentProcessId">4943</Data>
    <Data Name="ParentImage">C:\Windows\System32\whoami.exe</Data>
    <Data Name="ParentCommandLine">"C:\Windows\System32\whoami.exe" </Data>
    <Data Name="ParentUser">CORP\admin</Data>
  </EventData>
</Event>
<Event>
  <System>
    <Provider Name="Microsoft-Windows-Sysmon" Guid="{5770385f-c22a-43e0-bf4c-06f5698ffbd9}"/>
    <EventID>1</EventID>
    <Version>5</Version>
    <Level>4</Level>
    <Task>1</Task>
    <Opcode>0</Opcode>
    <Keywords>0x8000000000000000</Keywords>
    <TimeCreated SystemTime="2026-07-11T08:25:54.3411424Z"/>
    <EventRecordID>420043</EventRecordID>
    <Correlation/>
    <Execution ProcessID="3688" ThreadID="3924"/>
    <Channel>Microsoft-Windows-Sysmon/Operational</Channel>
    <Computer>WIN10-WKS-017.corp.local</Computer>
    <Security UserID="S-1-5-18"/>
  </System>
  <EventData>
    <Data Name="RuleName">-</Data>
    <Data Name="UtcTime">2026-07-11 08:25:54.261</Data>
    <Data Name="ProcessGuid">{4b5f1a2e-002a-668e-1200-000000004b00}</Data>
    <Data Name="ProcessId">9683</Data>
    <Data Name="Image">C:\Windows\System32\WindowsPowerShell\v1.0\powershell.exe</Data>
    <Data Name="FileVersion">10.0.19041.1 (WinBuild.160101.0800)</Data>
    <Data Name="Description">Windows PowerShell</Data>
    <Data Name="Product">Microsoft(R) Windows(R) Operating System</Data>
    <Data Name="Company">Microsoft Corporation</Data>
    <Data Name="OriginalFileName">PowerShell.EXE</Data>
    <Data Name="CommandLine">"C:\Windows\System32\WindowsPowerShell\v1.0\powershell.exe"</Data>
    <Data Name="CurrentDirectory">C:\Users\jsmith\</Data>
    <Data Name="User">CORP\jsmith</Data>
    <Data Name="LogonGuid">{4b5f1a2e-3b41-668e-2f6e-0a0000000000}</Data>
    <Data Name="LogonId">0x6e2f6e</Data>
    <Data Name="TerminalSessionId">1</Data>
    <Data Name="IntegrityLevel">System</Data>
    <Data Name="Hashes">SHA256=A2EB2618C1266F6A90663F76C7A9CEB98BFE3FA6</Data>
    <Data Name="ParentProcessGuid">{4b5f1a2e-3c9c-668e-0f00-000000004b00}</Data>
    <Data Name="ParentProcessId">3196</Data>
    <Data Name="ParentImage">C:\Windows\System32\mshta.exe</Data>
    <Data Name="ParentCommandLine">"C:\Windows\System32\mshta.exe" </Data>
    <Data Name="ParentUser">CORP\jsmith</Data>
  </EventData>
</Event>
<Event>
  <System>
    <Provider Name="Microsoft-Windows-Sysmon" Guid="{5770385f-c22a-43e0-bf4c-06f5698ffbd9}"/>
    <EventID>3</EventID>
    <Version>5</Version>
    <Level>4</Level>
    <Task>3</Task>
    <Opcode>0</Opcode>
    <Keywords>0x8000000000000000</Keywords>
    <TimeCreated SystemTime="2026-07-11T08:01:36.0160702Z"/>
    <EventRecordID>420152</EventRecordID>
    <Correlation/>
    <Execution ProcessID="3688" ThreadID="3924"/>
    <Channel>Microsoft-Windows-Sysmon/Operational</Channel>
    <Computer>WIN11-WKS-103.corp.local</Computer>
    <Security UserID="S-1-5-18"/>
  </System>
  <EventData>
    <Data Name="UtcTime">2026-07-11 08:01:36.423</Data>
    <Data Name="ProcessGuid">{4b5f1a2e-0001-668e-1300-000000004b00}</Data>
    <Data Name="ProcessId">9011</Data>
    <Data Name="Image">C:\Windows\System32\svchost.exe</Data>
    <Data Name="User">NT AUTHORITY\SYSTEM</Data>
    <Data Name="Protocol">tcp</Data>
    <Data Name="SourceIp">10.0.201.41</Data>
    <Data Name="DestinationIp">93.184.216.34</Data>
    <Data Name="DestinationPort">443</Data>
  </EventData>
</Event>
<Event>
  <System>
    <Provider Name="Microsoft-Windows-Sysmon" Guid="{5770385f-c22a-43e0-bf4c-06f5698ffbd9}"/>
    <EventID>1</EventID>
    <Version>5</Version>
    <Level>4</Level>
    <Task>1</Task>
    <Opcode>0</Opcode>
    <Keywords>0x8000000000000000</Keywords>
    <TimeCreated SystemTime="2026-07-11T08:26:31.9798429Z"/>
    <EventRecordID>420044</EventRecordID>
    <Correlation/>
    <Execution ProcessID="3688" ThreadID="3924"/>
    <Channel>Microsoft-Windows-Sysmon/Operational</Channel>
    <Computer>WIN11-WKS-103.corp.local</Computer>
    <Security UserID="S-1-5-18"/>
  </System>
  <EventData>
    <Data Name="RuleName">-</Data>
    <Data Name="UtcTime">2026-07-11 08:26:31.566</Data>
    <Data Name="ProcessGuid">{4b5f1a2e-002b-668e-1200-000000004b00}</Data>
    <Data Name="ProcessId">4625</Data>
    <Data Name="Image">C:\Windows\System32\svchost.exe</Data>
    <Data Name="FileVersion">10.0.19041.1 (WinBuild.160101.0800)</Data>
    <Data Name="Description">Host Process for Windows Services</Data>
    <Data Name="Product">Microsoft(R) Windows(R) Operating System</Data>
    <Data Name="Company">Microsoft Corporation</Data>
    <Data Name="OriginalFileName">svchost.exe</Data>
    <Data Name="CommandLine">"C:\Windows\System32\svchost.exe"</Data>
    <Data Name="CurrentDirectory">C:\Users\mkim\</Data>
    <Data Name="User">CORP\mkim</Data>
    <Data Name="LogonGuid">{4b5f1a2e-3b41-668e-2f6e-0a0000000000}</Data>
    <Data Name="LogonId">0x6e2f6e</Data>
    <Data Name="TerminalSessionId">1</Data>
    <Data Name="IntegrityLevel">High</Data>
    <Data Name="Hashes">SHA256=D946A7C7FA8FFE5B54F511210D472406EB1FF00D</Data>
    <Data Name="ParentProcessGuid">{4b5f1a2e-3c9c-668e-0f00-000000004b00}</Data>
    <Data Name="ParentProcessId">3390</Data>
    <Data Name="ParentImage">C:\Windows\System32\svchost.exe</Data>
    <Data Name="ParentCommandLine">"C:\Windows\System32\svchost.exe" </Data>
    <Data Name="ParentUser">CORP\mkim</Data>
  </EventData>
</Event>
<Event>
  <System>
    <Provider Name="Microsoft-Windows-Sysmon" Guid="{5770385f-c22a-43e0-bf4c-06f5698ffbd9}"/>
    <EventID>1</EventID>
    <Version>5</Version>
    <Level>4</Level>
    <Task>1</Task>
    <Opcode>0</Opcode>
    <Keywords>0x8000000000000000</Keywords>
    <TimeCreated SystemTime="2026-07-11T08:27:08.7223819Z"/>
    <EventRecordID>420045</EventRecordID>
    <Correlation/>
    <Execution ProcessID="3688" ThreadID="3924"/>
    <Channel>Microsoft-Windows-Sysmon/Operational</Channel>
    <Computer>WIN11-WKS-103.corp.local</Computer>
    <Security UserID="S-1-5-18"/>
  </System>
  <EventData>
    <Data Name="RuleName">-</Data>
    <Data Name="UtcTime">2026-07-11 08:27:08.714</Data>
    <Data Name="ProcessGuid">{4b5f1a2e-002c-668e-1200-000000004b00}</Data>
    <Data Name="ProcessId">5697</Data>
    <Data Name="Image">C:\Windows\System32\whoami.exe</Data>
    <Data Name="FileVersion">10.0.19041.1 (WinBuild.160101.0800)</Data>
    <Data Name="Description">whoami - displays logged on user information</Data>
    <Data Name="Product">Microsoft(R) Windows(R) Operating System</Data>
    <Data Name="Company">Microsoft Corporation</Data>
    <Data Name="OriginalFileName">whoami.exe</Data>
    <Data Name="CommandLine">whoami.exe /arg44</Data>
    <Data Name="CurrentDirectory">C:\Users\ltefera\</Data>
    <Data Name="User">CORP\ltefera</Data>
    <Data Name="LogonGuid">{4b5f1a2e-3b41-668e-2f6e-0a0000000000}</Data>
    <Data Name="LogonId">0x6e2f6e</Data>
    <Data Name="TerminalSessionId">1</Data>
    <Data Name="IntegrityLevel">Low</Data>
    <Data Name="Hashes">SHA256=5334768B8C2BCE779212CCCF1052FDA3176F8128</Data>
    <Data Name="ParentProcessGuid">{4b5f1a2e-3c9c-668e-0f00-000000004b00}</Data>
    <Data Name="ParentProcessId">1280</Data>
    <Data Name="ParentImage">C:\Windows\System32\whoami.exe</Data>
    <Data Name="ParentCommandLine">"C:\Windows\System32\whoami.exe" </Data>
    <Data Name="ParentUser">CORP\ltefera</Data>
  </EventData>
</Event>
<Event>
  <System>
    <Provider Name="Microsoft-Windows-Sysmon" Guid="{5770385f-c22a-43e0-bf4c-06f5698ffbd9}"/>
    <EventID>3</EventID>
    <Version>5</Version>
    <Level>4</Level>
    <Task>3</Task>
    <Opcode>0</Opcode>
    <Keywords>0x8000000000000000</Keywords>
    <TimeCreated SystemTime="2026-07-11T08:21:19.0086558Z"/>
    <EventRecordID>420165</EventRecordID>
    <Correlation/>
    <Execution ProcessID="3688" ThreadID="3924"/>
    <Channel>Microsoft-Windows-Sysmon/Operational</Channel>
    <Computer>WIN10-WKS-017.corp.local</Computer>
    <Security UserID="S-1-5-18"/>
  </System>
  <EventData>
    <Data Name="UtcTime">2026-07-11 08:21:19.342</Data>
    <Data Name="ProcessGuid">{4b5f1a2e-000e-668e-1300-000000004b00}</Data>
    <Data Name="ProcessId">2340</Data>
    <Data Name="Image">C:\Windows\System32\svchost.exe</Data>
    <Data Name="User">NT AUTHORITY\SYSTEM</Data>
    <Data Name="Protocol">tcp</Data>
    <Data Name="SourceIp">10.0.12.115</Data>
    <Data Name="DestinationIp">93.184.216.34</Data>
    <Data Name="DestinationPort">443</Data>
  </EventData>
</Event>
<Event>
  <System>
    <Provider Name="Microsoft-Windows-Sysmon" Guid="{5770385f-c22a-43e0-bf4c-06f5698ffbd9}"/>
    <EventID>1</EventID>
    <Version>5</Version>
    <Level>4</Level>
    <Task>1</Task>
    <Opcode>0</Opcode>
    <Keywords>0x8000000000000000</Keywords>
    <TimeCreated SystemTime="2026-07-11T08:27:45.2419132Z"/>
    <EventRecordID>420046</EventRecordID>
    <Correlation/>
    <Execution ProcessID="3688" ThreadID="3924"/>
    <Channel>Microsoft-Windows-Sysmon/Operational</Channel>
    <Computer>WIN10-WKS-042.corp.local</Computer>
    <Security UserID="S-1-5-18"/>
  </System>
  <EventData>
    <Data Name="RuleName">-</Data>
    <Data Name="UtcTime">2026-07-11 08:27:45.601</Data>
    <Data Name="ProcessGuid">{4b5f1a2e-002d-668e-1200-000000004b00}</Data>
    <Data Name="ProcessId">6152</Data>
    <Data Name="Image">C:\Windows\System32\wscript.exe</Data>
    <Data Name="FileVersion">10.0.19041.1 (WinBuild.160101.0800)</Data>
    <Data Name="Description">Microsoft (r) Windows Based Script Host</Data>
    <Data Name="Product">Microsoft(R) Windows(R) Operating System</Data>
    <Data Name="Company">Microsoft Corporation</Data>
    <Data Name="OriginalFileName">WScript.exe</Data>
    <Data Name="CommandLine">WScript.exe /arg45</Data>
    <Data Name="CurrentDirectory">C:\Users\SYSTEM\</Data>
    <Data Name="User">NT AUTHORITY\SYSTEM</Data>
    <Data Name="LogonGuid">{4b5f1a2e-3b41-668e-2f6e-0a0000000000}</Data>
    <Data Name="LogonId">0x6e2f6e</Data>
    <Data Name="TerminalSessionId">1</Data>
    <Data Name="IntegrityLevel">High</Data>
    <Data Name="Hashes">SHA256=C2957CAC42B13D72ACA08EF7BCD5C2972284C4CA</Data>
    <Data Name="ParentProcessGuid">{4b5f1a2e-3c9c-668e-0f00-000000004b00}</Data>
    <Data Name="ParentProcessId">1256</Data>
    <Data Name="ParentImage">C:\Windows\System32\certutil.exe</Data>
    <Data Name="ParentCommandLine">"C:\Windows\System32\certutil.exe" </Data>
    <Data Name="ParentUser">NT AUTHORITY\SYSTEM</Data>
  </EventData>
</Event>
<Event>
  <System>
    <Provider Name="Microsoft-Windows-Sysmon" Guid="{5770385f-c22a-43e0-bf4c-06f5698ffbd9}"/>
    <EventID>3</EventID>
    <Version>5</Version>
    <Level>4</Level>
    <Task>3</Task>
    <Opcode>0</Opcode>
    <Keywords>0x8000000000000000</Keywords>
    <TimeCreated SystemTime="2026-07-11T08:06:09.7762692Z"/>
    <EventRecordID>420155</EventRecordID>
    <Correlation/>
    <Execution ProcessID="3688" ThreadID="3924"/>
    <Channel>Microsoft-Windows-Sysmon/Operational</Channel>
    <Computer>WIN10-WKS-017.corp.local</Computer>
    <Security UserID="S-1-5-18"/>
  </System>
  <EventData>
    <Data Name="UtcTime">2026-07-11 08:06:09.455</Data>
    <Data Name="ProcessGuid">{4b5f1a2e-0004-668e-1300-000000004b00}</Data>
    <Data Name="ProcessId">1153</Data>
    <Data Name="Image">C:\Windows\System32\svchost.exe</Data>
    <Data Name="User">NT AUTHORITY\SYSTEM</Data>
    <Data Name="Protocol">tcp</Data>
    <Data Name="SourceIp">10.0.113.10</Data>
    <Data Name="DestinationIp">93.184.216.34</Data>
    <Data Name="DestinationPort">443</Data>
  </EventData>
</Event>
