<Event>
  <System>
    <Provider Name="Microsoft-Windows-Sysmon" Guid="{5770385f-c22a-43e0-bf4c-06f5698ffbd9}"/>
    <EventID>1</EventID>
    <Version>5</Version>
    <Level>4</Level>
    <Task>1</Task>
    <Opcode>0</Opcode>
    <Keywords>0x8000000000000000</Keywords>
    <TimeCreated SystemTime="2026-07-11T08:28:22.2223098Z"/>
    <EventRecordID>420047</EventRecordID>
    <Correlation/>
    <Execution ProcessID="3688" ThreadID="3924"/>
    <Channel>Microsoft-Windows-Sysmon/Operational</Channel>
    <Computer>WIN10-WKS-017.corp.local</Computer>
    <Security UserID="S-1-5-18"/>
  </System>
  <EventData>
    <Data Name="RuleName">-</Data>
    <Data Name="UtcTime">2026-07-11 08:28:22.104</Data>
    <Data Name="ProcessGuid">{4b5f1a2e-002e-668e-1200-000000004b00}</Data>
    <Data Name="ProcessId">8286</Data>
    <Data Name="Image">C:\Windows\System32\svchost.exe</Data>
    <Data Name="FileVersion">10.0.19041.1 (WinBuild.160101.0800)</Data>
    <Data Name="Description">Host Process for Windows Services</Data>
    <Data Name="Product">Microsoft(R) Windows(R) Operating System</Data>
    <Data Name="Company">Microsoft Corporation</Data>
    <Data Name="OriginalFileName">svchost.exe</Data>
    <Data Name="CommandLine">svchost.exe /arg46</Data>
    <Data Name="CurrentDirectory">C:\Users\jsmith\</Data>
    <Data Name="User">CORP\jsmith</Data>
    <Data Name="LogonGuid">{4b5f1a2e-3b41-668e-2f6e-0a0000000000}</Data>
    <Data Name="LogonId">0x6e2f6e</Data>
    <Data Name="TerminalSessionId">1</Data>
    <Data Name="IntegrityLevel">High</Data>
    <Data Name="Hashes">SHA256=25DED302B2AC09DC275C54898F425D8D9F2B87F6</Data>
    <Data Name="ParentProcessGuid">{4b5f1a2e-3c9c-668e-0f00-000000004b00}</Data>
    <Data Name="ParentProcessId">6896</Data>
    <Data Name="ParentImage">C:\Windows\System32\cmd.exe</Data>
    <Data Name="ParentCommandLine">"C:\Windows\System32\cmd.exe" </Data>
    <Data Name="ParentUser">CORP\jsmith</Data>
  </EventData>
</Event>
<Event>
  <System>
    <Provider Name="Microsoft-Windows-Sysmon" Guid="{5770385f-c22a-43e0-bf4c-06f5698ffbd9}"/>
    <EventID>1</EventID>
    <Version>5</Version>
    <Level>4</Level>
    <Task>1</Task>
    <Opcode>0</Opcode>
    <Keywords>0x8000000000000000</Keywords>
    <TimeCreated SystemTime="2026-07-11T08:28:59.5528792Z"/>
    <EventRecordID>420048</EventRecordID>
    <Correlation/>
    <Execution ProcessID="3688" ThreadID="3924"/>
    <Channel>Microsoft-Windows-Sysmon/Operational</Channel>
    <Computer>WIN10-WKS-042.corp.local</Computer>
    <Security UserID="S-1-5-18"/>
  </System>
  <EventData>
    <Data Name="RuleName">-</Data>
    <Data Name="UtcTime">2026-07-11 08:28:59.389</Data>
    <Data Name="ProcessGuid">{4b5f1a2e-002f-668e-1200-000000004b00}</Data>
    <Data Name="ProcessId">7483</Data>
    <Data Name="Image">C:\Windows\System32\mshta.exe</Data>
    <Data Name="FileVersion">10.0.19041.1 (WinBuild.160101.0800)</Data>
    <Data Name="Description">HTML Application Host</Data>
    <Data Name="Product">Microsoft(R) Windows(R) Operating System</Data>
    <Data Name="Company">Microsoft Corporation</Data>
    <Data Name="OriginalFileName">MSHTA.EXE</Data>
    <Data Name="CommandLine">MSHTA.EXE /arg47</Data>
    <Data Name="CurrentDirectory">C:\Users\rjones\</Data>
    <Data Name="User">CORP\rjones</Data>
    <Data Name="LogonGuid">{4b5f1a2e-3b41-668e-2f6e-0a0000000000}</Data>
    <Data Name="LogonId">0x6e2f6e</Data>
    <Data Name="TerminalSessionId">1</Data>
    <Data Name="IntegrityLevel">Low</Data>
    <Data Name="Hashes">SHA256=EAD49A6FA5CA9F7AC8CB3650E6E92DF49784DC2E</Data>
    <Data Name="ParentProcessGuid">{4b5f1a2e-3c9c-668e-0f00-000000004b00}</Data>
    <Data Name="ParentProcessId">6443</Data>
    <Data Name="ParentImage">C:\Windows\System32\cmd.exe</Data>
    <Data Name="ParentCommandLine">"C:\Windows\System32\cmd.exe" </Data>
    <Data Name="ParentUser">CORP\rjones</Data>
  </EventData>
</Event>
<Event>
  <System>
    <Provider Name="Microsoft-Windows-Sysmon" Guid="{5770385f-c22a-43e0-bf4c-06f5698ffbd9}"/>
    <EventID>1</EventID>
    <Version>5</Version>
    <Level>4</Level>
    <Task>1</Task>
    <Opcode>0</Opcode>
    <Keywords>0x8000000000000000</Keywords>
    <TimeCreated SystemTime="2026-07-11T08:29:36.6031903Z"/>
    <EventRecordID>420049</EventRecordID>
    <Correlation/>
    <Execution ProcessID="3688" ThreadID="3924"/>
    <Channel>Microsoft-Windows-Sysmon/Operational</Channel>
    <Computer>WIN11-WKS-103.corp.local</Computer>
    <Security UserID="S-1-5-18"/>
  </System>
  <EventData>
    <Data Name="RuleName">-</Data>
    <Data Name="UtcTime">2026-07-11 08:29:36.809</Data>
    <Data Name="ProcessGuid">{4b5f1a2e-0030-668e-1200-000000004b00}</Data>
    <Data Name="ProcessId">9300</Data>
    <Data Name="Image">C:\Windows\System32\certutil.exe</Data>
    <Data Name="FileVersion">10.0.19041.1 (WinBuild.160101.0800)</Data>
    <Data Name="Description">CertUtil Utility</Data>
    <Data Name="Product">Microsoft(R) Windows(R) Operating System</Data>
    <Data Name="Company">Microsoft Corporation</Data>
    <Data Name="OriginalFileName">CertUtil.exe</Data>
    <Data Name="CommandLine">CertUtil.exe /arg48</Data>
    <Data Name="CurrentDirectory">C:\Users\ltefera\</Data>
    <Data Name="User">CORP\ltefera</Data>
    <Data Name="LogonGuid">{4b5f1a2e-3b41-668e-2f6e-0a0000000000}</Data>
    <Data Name="LogonId">0x6e2f6e</Data>
    <Data Name="TerminalSessionId">1</Data>
    <Data Name="IntegrityLevel">System</Data>
    <Data Name="Hashes">SHA256=237B51CAD303877EBCE4B0F39D234B9AE6FBF3EE</Data>
    <Data Name="ParentProcessGuid">{4b5f1a2e-3c9c-668e-0f00-000000004b00}</Data>
    <Data Name="ParentProcessId">7853</Data>
    <Data Name="ParentImage">C:\Windows\System32\mshta.exe</Data>
    <Data Name="ParentCommandLine">"C:\Windows\System32\mshta.exe" </Data>
    <Data Name="ParentUser">CORP\ltefera</Data>
  </EventData>
</Event>
<Event>
  <System>
    <Provider Name="Microsoft-Windows-Sysmon" Guid="{5770385f-c22a-43e0-bf4c-06f5698ffbd9}"/>
    <EventID>1</EventID>
    <Version>5</Version>
    <Level>4</Level>
    <Task>1</Task>
    <Opcode>0</Opcode>
    <Keywords>0x8000000000000000</Keywords>
    <TimeCreated SystemTime="2026-07-11T08:30:13.1834801Z"/>
    <EventRecordID>420050</EventRecordID>
    <Correlation/>
    <Execution ProcessID="3688" ThreadID="3924"/>
    <Channel>Microsoft-Windows-Sysmon/Operational</Channel>
    <Computer>WIN11-WKS-103.corp.local</Computer>
    <Security UserID="S-1-5-18"/>
  </System>
  <EventData>
    <Data Name="RuleName">-</Data>
    <Data Name="UtcTime">2026-07-11 08:30:13.663</Data>
    <Data Name="ProcessGuid">{4b5f1a2e-0031-668e-1200-000000004b00}</Data>
    <Data Name="ProcessId">2885</Data>
    <Data Name="Image">C:\Windows\System32\svchost.exe</Data>
    <Data Name="FileVersion">10.0.19041.1 (WinBuild.160101.0800)</Data>
    <Data Name="Description">Host Process for Windows Services</Data>
    <Data Name="Product">Microsoft(R) Windows(R) Operating System</Data>
    <Data Name="Company">Microsoft Corporation</Data>
    <Data Name="OriginalFileName">svchost.exe</Data>
    <Data Name="CommandLine">svchost.exe /arg49</Data>
    <Data Name="CurrentDirectory">C:\Users\agupta\</Data>
    <Data Name="User">CORP\agupta</Data>
    <Data Name="LogonGuid">{4b5f1a2e-3b41-668e-2f6e-0a0000000000}</Data>
    <Data Name="LogonId">0x6e2f6e</Data>
    <Data Name="TerminalSessionId">1</Data>
    <Data Name="IntegrityLevel">High</Data>
    <Data Name="Hashes">SHA256=5755ADE7C55DC06EDC0668235BA6E38FACC3BBE5</Data>
    <Data Name="ParentProcessGuid">{4b5f1a2e-3c9c-668e-0f00-000000004b00}</Data>
    <Data Name="ParentProcessId">1370</Data>
    <Data Name="ParentImage">C:\Windows\System32\cmd.exe</Data>
    <Data Name="ParentCommandLine">"C:\Windows\System32\cmd.exe" </Data>
    <Data Name="ParentUser">CORP\agupta</Data>
  </EventData>
</Event>
<Event>
  <System>
    <Provider Name="Microsoft-Windows-Sysmon" Guid="{5770385f-c22a-43e0-bf4c-06f5698ffbd9}"/>
    <EventID>1</EventID>
    <Version>5</Version>
    <Level>4</Level>
    <Task>1</Task>
    <Opcode>0</Opcode>
    <Keywords>0x8000000000000000</Keywords>
    <TimeCreated SystemTime="2026-07-11T08:30:50.1962077Z"/>
    <EventRecordID>420051</EventRecordID>
    <Correlation/>
    <Execution ProcessID="3688" ThreadID="3924"/>
    <Channel>Microsoft-Windows-Sysmon/Operational</Channel>
    <Computer>WIN11-WKS-103.corp.local</Computer>
    <Security UserID="S-1-5-18"/>
  </System>
  <EventData>
    <Data Name="RuleName">-</Data>
    <Data Name="UtcTime">2026-07-11 08:30:50.312</Data>
    <Data Name="ProcessGuid">{4b5f1a2e-0032-668e-1200-000000004b00}</Data>
    <Data Name="ProcessId">3194</Data>
    <Data Name="Image">C:\Program Files\Google\Chrome\Application\chrome.exe</Data>
    <Data Name="FileVersion">10.0.19041.1 (WinBuild.160101.0800)</Data>
    <Data Name="Description">Google Chrome</Data>
    <Data Name="Product">Microsoft(R) Windows(R) Operating System</Data>
    <Data Name="Company">Microsoft Corporation</Data>
    <Data Name="OriginalFileName">chrome.exe</Data>
    <Data Name="CommandLine">"C:\Program Files\Google\Chrome\Application\chrome.exe"</Data>
    <Data Name="CurrentDirectory">C:\Users\ltefera\</Data>
    <Data Name="User">CORP\ltefera</Data>
    <Data Name="LogonGuid">{4b5f1a2e-3b41-668e-2f6e-0a0000000000}</Data>
    <Data Name="LogonId">0x6e2f6e</Data>
    <Data Name="TerminalSessionId">1</Data>
    <Data Name="IntegrityLevel">High</Data>
    <Data Name="Hashes">SHA256=5B4CD4CD5F55F945AE1B0F46CFDFDEF520791879</Data>
    <Data Name="ParentProcessGuid">{4b5f1a2e-3c9c-668e-0f00-000000004b00}</Data>
    <Data Name="ParentProcessId">6131</Data>
    <Data Name="ParentImage">C:\Windows\System32\certutil.exe</Data>
    <Data Name="ParentCommandLine">"C:\Windows\System32\certutil.exe" </Data>
    <Data Name="ParentUser">CORP\ltefera</Data>
  </EventData>
</Event>
<Event>
  <System>
    <Provider Name="Microsoft-Windows-Sysmon" Guid="{5770385f-c22a-43e0-bf4c-06f5698ffbd9}"/>
    <EventID>1</EventID>
    <Version>5</Version>
    <Level>4</Level>
    <Task>1</Task>
    <Opcode>0</Opcode>
    <Keywords>0x8000000000000000</Keywords>
    <TimeCreated SystemTime="2026-07-11T08:31:27.9111809Z"/>
    <EventRecordID>420052</EventRecordID>
    <Correlation/>
    <Execution ProcessID="3688" ThreadID="3924"/>
    <Channel>Microsoft-Windows-Sysmon/Operational</Channel>
    <Computer>WIN11-WKS-103.corp.local</Computer>
    <Security UserID="S-1-5-18"/>
  </System>
  <EventData>
    <Data Name="RuleName">-</Data>
    <Data Name="UtcTime">2026-07-11 08:31:27.274</Data>
    <Data Name="ProcessGuid">{4b5f1a2e-0033-668e-1200-000000004b00}</Data>
    <Data Name="ProcessId">9369</Data>
    <Data Name="Image">C:\Windows\System32\WindowsPowerShell\v1.0\powershell.exe</Data>
    <Data Name="FileVersion">10.0.19041.1 (WinBuild.160101.0800)</Data>
    <Data Name="Description">Windows PowerShell</Data>
    <Data Name="Product">Microsoft(R) Windows(R) Operating System</Data>
    <Data Name="Company">Microsoft Corporation</Data>
    <Data Name="OriginalFileName">PowerShell.EXE</Data>
    <Data Name="CommandLine">PowerShell.EXE /arg51</Data>
    <Data Name="CurrentDirectory">C:\Users\ltefera\</Data>
    <Data Name="User">CORP\ltefera</Data>
    <Data Name="LogonGuid">{4b5f1a2e-3b41-668e-2f6e-0a0000000000}</Data>
    <Data Name="LogonId">0x6e2f6e</Data>
    <Data Name="TerminalSessionId">1</Data>
    <Data Name="IntegrityLevel">System</Data>
    <Data Name="Hashes">SHA256=B1E6D3791E8B2E376BD54661B85A99834D184474</Data>
    <Data Name="ParentProcessGuid">{4b5f1a2e-3c9c-668e-0f00-000000004b00}</Data>
    <Data Name="ParentProcessId">2854</Data>
    <Data Name="ParentImage">C:\Windows\System32\mshta.exe</Data>
    <Data Name="ParentCommandLine">"C:\Windows\System32\mshta.exe" </Data>
    <Data Name="ParentUser">CORP\ltefera</Data>
  </EventData>
</Event>
<Event>
  <System>
    <Provider Name="Microsoft-Windows-Sysmon" Guid="{5770385f-c22a-43e0-bf4c-06f5698ffbd9}"/>
    <EventID>1</EventID>
    <Version>5</Version>
    <Level>4</Level>
    <Task>1</Task>
    <Opcode>0</Opcode>
    <Keywords>0x8000000000000000</Keywords>
    <TimeCreated SystemTime="2026-07-11T08:32:04.7583162Z"/>
    <EventRecordID>420053</EventRecordID>
    <Correlation/>
    <Execution ProcessID="3688" ThreadID="3924"/>
    <Channel>Microsoft-Windows-Sysmon/Operational</Channel>
    <Computer>WIN10-WKS-017.corp.local</Computer>
    <Security UserID="S-1-5-18"/>
  </System>
  <EventData>
    <Data Name="RuleName">-</Data>
    <Data Name="UtcTime">2026-07-11 08:32:04.384</Data>
    <Data Name="ProcessGuid">{4b5f1a2e-0034-668e-1200-000000004b00}</Data>
    <Data Name="ProcessId">3329</Data>
    <Data Name="Image">C:\Windows\System32\svchost.exe</Data>
    <Data Name="FileVersion">10.0.19041.1 (WinBuild.160101.0800)</Data>
    <Data Name="Description">Host Process for Windows Services</Data>
    <Data Name="Product">Microsoft(R) Windows(R) Operating System</Data>
    <Data Name="Company">Microsoft Corporation</Data>
    <Data Name="OriginalFileName">svchost.exe</Data>
    <Data Name="CommandLine">svchost.exe /arg52</Data>
    <Data Name="CurrentDirectory">C:\Users\admin\</Data>
    <Data Name="User">CORP\admin</Data>
    <Data Name="LogonGuid">{4b5f1a2e-3b41-668e-2f6e-0a0000000000}</Data>
    <Data Name="LogonId">0x6e2f6e</Data>
    <Data Name="TerminalSessionId">1</Data>
    <Data Name="IntegrityLevel">System</Data>
    <Data Name="Hashes">SHA256=22C8BEFA02EB2C6D6F8A9A4FA113E035EE0D6495</Data>
    <Data Name="ParentProcessGuid">{4b5f1a2e-3c9c-668e-0f00-000000004b00}</Data>
    <Data Name="ParentProcessId">5402</Data>
    <Data Name="ParentImage">C:\Windows\System32\notepad.exe</Data>
    <Data Name="ParentCommandLine">"C:\Windows\System32\notepad.exe" </Data>
    <Data Name="ParentUser">CORP\admin</Data>
  </EventData>
</Event>
<Event>
  <System>
    <Provider Name="Microsoft-Windows-Sysmon" Guid="{5770385f-c22a-43e0-bf4c-06f5698ffbd9}"/>
    <EventID>1</EventID>
    <Version>5</Version>
    <Level>4</Level>
    <Task>1</Task>
    <Opcode>0</Opcode>
    <Keywords>0x8000000000000000</Keywords>
    <TimeCreated SystemTime="2026-07-11T08:32:41.2777050Z"/>
    <EventRecordID>420054</EventRecordID>
    <Correlation/>
    <Execution ProcessID="3688" ThreadID="3924"/>
    <Channel>Microsoft-Windows-Sysmon/Operational</Channel>
    <Computer>WIN10-WKS-017.corp.local</Computer>
    <Security UserID="S-1-5-18"/>
  </System>
  <EventData>
    <Data Name="RuleName">-</Data>
    <Data Name="UtcTime">2026-07-11 08:32:41.664</Data>
    <Data Name="ProcessGuid">{4b5f1a2e-0035-668e-1200-000000004b00}</Data>
    <Data Name="ProcessId">2350</Data>
    <Data Name="Image">C:\Program Files\Google\Chrome\Application\chrome.exe</Data>
    <Data Name="FileVersion">10.0.19041.1 (WinBuild.160101.0800)</Data>
    <Data Name="Description">Google Chrome</Data>
    <Data Name="Product">Microsoft(R) Windows(R) Operating System</Data>
    <Data Name="Company">Microsoft Corporation</Data>
    <Data Name="OriginalFileName">chrome.exe</Data>
    <Data Name="CommandLine">chrome.exe /arg53</Data>
    <Data Name="CurrentDirectory">C:\Users\SYSTEM\</Data>
    <Data Name="User">NT AUTHORITY\SYSTEM</Data>
    <Data Name="LogonGuid">{4b5f1a2e-3b41-668e-2f6e-0a0000000000}</Data>
    <Data Name="LogonId">0x6e2f6e</Data>
    <Data Name="TerminalSessionId">1</Data>
    <Data Name="IntegrityLevel">Low</Data>
    <Data Name="Hashes">SHA256=1C97D2306F247E00A3D4F27C233AB94C44205EB6</Data>
    <Data Name="ParentProcessGuid">{4b5f1a2e-3c9c-668e-0f00-000000004b00}</Data>
    <Data Name="ParentProcessId">7092</Data>
    <Data Name="ParentImage">C:\Windows\System32\cmd.exe</Data>
    <Data Name="ParentCommandLine">"C:\Windows\System32\cmd.exe" </Data>
    <Data Name="ParentUser">NT AUTHORITY\SYSTEM</Data>
  </EventData>
</Event>
<Event>
  <System>
    <Provider Name="Microsoft-Windows-Sysmon" Guid="{5770385f-c22a-43e0-bf4c-06f5698ffbd9}"/>
    <EventID>1</EventID>
    <Version>5</Version>
    <Level>4</Level>
    <Task>1</Task>
    <Opcode>0</Opcode>
    <Keywords>0x8000000000000000</Keywords>
    <TimeCreated SystemTime="2026-07-11T08:33:18.9891408Z"/>
    <EventRecordID>420055</EventRecordID>
    <Correlation/>
    <Execution ProcessID="3688" ThreadID="3924"/>
    <Channel>Microsoft-Windows-Sysmon/Operational</Channel>
    <Computer>WIN10-WKS-042.corp.local</Computer>
    <Security UserID="S-1-5-18"/>
  </System>
  <EventData>
    <Data Name="RuleName">-</Data>
    <Data Name="UtcTime">2026-07-11 08:33:18.126</Data>
    <Data Name="ProcessGuid">{4b5f1a2e-0036-668e-1200-000000004b00}</Data>
    <Data Name="ProcessId">2420</Data>
    <Data Name="Image">C:\Windows\System32\WindowsPowerShell\v1.0\powershell.exe</Data>
    <Data Name="FileVersion">10.0.19041.1 (WinBuild.160101.0800)</Data>
    <Data Name="Description">Windows PowerShell</Data>
    <Data Name="Product">Microsoft(R) Windows(R) Operating System</Data>
    <Data Name="Company">Microsoft Corporation</Data>
    <Data Name="OriginalFileName">PowerShell.EXE</Data>
    <Data Name="CommandLine">"C:\Windows\System32\WindowsPowerShell\v1.0\powershell.exe"</Data>
    <Data Name="CurrentDirectory">C:\Users\ltefera\</Data>
    <Data Name="User">CORP\ltefera</Data>
    <Data Name="LogonGuid">{4b5f1a2e-3b41-668e-2f6e-0a0000000000}</Data>
    <Data Name="LogonId">0x6e2f6e</Data>
    <Data Name="TerminalSessionId">1</Data>
    <Data Name="IntegrityLevel">System</Data>
    <Data Name="Hashes">SHA256=CBDA4782790966C917FC37F20BA4CDB5F2020861</Data>
    <Data Name="ParentProcessGuid">{4b5f1a2e-3c9c-668e-0f00-000000004b00}</Data>
    <Data Name="ParentProcessId">2646</Data>
    <Data Name="ParentImage">C:\Windows\System32\rundll32.exe</Data>
    <Data Name="ParentCommandLine">"C:\Windows\System32\rundll32.exe" </Data>
    <Data Name="ParentUser">CORP\ltefera</Data>
  </EventData>
</Event>
<Event>
  <System>
    <Provider Name="Microsoft-Windows-Sysmon" Guid="{5770385f-c22a-43e0-bf4c-06f5698ffbd9}"/>
    <EventID>1</EventID>
    <Version>5</Version>
    <Level>4</Level>
    <Task>1</Task>
    <Opcode>0</Opcode>
    <Keywords>0x8000000000000000</Keywords>
    <TimeCreated SystemTime="2026-07-11T08:33:55.1382909Z"/>
    <EventRecordID>420056</EventRecordID>
    <Correlation/>
    <Execution ProcessID="3688" ThreadID="3924"/>
    <Channel>Microsoft-Windows-Sysmon/Operational</Channel>
    <Computer>WIN11-WKS-103.corp.local</Computer>
    <Security UserID="S-1-5-18"/>
  </System>
  <EventData>
    <Data Name="RuleName">-</Data>
    <Data Name="UtcTime">2026-07-11 08:33:55.411</Data>
    <Data Name="ProcessGuid">{4b5f1a2e-0037-668e-1200-000000004b00}</Data>
    <Data Name="ProcessId">9209</Data>
    <Data Name="Image">C:\Windows\System32\whoami.exe</Data>
    <Data Name="FileVersion">10.0.19041.1 (WinBuild.160101.0800)</Data>
    <Data Name="Description">whoami - displays logged on user information</Data>
    <Data Name="Product">Microsoft(R) Windows(R) Operating System</Data>
    <Data Name="Company">Microsoft Corporation</Data>
    <Data Name="OriginalFileName">whoami.exe</Data>
    <Data Name="CommandLine">"C:\Windows\System32\whoami.exe"</Data>
    <Data Name="CurrentDirectory">C:\Users\ltefera\</Data>
    <Data Name="User">CORP\ltefera</Data>
    <Data Name="LogonGuid">{4b5f1a2e-3b41-668e-2f6e-0a0000000000}</Data>
    <Data Name="LogonId">0x6e2f6e</Data>
    <Data Name="TerminalSessionId">1</Data>
    <Data Name="IntegrityLevel">Low</Data>
    <Data Name="Hashes">SHA256=4829264AC29D7172D3E19530405FB85B4830AD82</Data>
    <Data Name="ParentProcessGuid">{4b5f1a2e-3c9c-668e-0f00-000000004b00}</Data>
    <Data Name="ParentProcessId">7806</Data>
    <Data Name="ParentImage">C:\Windows\System32\rundll32.exe</Data>
    <Data Name="ParentCommandLine">"C:\Windows\System32\rundll32.exe" </Data>
    <Data Name="ParentUser">CORP\ltefera</Data>
  </EventData>
</Event>
<Event>
  <System>
    <Provider Name="Microsoft-Windows-Sysmon" Guid="{5770385f-c22a-43e0-bf4c-06f5698ffbd9}"/>
    <EventID>1</EventID>
    <Version>5</Version>
    <Level>4</Level>
    <Task>1</Task>
    <Opcode>0</Opcode>
    <Keywords>0x8000000000000000</Keywords>
    <TimeCreated SystemTime="2026-07-11T08:34:32.9510771Z"/>
    <EventRecordID>420057</EventRecordID>
    <Correlation/>
    <Execution ProcessID="3688" ThreadID="3924"/>
    <Channel>Microsoft-Windows-Sysmon/Operational</Channel>
    <Computer>WIN10-WKS-017.corp.local</Computer>
    <Security UserID="S-1-5-18"/>
  </System>
  <EventData>
    <Data Name="RuleName">-</Data>
    <Data Name="UtcTime">2026-07-11 08:34:32.511</Data>
    <Data Name="ProcessGuid">{4b5f1a2e-0038-668e-1200-000000004b00}</Data>
    <Data Name="ProcessId">8457</Data>
    <Data Name="Image">C:\Program Files\Google\Chrome\Application\chrome.exe</Data>
    <Data Name="FileVersion">10.0.19041.1 (WinBuild.160101.0800)</Data>
    <Data Name="Description">Google Chrome</Data>
    <Data Name="Product">Microsoft(R) Windows(R) Operating System</Data>
    <Data Name="Company">Microsoft Corporation</Data>
    <Data Name="OriginalFileName">chrome.exe</Data>
    <Data Name="CommandLine">"C:\Program Files\Google\Chrome\Application\chrome.exe"</Data>
    <Data Name="CurrentDirectory">C:\Users\SYSTEM\</Data>
    <Data Name="User">NT AUTHORITY\SYSTEM</Data>
    <Data Name="LogonGuid">{4b5f1a2e-3b41-668e-2f6e-0a0000000000}</Data>
    <Data Name="LogonId">0x6e2f6e</Data>
    <Data Name="TerminalSessionId">1</Data>
    <Data Name="IntegrityLevel">High</Data>
    <Data Name="Hashes">SHA256=5B5833701071FBC451D7A7DA82B31571C2E99A2E</Data>
    <Data Name="ParentProcessGuid">{4b5f1a2e-3c9c-668e-0f00-000000004b00}</Data>
    <Data Name="ParentProcessId">9368</Data>
    <Data Name="ParentImage">C:\Windows\System32\certutil.exe</Data>
    <Data Name="ParentCommandLine">"C:\Windows\System32\certutil.exe" </Data>
    <Data Name="ParentUser">NT AUTHORITY\SYSTEM</Data>
  </EventData>
</Event>
<Event>
  <System>
    <Provider Name="Microsoft-Windows-Sysmon" Guid="{5770385f-c22a-43e0-bf4c-06f5698ffbd9}"/>
    <EventID>1</EventID>
    <Version>5</Version>
    <Level>4</Level>
    <Task>1</Task>
    <Opcode>0</Opcode>
    <Keywords>0x8000000000000000</Keywords>
    <TimeCreated SystemTime="2026-07-11T08:35:09.8277218Z"/>
    <EventRecordID>420058</EventRecordID>
    <Correlation/>
    <Execution ProcessID="3688" ThreadID="3924"/>
    <Channel>Microsoft-Windows-Sysmon/Operational</Channel>
    <Computer>WIN11-WKS-103.corp.local</Computer>
    <Security UserID="S-1-5-18"/>
  </System>
  <EventData>
    <Data Name="RuleName">-</Data>
    <Data Name="UtcTime">2026-07-11 08:35:09.605</Data>
    <Data Name="ProcessGuid">{4b5f1a2e-0039-668e-1200-000000004b00}</Data>
    <Data Name="ProcessId">5979</Data>
    <Data Name="Image">C:\Windows\System32\whoami.exe</Data>
    <Data Name="FileVersion">10.0.19041.1 (WinBuild.160101.0800)</Data>
    <Data Name="Description">whoami - displays logged on user information</Data>
    <Data Name="Product">Microsoft(R) Windows(R) Operating System</Data>
    <Data Name="Company">Microsoft Corporation</Data>
    <Data Name="OriginalFileName">whoami.exe</Data>
    <Data Name="CommandLine">"C:\Windows\System32\whoami.exe"</Data>
    <Data Name="CurrentDirectory">C:\Users\rjones\</Data>
    <Data Name="User">CORP\rjones</Data>
    <Data Name="LogonGuid">{4b5f1a2e-3b41-668e-2f6e-0a0000000000}</Data>
    <Data Name="LogonId">0x6e2f6e</Data>
    <Data Name="TerminalSessionId">1</Data>
    <Data Name="IntegrityLevel">Low</Data>
    <Data Name="Hashes">SHA256=6740D07B0A0C9367DF148217DBE234C21D4798AC</Data>
    <Data Name="ParentProcessGuid">{4b5f1a2e-3c9c-668e-0f00-000000004b00}</Data>
    <Data Name="ParentProcessId">4974</Data>
    <Data Name="ParentImage">C:\Windows\System32\svchost.exe</Data>
    <Data Name="ParentCommandLine">"C:\Windows\System32\svchost.exe" </Data>
    <Data Name="ParentUser">CORP\rjones</Data>
  </EventData>
</Event>
<Event>
  <System>
    <Provider Name="Microsoft-Windows-Sysmon" Guid="{5770385f-c22a-43e0-bf4c-06f5698ffbd9}"/>
    <EventID>1</EventID>
    <Version>5</Version>
    <Level>4</Level>
    <Task>1</Task>
    <Opcode>0</Opcode>
    <Keywords>0x8000000000000000</Keywords>
    <TimeCreated SystemTime="2026-07-11T08:35:46.9809773Z"/>
    <EventRecordID>420059</EventRecordID>
    <Correlation/>
    <Execution ProcessID="3688" ThreadID="3924"/>
    <Channel>Microsoft-Windows-Sysmon/Operational</Channel>
    <Computer>WIN10-WKS-042.corp.local</Computer>
    <Security UserID="S-1-5-18"/>
  </System>
  <EventData>
    <Data Name="RuleName">-</Data>
    <Data Name="UtcTime">2026-07-11 08:35:46.788</Data>
    <Data Name="ProcessGuid">{4b5f1a2e-003a-668e-1200-000000004b00}</Data>
    <Data Name="ProcessId">2223</Data>
    <Data Name="Image">C:\Windows\System32\svchost.exe</Data>
    <Data Name="FileVersion">10.0.19041.1 (WinBuild.160101.0800)</Data>
    <Data Name="Description">Host Process for Windows Services</Data>
    <Data Name="Product">Microsoft(R) Windows(R) Operating System</Data>
    <Data Name="Company">Microsoft Corporation</Data>
    <Data Name="OriginalFileName">svchost.exe</Data>
    <Data Name="CommandLine">"C:\Windows\System32\svchost.exe"</Data>
    <Data Name="CurrentDirectory">C:\Users\mkim\</Data>
    <Data Name="User">CORP\mkim</Data>
    <Data Name="LogonGuid">{4b5f1a2e-3b41-668e-2f6e-0a0000000000}</Data>
    <Data Name="LogonId">0x6e2f6e</Data>
    <Data Name="TerminalSessionId">1</Data>
    <Data Name="IntegrityLevel">Low</Data>
    <Data Name="Hashes">SHA256=3435EEAD3B6E9E8325916A427BC19850CE73E343</Data>
    <Data Name="ParentProcessGuid">{4b5f1a2e-3c9c-668e-0f00-000000004b00}</Data>
    <Data Name="ParentProcessId">4321</Data>
    <Data Name="ParentImage">C:\Windows\System32\svchost.exe</Data>
    <Data Name="ParentCommandLine">"C:\Windows\System32\svchost.exe" </Data>
    <Data Name="ParentUser">CORP\mkim</Data>
  </EventData>
</Event>
<Event>
  <System>
    <Provider Name="Microsoft-Windows-Sysmon" Guid="{5770385f-c22a-43e0-bf4c-06f5698ffbd9}"/>
    <EventID>1</EventID>
    <Version>5</Version>
    <Level>4</Level>
    <Task>1</Task>
    <Opcode>0</Opcode>
    <Keywords>0x8000000000000000</Keywords>
    <TimeCreated SystemTime="2026-07-11T08:36:23.1409947Z"/>
    <EventRecordID>420060</EventRecordID>
    <Correlation/>
    <Execution ProcessID="3688" ThreadID="3924"/>
    <Channel>Microsoft-Windows-Sysmon/Operational</Channel>
    <Computer>WIN10-WKS-042.corp.local</Computer>
    <Security UserID="S-1-5-18"/>
  </System>
  <EventData>
    <Data Name="RuleName">-</Data>
    <Data Name="UtcTime">2026-07-11 08:36:23.645</Data>
    <Data Name="ProcessGuid">{4b5f1a2e-003b-668e-1200-000000004b00}</Data>
    <Data Name="ProcessId">4246</Data>
    <Data Name="Image">C:\Windows\System32\whoami.exe</Data>
    <Data Name="FileVersion">10.0.19041.1 (WinBuild.160101.0800)</Data>
    <Data Name="Description">whoami - displays logged on user information</Data>
    <Data Name="Product">Microsoft(R) Windows(R) Operating System</Data>
    <Data Name="Company">Microsoft Corporation</Data>
    <Data Name="OriginalFileName">whoami.exe</Data>
    <Data Name="CommandLine">"C:\Windows\System32\whoami.exe"</Data>
    <Data Name="CurrentDirectory">C:\Users\admin\</Data>
    <Data Name="User">CORP\admin</Data>
    <Data Name="LogonGuid">{4b5f1a2e-3b41-668e-2f6e-0a0000000000}</Data>
    <Data Name="LogonId">0x6e2f6e</Data>
    <Data Name="TerminalSessionId">1</Data>
    <Data Name="IntegrityLevel">Medium</Data>
    <Data Name="Hashes">SHA256=82026E42A31E15DCF0CD5B6588E4179FDF128C4D</Data>
    <Data Name="ParentProcessGuid">{4b5f1a2e-3c9c-668e-0f00-000000004b00}</Data>
    <Data Name="ParentProcessId">7563</Data>
    <Data Name="ParentImage">C:\Windows\System32\whoami.exe</Data>
    <Data Name="ParentCommandLine">"C:\Windows\System32\whoami.exe" </Data>
    <Data Name="ParentUser">CORP\admin</Data>
  </EventData>
</Event>
<Event>
  <System>
    <Provider Name="Microsoft-Windows-Sysmon" Guid="{5770385f-c22a-43e0-bf4c-06f5698ffbd9}"/>
    <EventID>1</EventID>
    <Version>5</Version>
    <Level>4</Level>
    <Task>1</Task>
    <Opcode>0</Opcode>
    <Keywords>0x8000000000000000</Keywords>
    <TimeCreated SystemTime="2026-07-11T08:37:00.5771934Z"/>
    <EventRecordID>420061</EventRecordID>
    <Correlation/>
    <Execution ProcessID="3688" ThreadID="3924"/>
    <Channel>Microsoft-Windows-Sysmon/Operational</Channel>
    <Computer>WIN10-WKS-017.corp.local</Computer>
    <Security UserID="S-1-5-18"/>
  </System>
  <EventData>
    <Data Name="RuleName">-</Data>
    <Data Name="UtcTime">2026-07-11 08:37:00.496</Data>
    <Data Name="ProcessGuid">{4b5f1a2e-003c-668e-1200-000000004b00}</Data>
    <Data Name="ProcessId">6883</Data>
    <Data Name="Image">C:\Windows\System32\notepad.exe</Data>
    <Data Name="FileVersion">10.0.19041.1 (WinBuild.160101.0800)</Data>
    <Data Name="Description">Notepad</Data>
    <Data Name="Product">Microsoft(R) Windows(R) Operating System</Data>
    <Data Name="Company">Microsoft Corporation</Data>
    <Data Name="OriginalFileName">NOTEPAD.EXE</Data>
    <Data Name="CommandLine">NOTEPAD.EXE /arg60</Data>
    <Data Name="CurrentDirectory">C:\Users\rjones\</Data>
    <Data Name="User">CORP\rjones</Data>
    <Data Name="LogonGuid">{4b5f1a2e-3b41-668e-2f6e-0a0000000000}</Data>
    <Data Name="LogonId">0x6e2f6e</Data>
    <Data Name="TerminalSessionId">1</Data>
    <Data Name="IntegrityLevel">High</Data>
    <Data Name="Hashes">SHA256=AC850A7081FB75377817CB557AB0B46F95F12177</Data>
    <Data Name="ParentProcessGuid">{4b5f1a2e-3c9c-668e-0f00-000000004b00}</Data>
    <Data Name="ParentProcessId">8859</Data>
    <Data Name="ParentImage">C:\Windows\System32\wscript.exe</Data>
    <Data Name="ParentCommandLine">"C:\Windows\System32\wscript.exe" </Data>
    <Data Name="ParentUser">CORP\rjones</Data>
  </EventData>
</Event>
<Event>
  <System>
    <Provider Name="Microsoft-Windows-Sysmon" Guid="{5770385f-c22a-43e0-bf4c-06f5698ffbd9}"/>
    <EventID>1</EventID>
    <Version>5</Version>
    <Level>4</Level>
    <Task>1</Task>
    <Opcode>0</Opcode>
    <Keywords>0x8000000000000000</Keywords>
    <TimeCreated SystemTime="2026-07-11T08:37:37.5428919Z"/>
    <EventRecordID>420062</EventRecordID>
    <Correlation/>
    <Execution ProcessID="3688" ThreadID="3924"/>
    <Channel>Microsoft-Windows-Sysmon/Operational</Channel>
    <Computer>WIN10-WKS-017.corp.local</Computer>
    <Security UserID="S-1-5-18"/>
  </System>
  <EventData>
    <Data Name="RuleName">-</Data>
    <Data Name="UtcTime">2026-07-11 08:37:37.181</Data>
    <Data Name="ProcessGuid">{4b5f1a2e-003d-668e-1200-000000004b00}</Data>
    <Data Name="ProcessId">4300</Data>
    <Data Name="Image">C:\Windows\System32\whoami.exe</Data>
    <Data Name="FileVersion">10.0.19041.1 (WinBuild.160101.0800)</Data>
    <Data Name="Description">whoami - displays logged on user information</Data>
    <Data Name="Product">Microsoft(R) Windows(R) Operating System</Data>
    <Data Name="Company">Microsoft Corporation</Data>
    <Data Name="OriginalFileName">whoami.exe</Data>
    <Data Name="CommandLine">"C:\Windows\System32\whoami.exe"</Data>
    <Data Name="CurrentDirectory">C:\Users\mkim\</Data>
    <Data Name="User">CORP\mkim</Data>
    <Data Name="LogonGuid">{4b5f1a2e-3b41-668e-2f6e-0a0000000000}</Data>
    <Data Name="LogonId">0x6e2f6e</Data>
    <Data Name="TerminalSessionId">1</Data>
    <Data Name="IntegrityLevel">High</Data>
    <Data Name="Hashes">SHA256=10443B2BC3A9A45DFA5B75C99450C15A73F4A27B</Data>
    <Data Name="ParentProcessGuid">{4b5f1a2e-3c9c-668e-0f00-000000004b00}</Data>
    <Data Name="ParentProcessId">3137</Data>
    <Data Name="ParentImage">C:\Windows\System32\wscript.exe</Data>
    <Data Name="ParentCommandLine">"C:\Windows\System32\wscript.exe" </Data>
    <Data Name="ParentUser">CORP\mkim</Data>
  </EventData>
</Event>
<Event>
  <System>
    <Provider Name="Microsoft-Windows-Sysmon" Guid="{5770385f-c22a-43e0-bf4c-06f5698ffbd9}"/>
    <EventID>3</EventID>
    <Version>5</Version>
    <Level>4</Level>
    <Task>3</Task>
    <Opcode>0</Opcode>
    <Keywords>0x8000000000000000</Keywords>
    <TimeCreated SystemTime="2026-07-11T08:13:44.1091346Z"/>
    <EventRecordID>420160</EventRecordID>
    <Correlation/>
    <Execution ProcessID="3688" ThreadID="3924"/>
    <Channel>Microsoft-Windows-Sysmon/Operational</Channel>
    <Computer>WIN10-WKS-042.corp.local</Computer>
    <Security UserID="S-1-5-18"/>
  </System>
  <EventData>
    <Data Name="UtcTime">2026-07-11 08:13:44.955</Data>
    <Data Name="ProcessGuid">{4b5f1a2e-0009-668e-1300-000000004b00}</Data>
    <Data Name="ProcessId">4734</Data>
    <Data Name="Image">C:\Windows\System32\svchost.exe</Data>
    <Data Name="User">NT AUTHORITY\SYSTEM</Data>
    <Data Name="Protocol">tcp</Data>
    <Data Name="SourceIp">10.0.140.98</Data>
    <Data Name="DestinationIp">93.184.216.34</Data>
    <Data Name="DestinationPort">443</Data>
  </EventData>
</Event>
<Event>
  <System>
    <Provider Name="Microsoft-Windows-Sysmon" Guid="{5770385f-c22a-43e0-bf4c-06f5698ffbd9}"/>
    <EventID>1</EventID>
    <Version>5</Version>
    <Level>4</Level>
    <Task>1</Task>
    <Opcode>0</Opcode>
    <Keywords>0x8000000000000000</Keywords>
    <TimeCreated SystemTime="2026-07-11T08:38:14.4186600Z"/>
    <EventRecordID>420063</EventRecordID>
    <Correlation/>
    <Execution ProcessID="3688" ThreadID="3924"/>
    <Channel>Microsoft-Windows-Sysmon/Operational</Channel>
    <Computer>WIN11-WKS-103.corp.local</Computer>
    <Security UserID="S-1-5-18"/>
  </System>
  <EventData>
    <Data Name="RuleName">-</Data>
    <Data Name="UtcTime">2026-07-11 08:38:14.214</Data>
    <Data Name="ProcessGuid">{4b5f1a2e-003e-668e-1200-000000004b00}</Data>
    <Data Name="ProcessId">6500</Data>
    <Data Name="Image">C:\Windows\System32\svchost.exe</Data>
    <Data Name="FileVersion">10.0.19041.1 (WinBuild.160101.0800)</Data>
    <Data Name="Description">Host Process for Windows Services</Data>
    <Data Name="Product">Microsoft(R) Windows(R) Operating System</Data>
    <Data Name="Company">Microsoft Corporation</Data>
    <Data Name="OriginalFileName">svchost.exe</Data>
    <Data Name="CommandLine">"C:\Windows\System32\svchost.exe"</Data>
    <Data Name="CurrentDirectory">C:\Users\SYSTEM\</Data>
    <Data Name="User">NT AUTHORITY\SYSTEM</Data>
    <Data Name="LogonGuid">{4b5f1a2e-3b41-668e-2f6e-0a0000000000}</Data>
    <Data Name="LogonId">0x6e2f6e</Data>
    <Data Name="TerminalSessionId">1</Data>
    <Data Name="IntegrityLevel">High</Data>
    <Data Name="Hashes">SHA256=2B8301CED5DFCBC3F75E2190A832A5C522AF0D5D</Data>
    <Data Name="ParentProcessGuid">{4b5f1a2e-3c9c-668e-0f00-000000004b00}</Data>
    <Data Name="ParentProcessId">8317</Data>
    <Data Name="ParentImage">C:\Windows\System32\WindowsPowerShell\v1.0\powershell.exe</Data>
    <Data Name="ParentCommandLine">"C:\Windows\System32\WindowsPowerShell\v1.0\powershell.exe" </Data>
    <Data Name="ParentUser">NT AUTHORITY\SYSTEM</Data>
  </EventData>
</Event>
<Event>
  <System>
    <Provider Name="Microsoft-Windows-Sysmon" Guid="{5770385f-c22a-43e0-bf4c-06f5698ffbd9}"/>
    <EventID>1</EventID>
    <Version>5</Version>
    <Level>4</Level>
    <Task>1</Task>
    <Opcode>0</Opcode>
    <Keywords>0x8000000000000000</Keywords>
    <TimeCreated SystemTime="2026-07-11T08:38:51.9061801Z"/>
    <EventRecordID>420064</EventRecordID>
    <Correlation/>
    <Execution ProcessID="3688" ThreadID="3924"/>
    <Channel>Microsoft-Windows-Sysmon/Operational</Channel>
    <Computer>WIN10-WKS-042.corp.local</Computer>
    <Security UserID="S-1-5-18"/>
  </System>
  <EventData>
    <Data Name="RuleName">-</Data>
    <Data Name="UtcTime">2026-07-11 08:38:51.739</Data>
    <Data Name="ProcessGuid">{4b5f1a2e-003f-668e-1200-000000004b00}</Data>
    <Data Name="ProcessId">4112</Data>
    <Data Name="Image">C:\Windows\System32\WindowsPowerShell\v1.0\powershell.exe</Data>
    <Data Name="FileVersion">10.0.19041.1 (WinBuild.160101.0800)</Data>
    <Data Name="Description">Windows PowerShell</Data>
    <Data Name="Product">Microsoft(R) Windows(R) Operating System</Data>
    <Data Name="Company">Microsoft Corporation</Data>
    <Data Name="OriginalFileName">PowerShell.EXE</Data>
    <Data Name="CommandLine">PowerShell.EXE /arg63</Data>
    <Data Name="CurrentDirectory">C:\Users\jsmith\</Data>
    <Data Name="User">CORP\jsmith</Data>
    <Data Name="LogonGuid">{4b5f1a2e-3b41-668e-2f6e-0a0000000000}</Data>
    <Data Name="LogonId">0x6e2f6e</Data>
    <Data Name="TerminalSessionId">1</Data>
    <Data Name="IntegrityLevel">Low</Data>
    <Data Name="Hashes">SHA256=899731CF41B0D29F6306592F39CFF82C5BCB5E18</Data>
    <Data Name="ParentProcessGuid">{4b5f1a2e-3c9c-668e-0f00-000000004b00}</Data>
    <Data Name="ParentProcessId">7705</Data>
    <Data Name="ParentImage">C:\Windows\System32\whoami.exe</Data>
    <Data Name="ParentCommandLine">"C:\Windows\System32\whoami.exe" </Data>
    <Data Name="ParentUser">CORP\jsmith</Data>
  </EventData>
</Event>
<Event>
  <System>
    <Provider Name="Microsoft-Windows-Sysmon" Guid="{5770385f-c22a-43e0-bf4c-06f5698ffbd9}"/>
    <EventID>1</EventID>
    <Version>5</Version>
    <Level>4</Level>
    <Task>1</Task>
    <Opcode>0</Opcode>
    <Keywords>0x8000000000000000</Keywords>
    <TimeCreated SystemTime="2026-07-11T08:39:28.1622400Z"/>
    <EventRecordID>420065</EventRecordID>
    <Correlation/>
    <Execution ProcessID="3688" ThreadID="3924"/>
    <Channel>Microsoft-Windows-Sysmon/Operational</Channel>
    <Computer>WIN10-WKS-017.corp.local</Computer>
    <Security UserID="S-1-5-18"/>
  </System>
  <EventData>
    <Data Name="RuleName">-</Data>
    <Data Name="UtcTime">2026-07-11 08:39:28.683</Data>
    <Data Name="ProcessGuid">{4b5f1a2e-0040-668e-1200-000000004b00}</Data>
    <Data Name="ProcessId">2009</Data>
    <Data Name="Image">C:\Windows\System32\mshta.exe</Data>
    <Data Name="FileVersion">10.0.19041.1 (WinBuild.160101.0800)</Data>
    <Data Name="Description">HTML Application Host</Data>
    <Data Name="Product">Microsoft(R) Windows(R) Operating System</Data>
    <Data Name="Company">Microsoft Corporation</Data>
    <Data Name="OriginalFileName">MSHTA.EXE</Data>
    <Data Name="CommandLine">MSHTA.EXE /arg64</Data>
    <Data Name="CurrentDirectory">C:\Users\agupta\</Data>
    <Data Name="User">CORP\agupta</Data>
    <Data Name="LogonGuid">{4b5f1a2e-3b41-668e-2f6e-0a0000000000}</Data>
    <Data Name="LogonId">0x6e2f6e</Data>
    <Data Name="TerminalSessionId">1</Data>
    <Data Name="IntegrityLevel">Medium</Data>
    <Data Name="Hashes">SHA256=2BD71CDF7F92C143E556641D2D648A22CCA8E0D3</Data>
    <Data Name="ParentProcessGuid">{4b5f1a2e-3c9c-668e-0f00-000000004b00}</Data>
    <Data Name="ParentProcessId">3476</Data>
    <Data Name="ParentImage">C:\Windows\System32\mshta.exe</Data>
    <Data Name="ParentCommandLine">"C:\Windows\System32\mshta.exe" </Data>
    <Data Name="ParentUser">CORP\agupta</Data>
  </EventData>
</Event>
<Event>
  <System>
    <Provider Name="Microsoft-Windows-Sysmon" Guid="{5770385f-c22a-43e0-bf4c-06f5698ffbd9}"/>
    <EventID>3</EventID>
    <Version>5</Version>
    <Level>4</Level>
    <Task>3</Task>
    <Opcode>0</Opcode>
    <Keywords>0x8000000000000000</Keywords>
    <TimeCreated SystemTime="2026-07-11T08:19:48.3767293Z"/>
    <EventRecordID>420164</EventRecordID>
    <Correlation/>
    <Execution ProcessID="3688" ThreadID="3924"/>
    <Channel>Microsoft-Windows-Sysmon/Operational</Channel>
    <Computer>WIN10-WKS-042.corp.local</Computer>
    <Security UserID="S-1-5-18"/>
  </System>
  <EventData>
    <Data Name="UtcTime">2026-07-11 08:19:48.940</Data>
    <Data Name="ProcessGuid">{4b5f1a2e-000d-668e-1300-000000004b00}</Data>
    <Data Name="ProcessId">7882</Data>
    <Data Name="Image">C:\Windows\System32\svchost.exe</Data>
    <Data Name="User">NT AUTHORITY\SYSTEM</Data>
    <Data Name="Protocol">tcp</Data>
    <Data Name="SourceIp">10.0.229.161</Data>
    <Data Name="DestinationIp">93.184.216.34</Data>
    <Data Name="DestinationPort">443</Data>
  </EventData>
</Event>
<Event>
  <System>
    <Provider Name="Microsoft-Windows-Sysmon" Guid="{5770385f-c22a-43e0-bf4c-06f5698ffbd9}"/>
    <EventID>1</EventID>
    <Version>5</Version>
    <Level>4</Level>
    <Task>1</Task>
    <Opcode>0</Opcode>
    <Keywords>0x8000000000000000</Keywords>
    <TimeCreated SystemTime="2026-07-11T08:40:05.5769167Z"/>
    <EventRecordID>420066</EventRecordID>
    <Correlation/>
    <Execution ProcessID="3688" ThreadID="3924"/>
    <Channel>Microsoft-Windows-Sysmon/Operational</Channel>
    <Computer>WIN10-WKS-042.corp.local</Computer>
    <Security UserID="S-1-5-18"/>
  </System>
  <EventData>
    <Data Name="RuleName">-</Data>
    <Data Name="UtcTime">2026-07-11 08:40:05.901</Data>
    <Data Name="ProcessGuid">{4b5f1a2e-0041-668e-1200-000000004b00}</Data>
    <Data Name="ProcessId">2654</Data>
    <Data Name="Image">C:\Windows\System32\rundll32.exe</Data>
    <Data Name="FileVersion">10.0.19041.1 (WinBuild.160101.0800)</Data>
    <Data Name="Description">Windows host process (Rundll32)</Data>
    <Data Name="Product">Microsoft(R) Windows(R) Operating System</Data>
    <Data Name="Company">Microsoft Corporation</Data>
    <Data Name="OriginalFileName">RUNDLL32.EXE</Data>
    <Data Name="CommandLine">RUNDLL32.EXE /arg65</Data>
    <Data Name="CurrentDirectory">C:\Users\rjones\</Data>
    <Data Name="User">CORP\rjones</Data>
    <Data Name="LogonGuid">{4b5f1a2e-3b41-668e-2f6e-0a0000000000}</Data>
    <Data Name="LogonId">0x6e2f6e</Data>
    <Data Name="TerminalSessionId">1</Data>
    <Data Name="IntegrityLevel">High</Data>
    <Data Name="Hashes">SHA256=D8CFF158C4C1CA71F8B0A998F3749EA8D26E6DFB</Data>
    <Data Name="ParentProcessGuid">{4b5f1a2e-3c9c-668e-0f00-000000004b00}</Data>
    <Data Name="ParentProcessId">5687</Data>
    <Data Name="ParentImage">C:\Windows\System32\WindowsPowerShell\v1.0\powershell.exe</Data>
    <Data Name="ParentCommandLine">"C:\Windows\System32\WindowsPowerShell\v1.0\powershell.exe" </Data>
    <Data Name="ParentUser">CORP\rjones</Data>
  </EventData>
</Event>
<Event>
  <System>
    <Provider Name="Microsoft-Windows-Sysmon" Guid="{5770385f-c22a-43e0-bf4c-06f5698ffbd9}"/>
    <EventID>1</EventID>
    <Version>5</Version>
    <Level>4</Level>
    <Task>1</Task>
    <Opcode>0</Opcode>
    <Keywords>0x8000000000000000</Keywords>
    <TimeCreated SystemTime="2026-07-11T08:40:42.8796063Z"/>
    <EventRecordID>420067</EventRecordID>
    <Correlation/>
    <Execution ProcessID="3688" ThreadID="3924"/>
    <Channel>Microsoft-Windows-Sysmon/Operational</Channel>
    <Computer>WIN10-WKS-042.corp.local</Computer>
    <Security UserID="S-1-5-18"/>
  </System>
  <EventData>
    <Data Name="RuleName">-</Data>
    <Data Name="UtcTime">2026-07-11 08:40:42.799</Data>
    <Data Name="ProcessGuid">{4b5f1a2e-0042-668e-1200-000000004b00}</Data>
    <Data Name="ProcessId">6097</Data>
    <Data Name="Image">C:\Windows\System32\whoami.exe</Data>
    <Data Name="FileVersion">10.0.19041.1 (WinBuild.160101.0800)</Data>
    <Data Name="Description">whoami - displays logged on user information</Data>
    <Data Name="Product">Microsoft(R) Windows(R) Operating System</Data>
    <Data Name="Company">Microsoft Corporation</Data>
    <Data Name="OriginalFileName">whoami.exe</Data>
    <Data Name="CommandLine">"C:\Windows\System32\whoami.exe"</Data>
    <Data Name="CurrentDirectory">C:\Users\admin\</Data>
    <Data Name="User">CORP\admin</Data>
    <Data Name="LogonGuid">{4b5f1a2e-3b41-668e-2f6e-0a0000000000}</Data>
    <Data Name="LogonId">0x6e2f6e</Data>
    <Data Name="TerminalSessionId">1</Data>
    <Data Name="IntegrityLevel">Medium</Data>
    <Data Name="Hashes">SHA256=0566171E1B68BEC307BFE5FBB58290C1567768D0</Data>
    <Data Name="ParentProcessGuid">{4b5f1a2e-3c9c-668e-0f00-000000004b00}</Data>
    <Data Name="ParentProcessId">9303</Data>
    <Data Name="ParentImage">C:\Windows\System32\wscript.exe</Data>
    <Data Name="ParentCommandLine">"C:\Windows\System32\wscript.exe" </Data>
    <Data Name="ParentUser">CORP\admin</Data>
  </EventData>
</Event>
<Event>
  <System>
    <Provider Name="Microsoft-Windows-Sysmon" Guid="{5770385f-c22a-43e0-bf4c-06f5698ffbd9}"/>
    <EventID>1</EventID>
    <Version>5</Version>
    <Level>4</Level>
    <Task>1</Task>
    <Opcode>0</Opcode>
    <Keywords>0x8000000000000000</Keywords>
    <TimeCreated SystemTime="2026-07-11T08:41:19.5124763Z"/>
    <EventRecordID>420068</EventRecordID>
    <Correlation/>
    <Execution ProcessID="3688" ThreadID="3924"/>
    <Channel>Microsoft-Windows-Sysmon/Operational</Channel>
    <Computer>WIN11-WKS-103.corp.local</Computer>
    <Security UserID="S-1-5-18"/>
  </System>
  <EventData>
    <Data Name="RuleName">-</Data>
    <Data Name="UtcTime">2026-07-11 08:41:19.824</Data>
    <Data Name="ProcessGuid">{4b5f1a2e-0043-668e-1200-000000004b00}</Data>
    <Data Name="ProcessId">1138</Data>
    <Data Name="Image">C:\Windows\System32\whoami.exe</Data>
    <Data Name="FileVersion">10.0.19041.1 (WinBuild.160101.0800)</Data>
    <Data Name="Description">whoami - displays logged on user information</Data>
    <Data Name="Product">Microsoft(R) Windows(R) Operating System</Data>
    <Data Name="Company">Microsoft Corporation</Data>
    <Data Name="OriginalFileName">whoami.exe</Data>
    <Data Name="CommandLine">"C:\Windows\System32\whoami.exe"</Data>
    <Data Name="CurrentDirectory">C:\Users\rjones\</Data>
    <Data Name="User">CORP\rjones</Data>
    <Data Name="LogonGuid">{4b5f1a2e-3b41-668e-2f6e-0a0000000000}</Data>
    <Data Name="LogonId">0x6e2f6e</Data>
    <Data Name="TerminalSessionId">1</Data>
    <Data Name="IntegrityLevel">Medium</Data>
    <Data Name="Hashes">SHA256=8DCBE86E9C30B993F2A8A8896471CA40F98DCC16</Data>
    <Data Name="ParentProcessGuid">{4b5f1a2e-3c9c-668e-0f00-000000004b00}</Data>
    <Data Name="ParentProcessId">4666</Data>
    <Data Name="ParentImage">C:\Windows\System32\mshta.exe</Data>
    <Data Name="ParentCommandLine">"C:\Windows\System32\mshta.exe" </Data>
    <Data Name="ParentUser">CORP\rjones</Data>
  </EventData>
</Event>
<Event>
  <System>
    <Provider Name="Microsoft-Windows-Sysmon" Guid="{5770385f-c22a-43e0-bf4c-06f5698ffbd9}"/>
    <EventID>1</EventID>
    <Version>5</Version>
    <Level>4</Level>
    <Task>1</Task>
    <Opcode>0</Opcode>
    <Keywords>0x8000000000000000</Keywords>
    <TimeCreated SystemTime="2026-07-11T08:41:56.9365848Z"/>
    <EventRecordID>420069</EventRecordID>
    <Correlation/>
    <Execution ProcessID="3688" ThreadID="3924"/>
    <Channel>Microsoft-Windows-Sysmon/Operational</Channel>
    <Computer>WIN11-WKS-103.corp.local</Computer>
    <Security UserID="S-1-5-18"/>
  </System>
  <EventData>
    <Data Name="RuleName">-</Data>
    <Data Name="UtcTime">2026-07-11 08:41:56.174</Data>
    <Data Name="ProcessGuid">{4b5f1a2e-0044-668e-1200-000000004b00}</Data>
    <Data Name="ProcessId">6873</Data>
    <Data Name="Image">C:\Windows\System32\svchost.exe</Data>
    <Data Name="FileVersion">10.0.19041.1 (WinBuild.160101.0800)</Data>
    <Data Name="Description">Host Process for Windows Services</Data>
    <Data Name="Product">Microsoft(R) Windows(R) Operating System</Data>
    <Data Name="Company">Microsoft Corporation</Data>
    <Data Name="OriginalFileName">svchost.exe</Data>
    <Data Name="CommandLine">"C:\Windows\System32\svchost.exe"</Data>
    <Data Name="CurrentDirectory">C:\Users\SYSTEM\</Data>
    <Data Name="User">NT AUTHORITY\SYSTEM</Data>
    <Data Name="LogonGuid">{4b5f1a2e-3b41-668e-2f6e-0a0000000000}</Data>
    <Data Name="LogonId">0x6e2f6e</Data>
    <Data Name="TerminalSessionId">1</Data>
    <Data Name="IntegrityLevel">System</Data>
    <Data Name="Hashes">SHA256=593F485A27B79DAB89E3F12F63C9D1446ADE4A52</Data>
    <Data Name="ParentProcessGuid">{4b5f1a2e-3c9c-668e-0f00-000000004b00}</Data>
    <Data Name="ParentProcessId">9311</Data>
    <Data Name="ParentImage">C:\Windows\System32\notepad.exe</Data>
    <Data Name="ParentCommandLine">"C:\Windows\System32\notepad.exe" </Data>
    <Data Name="ParentUser">NT AUTHORITY\SYSTEM</Data>
  </EventData>
</Event>
